{"total": {"lines":{"total":3096,"covered":2602,"skipped":0,"pct":84.04},"statements":{"total":3209,"covered":2685,"skipped":0,"pct":83.67},"functions":{"total":929,"covered":763,"skipped":0,"pct":82.13},"branches":{"total":2220,"covered":1676,"skipped":0,"pct":75.49},"branchesTrue":{"total":0,"covered":0,"skipped":0,"pct":100}}
,"/home/runner/work/teacher-wang-app/teacher-wang-app/frontend/src/App.tsx": {"lines":{"total":39,"covered":38,"skipped":0,"pct":97.43},"functions":{"total":15,"covered":14,"skipped":0,"pct":93.33},"statements":{"total":42,"covered":41,"skipped":0,"pct":97.61},"branches":{"total":11,"covered":10,"skipped":0,"pct":90.9}}
,"/home/runner/work/teacher-wang-app/teacher-wang-app/frontend/src/components/AddSuggestedWordsModal.tsx": {"lines":{"total":65,"covered":60,"skipped":0,"pct":92.3},"functions":{"total":25,"covered":24,"skipped":0,"pct":96},"statements":{"total":69,"covered":64,"skipped":0,"pct":92.75},"branches":{"total":31,"covered":21,"skipped":0,"pct":67.74}}
,"/home/runner/work/teacher-wang-app/teacher-wang-app/frontend/src/components/AddWordModal.tsx": {"lines":{"total":45,"covered":44,"skipped":0,"pct":97.77},"functions":{"total":12,"covered":12,"skipped":0,"pct":100},"statements":{"total":46,"covered":45,"skipped":0,"pct":97.82},"branches":{"total":43,"covered":41,"skipped":0,"pct":95.34}}
,"/home/runner/work/teacher-wang-app/teacher-wang-app/frontend/src/components/AnkiConnectGuideModal.tsx": {"lines":{"total":7,"covered":5,"skipped":0,"pct":71.42},"functions":{"total":4,"covered":2,"skipped":0,"pct":50},"statements":{"total":7,"covered":5,"skipped":0,"pct":71.42},"branches":{"total":6,"covered":5,"skipped":0,"pct":83.33}}
,"/home/runner/work/teacher-wang-app/teacher-wang-app/frontend/src/components/AnkiCustomFieldModal.tsx": {"lines":{"total":19,"covered":18,"skipped":0,"pct":94.73},"functions":{"total":6,"covered":6,"skipped":0,"pct":100},"statements":{"total":19,"covered":18,"skipped":0,"pct":94.73},"branches":{"total":6,"covered":5,"skipped":0,"pct":83.33}}
,"/home/runner/work/teacher-wang-app/teacher-wang-app/frontend/src/components/AnkiDeckSetupModal.tsx": {"lines":{"total":169,"covered":126,"skipped":0,"pct":74.55},"functions":{"total":52,"covered":41,"skipped":0,"pct":78.84},"statements":{"total":173,"covered":130,"skipped":0,"pct":75.14},"branches":{"total":119,"covered":88,"skipped":0,"pct":73.94}}
,"/home/runner/work/teacher-wang-app/teacher-wang-app/frontend/src/components/AnkiSyncHelpModal.tsx": {"lines":{"total":4,"covered":4,"skipped":0,"pct":100},"functions":{"total":2,"covered":2,"skipped":0,"pct":100},"statements":{"total":4,"covered":4,"skipped":0,"pct":100},"branches":{"total":2,"covered":2,"skipped":0,"pct":100}}
,"/home/runner/work/teacher-wang-app/teacher-wang-app/frontend/src/components/AnkiSyncModal.tsx": {"lines":{"total":163,"covered":114,"skipped":0,"pct":69.93},"functions":{"total":49,"covered":27,"skipped":0,"pct":55.1},"statements":{"total":167,"covered":116,"skipped":0,"pct":69.46},"branches":{"total":185,"covered":120,"skipped":0,"pct":64.86}}
,"/home/runner/work/teacher-wang-app/teacher-wang-app/frontend/src/components/Banner.tsx": {"lines":{"total":1,"covered":1,"skipped":0,"pct":100},"functions":{"total":1,"covered":1,"skipped":0,"pct":100},"statements":{"total":1,"covered":1,"skipped":0,"pct":100},"branches":{"total":2,"covered":2,"skipped":0,"pct":100}}
,"/home/runner/work/teacher-wang-app/teacher-wang-app/frontend/src/components/Button.tsx": {"lines":{"total":2,"covered":2,"skipped":0,"pct":100},"functions":{"total":1,"covered":1,"skipped":0,"pct":100},"statements":{"total":2,"covered":2,"skipped":0,"pct":100},"branches":{"total":3,"covered":3,"skipped":0,"pct":100}}
,"/home/runner/work/teacher-wang-app/teacher-wang-app/frontend/src/components/ChallengeCard.tsx": {"lines":{"total":3,"covered":3,"skipped":0,"pct":100},"functions":{"total":2,"covered":2,"skipped":0,"pct":100},"statements":{"total":3,"covered":3,"skipped":0,"pct":100},"branches":{"total":9,"covered":9,"skipped":0,"pct":100}}
,"/home/runner/work/teacher-wang-app/teacher-wang-app/frontend/src/components/ChallengeConfetti.tsx": {"lines":{"total":7,"covered":7,"skipped":0,"pct":100},"functions":{"total":4,"covered":4,"skipped":0,"pct":100},"statements":{"total":8,"covered":8,"skipped":0,"pct":100},"branches":{"total":4,"covered":4,"skipped":0,"pct":100}}
,"/home/runner/work/teacher-wang-app/teacher-wang-app/frontend/src/components/ChangePlanModal.tsx": {"lines":{"total":12,"covered":12,"skipped":0,"pct":100},"functions":{"total":4,"covered":4,"skipped":0,"pct":100},"statements":{"total":12,"covered":12,"skipped":0,"pct":100},"branches":{"total":8,"covered":8,"skipped":0,"pct":100}}
,"/home/runner/work/teacher-wang-app/teacher-wang-app/frontend/src/components/CharacterWordsModal.tsx": {"lines":{"total":5,"covered":5,"skipped":0,"pct":100},"functions":{"total":3,"covered":3,"skipped":0,"pct":100},"statements":{"total":5,"covered":5,"skipped":0,"pct":100},"branches":{"total":4,"covered":4,"skipped":0,"pct":100}}
,"/home/runner/work/teacher-wang-app/teacher-wang-app/frontend/src/components/ChatCharacterAvatar.tsx": {"lines":{"total":3,"covered":3,"skipped":0,"pct":100},"functions":{"total":1,"covered":1,"skipped":0,"pct":100},"statements":{"total":3,"covered":3,"skipped":0,"pct":100},"branches":{"total":0,"covered":0,"skipped":0,"pct":100}}
,"/home/runner/work/teacher-wang-app/teacher-wang-app/frontend/src/components/ChatCharacterCard.tsx": {"lines":{"total":2,"covered":2,"skipped":0,"pct":100},"functions":{"total":2,"covered":2,"skipped":0,"pct":100},"statements":{"total":2,"covered":2,"skipped":0,"pct":100},"branches":{"total":0,"covered":0,"skipped":0,"pct":100}}
,"/home/runner/work/teacher-wang-app/teacher-wang-app/frontend/src/components/ChatModal.tsx": {"lines":{"total":187,"covered":162,"skipped":0,"pct":86.63},"functions":{"total":41,"covered":33,"skipped":0,"pct":80.48},"statements":{"total":189,"covered":164,"skipped":0,"pct":86.77},"branches":{"total":185,"covered":147,"skipped":0,"pct":79.45}}
,"/home/runner/work/teacher-wang-app/teacher-wang-app/frontend/src/components/ConfirmModal.tsx": {"lines":{"total":4,"covered":4,"skipped":0,"pct":100},"functions":{"total":2,"covered":2,"skipped":0,"pct":100},"statements":{"total":4,"covered":4,"skipped":0,"pct":100},"branches":{"total":7,"covered":7,"skipped":0,"pct":100}}
,"/home/runner/work/teacher-wang-app/teacher-wang-app/frontend/src/components/GrammarExercises.tsx": {"lines":{"total":140,"covered":136,"skipped":0,"pct":97.14},"functions":{"total":43,"covered":36,"skipped":0,"pct":83.72},"statements":{"total":162,"covered":152,"skipped":0,"pct":93.82},"branches":{"total":141,"covered":126,"skipped":0,"pct":89.36}}
,"/home/runner/work/teacher-wang-app/teacher-wang-app/frontend/src/components/GrammarPointCard.tsx": {"lines":{"total":3,"covered":3,"skipped":0,"pct":100},"functions":{"total":3,"covered":3,"skipped":0,"pct":100},"statements":{"total":3,"covered":3,"skipped":0,"pct":100},"branches":{"total":15,"covered":14,"skipped":0,"pct":93.33}}
,"/home/runner/work/teacher-wang-app/teacher-wang-app/frontend/src/components/HelpButton.tsx": {"lines":{"total":18,"covered":16,"skipped":0,"pct":88.88},"functions":{"total":7,"covered":6,"skipped":0,"pct":85.71},"statements":{"total":19,"covered":17,"skipped":0,"pct":89.47},"branches":{"total":10,"covered":7,"skipped":0,"pct":70}}
,"/home/runner/work/teacher-wang-app/teacher-wang-app/frontend/src/components/KnowledgeBaseInitWizardModal.tsx": {"lines":{"total":145,"covered":122,"skipped":0,"pct":84.13},"functions":{"total":44,"covered":38,"skipped":0,"pct":86.36},"statements":{"total":151,"covered":128,"skipped":0,"pct":84.76},"branches":{"total":78,"covered":56,"skipped":0,"pct":71.79}}
,"/home/runner/work/teacher-wang-app/teacher-wang-app/frontend/src/components/MissingHskCharactersModal.tsx": {"lines":{"total":43,"covered":35,"skipped":0,"pct":81.39},"functions":{"total":14,"covered":11,"skipped":0,"pct":78.57},"statements":{"total":43,"covered":35,"skipped":0,"pct":81.39},"branches":{"total":40,"covered":30,"skipped":0,"pct":75}}
,"/home/runner/work/teacher-wang-app/teacher-wang-app/frontend/src/components/Navbar.tsx": {"lines":{"total":7,"covered":7,"skipped":0,"pct":100},"functions":{"total":3,"covered":3,"skipped":0,"pct":100},"statements":{"total":7,"covered":7,"skipped":0,"pct":100},"branches":{"total":8,"covered":8,"skipped":0,"pct":100}}
,"/home/runner/work/teacher-wang-app/teacher-wang-app/frontend/src/components/Page.tsx": {"lines":{"total":1,"covered":1,"skipped":0,"pct":100},"functions":{"total":1,"covered":1,"skipped":0,"pct":100},"statements":{"total":1,"covered":1,"skipped":0,"pct":100},"branches":{"total":3,"covered":3,"skipped":0,"pct":100}}
,"/home/runner/work/teacher-wang-app/teacher-wang-app/frontend/src/components/PinyinGridView.tsx": {"lines":{"total":50,"covered":46,"skipped":0,"pct":92},"functions":{"total":19,"covered":18,"skipped":0,"pct":94.73},"statements":{"total":52,"covered":48,"skipped":0,"pct":92.3},"branches":{"total":46,"covered":40,"skipped":0,"pct":86.95}}
,"/home/runner/work/teacher-wang-app/teacher-wang-app/frontend/src/components/ProfileMenu.tsx": {"lines":{"total":20,"covered":18,"skipped":0,"pct":90},"functions":{"total":9,"covered":8,"skipped":0,"pct":88.88},"statements":{"total":21,"covered":19,"skipped":0,"pct":90.47},"branches":{"total":13,"covered":11,"skipped":0,"pct":84.61}}
,"/home/runner/work/teacher-wang-app/teacher-wang-app/frontend/src/components/Table.tsx": {"lines":{"total":9,"covered":9,"skipped":0,"pct":100},"functions":{"total":4,"covered":4,"skipped":0,"pct":100},"statements":{"total":9,"covered":9,"skipped":0,"pct":100},"branches":{"total":21,"covered":21,"skipped":0,"pct":100}}
,"/home/runner/work/teacher-wang-app/teacher-wang-app/frontend/src/components/UpdatePlanModal.tsx": {"lines":{"total":5,"covered":5,"skipped":0,"pct":100},"functions":{"total":2,"covered":2,"skipped":0,"pct":100},"statements":{"total":5,"covered":5,"skipped":0,"pct":100},"branches":{"total":2,"covered":2,"skipped":0,"pct":100}}
,"/home/runner/work/teacher-wang-app/teacher-wang-app/frontend/src/components/VocabularyNoteTypeInfoModal.tsx": {"lines":{"total":4,"covered":2,"skipped":0,"pct":50},"functions":{"total":2,"covered":1,"skipped":0,"pct":50},"statements":{"total":4,"covered":2,"skipped":0,"pct":50},"branches":{"total":2,"covered":1,"skipped":0,"pct":50}}
,"/home/runner/work/teacher-wang-app/teacher-wang-app/frontend/src/components/VocabularyThreeDirectionSetupModal.tsx": {"lines":{"total":43,"covered":12,"skipped":0,"pct":27.9},"functions":{"total":20,"covered":2,"skipped":0,"pct":10},"statements":{"total":45,"covered":12,"skipped":0,"pct":26.66},"branches":{"total":16,"covered":3,"skipped":0,"pct":18.75}}
,"/home/runner/work/teacher-wang-app/teacher-wang-app/frontend/src/components/WarningModal.tsx": {"lines":{"total":4,"covered":4,"skipped":0,"pct":100},"functions":{"total":2,"covered":2,"skipped":0,"pct":100},"statements":{"total":4,"covered":4,"skipped":0,"pct":100},"branches":{"total":2,"covered":2,"skipped":0,"pct":100}}
,"/home/runner/work/teacher-wang-app/teacher-wang-app/frontend/src/components/WritingDeckTypeInfoModal.tsx": {"lines":{"total":4,"covered":2,"skipped":0,"pct":50},"functions":{"total":2,"covered":1,"skipped":0,"pct":50},"statements":{"total":4,"covered":2,"skipped":0,"pct":50},"branches":{"total":2,"covered":1,"skipped":0,"pct":50}}
,"/home/runner/work/teacher-wang-app/teacher-wang-app/frontend/src/components/icons.tsx": {"lines":{"total":23,"covered":23,"skipped":0,"pct":100},"functions":{"total":23,"covered":23,"skipped":0,"pct":100},"statements":{"total":23,"covered":23,"skipped":0,"pct":100},"branches":{"total":0,"covered":0,"skipped":0,"pct":100}}
,"/home/runner/work/teacher-wang-app/teacher-wang-app/frontend/src/data/challenges.ts": {"lines":{"total":6,"covered":6,"skipped":0,"pct":100},"functions":{"total":0,"covered":0,"skipped":0,"pct":100},"statements":{"total":6,"covered":6,"skipped":0,"pct":100},"branches":{"total":0,"covered":0,"skipped":0,"pct":100}}
,"/home/runner/work/teacher-wang-app/teacher-wang-app/frontend/src/data/chatCharacters.ts": {"lines":{"total":3,"covered":3,"skipped":0,"pct":100},"functions":{"total":0,"covered":0,"skipped":0,"pct":100},"statements":{"total":3,"covered":3,"skipped":0,"pct":100},"branches":{"total":0,"covered":0,"skipped":0,"pct":100}}
,"/home/runner/work/teacher-wang-app/teacher-wang-app/frontend/src/pages/AdminPage.tsx": {"lines":{"total":72,"covered":68,"skipped":0,"pct":94.44},"functions":{"total":24,"covered":24,"skipped":0,"pct":100},"statements":{"total":75,"covered":71,"skipped":0,"pct":94.66},"branches":{"total":36,"covered":25,"skipped":0,"pct":69.44}}
,"/home/runner/work/teacher-wang-app/teacher-wang-app/frontend/src/pages/ChatPage.tsx": {"lines":{"total":30,"covered":30,"skipped":0,"pct":100},"functions":{"total":15,"covered":15,"skipped":0,"pct":100},"statements":{"total":31,"covered":31,"skipped":0,"pct":100},"branches":{"total":16,"covered":16,"skipped":0,"pct":100}}
,"/home/runner/work/teacher-wang-app/teacher-wang-app/frontend/src/pages/GrammarPage.tsx": {"lines":{"total":61,"covered":59,"skipped":0,"pct":96.72},"functions":{"total":29,"covered":28,"skipped":0,"pct":96.55},"statements":{"total":64,"covered":62,"skipped":0,"pct":96.87},"branches":{"total":42,"covered":35,"skipped":0,"pct":83.33}}
,"/home/runner/work/teacher-wang-app/teacher-wang-app/frontend/src/pages/GrammarPointDetailPage.tsx": {"lines":{"total":41,"covered":39,"skipped":0,"pct":95.12},"functions":{"total":18,"covered":16,"skipped":0,"pct":88.88},"statements":{"total":42,"covered":40,"skipped":0,"pct":95.23},"branches":{"total":40,"covered":34,"skipped":0,"pct":85}}
,"/home/runner/work/teacher-wang-app/teacher-wang-app/frontend/src/pages/HomePage.tsx": {"lines":{"total":45,"covered":39,"skipped":0,"pct":86.66},"functions":{"total":24,"covered":18,"skipped":0,"pct":75},"statements":{"total":52,"covered":46,"skipped":0,"pct":88.46},"branches":{"total":58,"covered":51,"skipped":0,"pct":87.93}}
,"/home/runner/work/teacher-wang-app/teacher-wang-app/frontend/src/pages/KnowledgeBasePage.tsx": {"lines":{"total":165,"covered":127,"skipped":0,"pct":76.96},"functions":{"total":70,"covered":54,"skipped":0,"pct":77.14},"statements":{"total":175,"covered":136,"skipped":0,"pct":77.71},"branches":{"total":101,"covered":65,"skipped":0,"pct":64.35}}
,"/home/runner/work/teacher-wang-app/teacher-wang-app/frontend/src/pages/PreferencesPage.tsx": {"lines":{"total":130,"covered":118,"skipped":0,"pct":90.76},"functions":{"total":47,"covered":41,"skipped":0,"pct":87.23},"statements":{"total":135,"covered":123,"skipped":0,"pct":91.11},"branches":{"total":91,"covered":72,"skipped":0,"pct":79.12}}
,"/home/runner/work/teacher-wang-app/teacher-wang-app/frontend/src/pages/WelcomeAuthPage.tsx": {"lines":{"total":131,"covered":119,"skipped":0,"pct":90.83},"functions":{"total":27,"covered":26,"skipped":0,"pct":96.29},"statements":{"total":131,"covered":119,"skipped":0,"pct":90.83},"branches":{"total":124,"covered":113,"skipped":0,"pct":91.12}}
,"/home/runner/work/teacher-wang-app/teacher-wang-app/frontend/src/store/hooks.ts": {"lines":{"total":2,"covered":2,"skipped":0,"pct":100},"functions":{"total":0,"covered":0,"skipped":0,"pct":100},"statements":{"total":2,"covered":2,"skipped":0,"pct":100},"branches":{"total":0,"covered":0,"skipped":0,"pct":100}}
,"/home/runner/work/teacher-wang-app/teacher-wang-app/frontend/src/store/index.ts": {"lines":{"total":3,"covered":3,"skipped":0,"pct":100},"functions":{"total":1,"covered":1,"skipped":0,"pct":100},"statements":{"total":3,"covered":3,"skipped":0,"pct":100},"branches":{"total":0,"covered":0,"skipped":0,"pct":100}}
,"/home/runner/work/teacher-wang-app/teacher-wang-app/frontend/src/store/slices/ankiSlice.ts": {"lines":{"total":7,"covered":7,"skipped":0,"pct":100},"functions":{"total":4,"covered":4,"skipped":0,"pct":100},"statements":{"total":7,"covered":7,"skipped":0,"pct":100},"branches":{"total":0,"covered":0,"skipped":0,"pct":100}}
,"/home/runner/work/teacher-wang-app/teacher-wang-app/frontend/src/store/slices/challengeProgressSlice.ts": {"lines":{"total":7,"covered":7,"skipped":0,"pct":100},"functions":{"total":4,"covered":4,"skipped":0,"pct":100},"statements":{"total":7,"covered":7,"skipped":0,"pct":100},"branches":{"total":0,"covered":0,"skipped":0,"pct":100}}
,"/home/runner/work/teacher-wang-app/teacher-wang-app/frontend/src/store/slices/charactersSlice.ts": {"lines":{"total":17,"covered":14,"skipped":0,"pct":82.35},"functions":{"total":11,"covered":8,"skipped":0,"pct":72.72},"statements":{"total":18,"covered":14,"skipped":0,"pct":77.77},"branches":{"total":2,"covered":1,"skipped":0,"pct":50}}
,"/home/runner/work/teacher-wang-app/teacher-wang-app/frontend/src/store/slices/grammarSlice.ts": {"lines":{"total":13,"covered":13,"skipped":0,"pct":100},"functions":{"total":8,"covered":8,"skipped":0,"pct":100},"statements":{"total":16,"covered":16,"skipped":0,"pct":100},"branches":{"total":4,"covered":3,"skipped":0,"pct":75}}
,"/home/runner/work/teacher-wang-app/teacher-wang-app/frontend/src/store/slices/hskCharactersSlice.ts": {"lines":{"total":5,"covered":5,"skipped":0,"pct":100},"functions":{"total":3,"covered":3,"skipped":0,"pct":100},"statements":{"total":5,"covered":5,"skipped":0,"pct":100},"branches":{"total":0,"covered":0,"skipped":0,"pct":100}}
,"/home/runner/work/teacher-wang-app/teacher-wang-app/frontend/src/store/slices/hskSlice.ts": {"lines":{"total":7,"covered":6,"skipped":0,"pct":85.71},"functions":{"total":4,"covered":3,"skipped":0,"pct":75},"statements":{"total":7,"covered":6,"skipped":0,"pct":85.71},"branches":{"total":0,"covered":0,"skipped":0,"pct":100}}
,"/home/runner/work/teacher-wang-app/teacher-wang-app/frontend/src/store/slices/syncSlice.ts": {"lines":{"total":11,"covered":9,"skipped":0,"pct":81.81},"functions":{"total":5,"covered":4,"skipped":0,"pct":80},"statements":{"total":11,"covered":9,"skipped":0,"pct":81.81},"branches":{"total":2,"covered":0,"skipped":0,"pct":0}}
,"/home/runner/work/teacher-wang-app/teacher-wang-app/frontend/src/store/slices/wordsSlice.ts": {"lines":{"total":16,"covered":13,"skipped":0,"pct":81.25},"functions":{"total":11,"covered":8,"skipped":0,"pct":72.72},"statements":{"total":18,"covered":14,"skipped":0,"pct":77.77},"branches":{"total":2,"covered":1,"skipped":0,"pct":50}}
,"/home/runner/work/teacher-wang-app/teacher-wang-app/frontend/src/store/thunks/syncAppData.ts": {"lines":{"total":10,"covered":9,"skipped":0,"pct":90},"functions":{"total":2,"covered":1,"skipped":0,"pct":50},"statements":{"total":10,"covered":9,"skipped":0,"pct":90},"branches":{"total":0,"covered":0,"skipped":0,"pct":100}}
,"/home/runner/work/teacher-wang-app/teacher-wang-app/frontend/src/types/adminUser.ts": {"lines":{"total":0,"covered":0,"skipped":0,"pct":0},"functions":{"total":0,"covered":0,"skipped":0,"pct":0},"statements":{"total":0,"covered":0,"skipped":0,"pct":0},"branches":{"total":0,"covered":0,"skipped":0,"pct":0}}
,"/home/runner/work/teacher-wang-app/teacher-wang-app/frontend/src/types/anki.ts": {"lines":{"total":5,"covered":5,"skipped":0,"pct":100},"functions":{"total":0,"covered":0,"skipped":0,"pct":100},"statements":{"total":5,"covered":5,"skipped":0,"pct":100},"branches":{"total":0,"covered":0,"skipped":0,"pct":100}}
,"/home/runner/work/teacher-wang-app/teacher-wang-app/frontend/src/types/challenge.ts": {"lines":{"total":0,"covered":0,"skipped":0,"pct":0},"functions":{"total":0,"covered":0,"skipped":0,"pct":0},"statements":{"total":0,"covered":0,"skipped":0,"pct":0},"branches":{"total":0,"covered":0,"skipped":0,"pct":0}}
,"/home/runner/work/teacher-wang-app/teacher-wang-app/frontend/src/types/character.ts": {"lines":{"total":0,"covered":0,"skipped":0,"pct":0},"functions":{"total":0,"covered":0,"skipped":0,"pct":0},"statements":{"total":0,"covered":0,"skipped":0,"pct":0},"branches":{"total":0,"covered":0,"skipped":0,"pct":0}}
,"/home/runner/work/teacher-wang-app/teacher-wang-app/frontend/src/types/chat.ts": {"lines":{"total":0,"covered":0,"skipped":0,"pct":0},"functions":{"total":0,"covered":0,"skipped":0,"pct":0},"statements":{"total":0,"covered":0,"skipped":0,"pct":0},"branches":{"total":0,"covered":0,"skipped":0,"pct":0}}
,"/home/runner/work/teacher-wang-app/teacher-wang-app/frontend/src/types/grammarPoint.ts": {"lines":{"total":0,"covered":0,"skipped":0,"pct":0},"functions":{"total":0,"covered":0,"skipped":0,"pct":0},"statements":{"total":0,"covered":0,"skipped":0,"pct":0},"branches":{"total":0,"covered":0,"skipped":0,"pct":0}}
,"/home/runner/work/teacher-wang-app/teacher-wang-app/frontend/src/types/hskCharacter.ts": {"lines":{"total":0,"covered":0,"skipped":0,"pct":0},"functions":{"total":0,"covered":0,"skipped":0,"pct":0},"statements":{"total":0,"covered":0,"skipped":0,"pct":0},"branches":{"total":0,"covered":0,"skipped":0,"pct":0}}
,"/home/runner/work/teacher-wang-app/teacher-wang-app/frontend/src/types/hskWord.ts": {"lines":{"total":0,"covered":0,"skipped":0,"pct":0},"functions":{"total":0,"covered":0,"skipped":0,"pct":0},"statements":{"total":0,"covered":0,"skipped":0,"pct":0},"branches":{"total":0,"covered":0,"skipped":0,"pct":0}}
,"/home/runner/work/teacher-wang-app/teacher-wang-app/frontend/src/types/pinyin.ts": {"lines":{"total":76,"covered":71,"skipped":0,"pct":93.42},"functions":{"total":11,"covered":11,"skipped":0,"pct":100},"statements":{"total":77,"covered":72,"skipped":0,"pct":93.5},"branches":{"total":56,"covered":50,"skipped":0,"pct":89.28}}
,"/home/runner/work/teacher-wang-app/teacher-wang-app/frontend/src/types/smartAi.ts": {"lines":{"total":0,"covered":0,"skipped":0,"pct":0},"functions":{"total":0,"covered":0,"skipped":0,"pct":0},"statements":{"total":0,"covered":0,"skipped":0,"pct":0},"branches":{"total":0,"covered":0,"skipped":0,"pct":0}}
,"/home/runner/work/teacher-wang-app/teacher-wang-app/frontend/src/types/tokenUsage.ts": {"lines":{"total":0,"covered":0,"skipped":0,"pct":0},"functions":{"total":0,"covered":0,"skipped":0,"pct":0},"statements":{"total":0,"covered":0,"skipped":0,"pct":0},"branches":{"total":0,"covered":0,"skipped":0,"pct":0}}
,"/home/runner/work/teacher-wang-app/teacher-wang-app/frontend/src/types/word.ts": {"lines":{"total":0,"covered":0,"skipped":0,"pct":0},"functions":{"total":0,"covered":0,"skipped":0,"pct":0},"statements":{"total":0,"covered":0,"skipped":0,"pct":0},"branches":{"total":0,"covered":0,"skipped":0,"pct":0}}
,"/home/runner/work/teacher-wang-app/teacher-wang-app/frontend/src/utils/apiBase.ts": {"lines":{"total":1,"covered":1,"skipped":0,"pct":100},"functions":{"total":0,"covered":0,"skipped":0,"pct":100},"statements":{"total":1,"covered":1,"skipped":0,"pct":100},"branches":{"total":0,"covered":0,"skipped":0,"pct":100}}
,"/home/runner/work/teacher-wang-app/teacher-wang-app/frontend/src/utils/formatMarkdownText.tsx": {"lines":{"total":21,"covered":21,"skipped":0,"pct":100},"functions":{"total":4,"covered":4,"skipped":0,"pct":100},"statements":{"total":21,"covered":21,"skipped":0,"pct":100},"branches":{"total":20,"covered":20,"skipped":0,"pct":100}}
,"/home/runner/work/teacher-wang-app/teacher-wang-app/frontend/src/utils/admin/adminApi.ts": {"lines":{"total":21,"covered":18,"skipped":0,"pct":85.71},"functions":{"total":6,"covered":5,"skipped":0,"pct":83.33},"statements":{"total":21,"covered":18,"skipped":0,"pct":85.71},"branches":{"total":12,"covered":10,"skipped":0,"pct":83.33}}
,"/home/runner/work/teacher-wang-app/teacher-wang-app/frontend/src/utils/aiChat/challengesApi.ts": {"lines":{"total":5,"covered":5,"skipped":0,"pct":100},"functions":{"total":2,"covered":1,"skipped":0,"pct":50},"statements":{"total":6,"covered":5,"skipped":0,"pct":83.33},"branches":{"total":4,"covered":4,"skipped":0,"pct":100}}
,"/home/runner/work/teacher-wang-app/teacher-wang-app/frontend/src/utils/aiChat/chatApi.ts": {"lines":{"total":24,"covered":20,"skipped":0,"pct":83.33},"functions":{"total":7,"covered":4,"skipped":0,"pct":57.14},"statements":{"total":27,"covered":20,"skipped":0,"pct":74.07},"branches":{"total":20,"covered":14,"skipped":0,"pct":70}}
,"/home/runner/work/teacher-wang-app/teacher-wang-app/frontend/src/utils/aiChat/chatContextWindow.ts": {"lines":{"total":19,"covered":17,"skipped":0,"pct":89.47},"functions":{"total":4,"covered":4,"skipped":0,"pct":100},"statements":{"total":20,"covered":18,"skipped":0,"pct":90},"branches":{"total":12,"covered":11,"skipped":0,"pct":91.66}}
,"/home/runner/work/teacher-wang-app/teacher-wang-app/frontend/src/utils/aiChat/smartAiApi.ts": {"lines":{"total":8,"covered":8,"skipped":0,"pct":100},"functions":{"total":2,"covered":2,"skipped":0,"pct":100},"statements":{"total":8,"covered":8,"skipped":0,"pct":100},"branches":{"total":4,"covered":4,"skipped":0,"pct":100}}
,"/home/runner/work/teacher-wang-app/teacher-wang-app/frontend/src/utils/aiChat/stageDirection.ts": {"lines":{"total":22,"covered":22,"skipped":0,"pct":100},"functions":{"total":4,"covered":4,"skipped":0,"pct":100},"statements":{"total":22,"covered":22,"skipped":0,"pct":100},"branches":{"total":14,"covered":11,"skipped":0,"pct":78.57}}
,"/home/runner/work/teacher-wang-app/teacher-wang-app/frontend/src/utils/aiChat/tokenUsageApi.ts": {"lines":{"total":4,"covered":3,"skipped":0,"pct":75},"functions":{"total":1,"covered":1,"skipped":0,"pct":100},"statements":{"total":4,"covered":3,"skipped":0,"pct":75},"branches":{"total":2,"covered":1,"skipped":0,"pct":50}}
,"/home/runner/work/teacher-wang-app/teacher-wang-app/frontend/src/utils/anki/ankiApi.ts": {"lines":{"total":0,"covered":0,"skipped":0,"pct":0},"functions":{"total":0,"covered":0,"skipped":0,"pct":0},"statements":{"total":0,"covered":0,"skipped":0,"pct":0},"branches":{"total":0,"covered":0,"skipped":0,"pct":0}}
,"/home/runner/work/teacher-wang-app/teacher-wang-app/frontend/src/utils/anki/ankiConnect.ts": {"lines":{"total":91,"covered":34,"skipped":0,"pct":37.36},"functions":{"total":21,"covered":6,"skipped":0,"pct":28.57},"statements":{"total":93,"covered":34,"skipped":0,"pct":36.55},"branches":{"total":64,"covered":18,"skipped":0,"pct":28.12}}
,"/home/runner/work/teacher-wang-app/teacher-wang-app/frontend/src/utils/anki/ankiDbClient.ts": {"lines":{"total":32,"covered":17,"skipped":0,"pct":53.12},"functions":{"total":6,"covered":5,"skipped":0,"pct":83.33},"statements":{"total":32,"covered":17,"skipped":0,"pct":53.12},"branches":{"total":31,"covered":7,"skipped":0,"pct":22.58}}
,"/home/runner/work/teacher-wang-app/teacher-wang-app/frontend/src/utils/anki/ankiHelpers.ts": {"lines":{"total":8,"covered":8,"skipped":0,"pct":100},"functions":{"total":4,"covered":3,"skipped":0,"pct":75},"statements":{"total":9,"covered":8,"skipped":0,"pct":88.88},"branches":{"total":13,"covered":12,"skipped":0,"pct":92.3}}
,"/home/runner/work/teacher-wang-app/teacher-wang-app/frontend/src/utils/anki/ankiNotes.ts": {"lines":{"total":20,"covered":18,"skipped":0,"pct":90},"functions":{"total":4,"covered":4,"skipped":0,"pct":100},"statements":{"total":21,"covered":19,"skipped":0,"pct":90.47},"branches":{"total":20,"covered":11,"skipped":0,"pct":55}}
,"/home/runner/work/teacher-wang-app/teacher-wang-app/frontend/src/utils/anki/ankiPull.ts": {"lines":{"total":99,"covered":94,"skipped":0,"pct":94.94},"functions":{"total":10,"covered":10,"skipped":0,"pct":100},"statements":{"total":102,"covered":97,"skipped":0,"pct":95.09},"branches":{"total":69,"covered":56,"skipped":0,"pct":81.15}}
,"/home/runner/work/teacher-wang-app/teacher-wang-app/frontend/src/utils/anki/ankiSetup.ts": {"lines":{"total":50,"covered":36,"skipped":0,"pct":72},"functions":{"total":6,"covered":5,"skipped":0,"pct":83.33},"statements":{"total":50,"covered":36,"skipped":0,"pct":72},"branches":{"total":30,"covered":15,"skipped":0,"pct":50}}
,"/home/runner/work/teacher-wang-app/teacher-wang-app/frontend/src/utils/anki/ankiSync.ts": {"lines":{"total":150,"covered":95,"skipped":0,"pct":63.33},"functions":{"total":23,"covered":11,"skipped":0,"pct":47.82},"statements":{"total":160,"covered":96,"skipped":0,"pct":60},"branches":{"total":98,"covered":51,"skipped":0,"pct":52.04}}
,"/home/runner/work/teacher-wang-app/teacher-wang-app/frontend/src/utils/anki/ankiVocabularySetup.ts": {"lines":{"total":32,"covered":30,"skipped":0,"pct":93.75},"functions":{"total":4,"covered":4,"skipped":0,"pct":100},"statements":{"total":32,"covered":30,"skipped":0,"pct":93.75},"branches":{"total":14,"covered":12,"skipped":0,"pct":85.71}}
,"/home/runner/work/teacher-wang-app/teacher-wang-app/frontend/src/utils/auth/apiFetch.ts": {"lines":{"total":24,"covered":24,"skipped":0,"pct":100},"functions":{"total":5,"covered":5,"skipped":0,"pct":100},"statements":{"total":24,"covered":24,"skipped":0,"pct":100},"branches":{"total":11,"covered":10,"skipped":0,"pct":90.9}}
,"/home/runner/work/teacher-wang-app/teacher-wang-app/frontend/src/utils/auth/cognitoAuth.ts": {"lines":{"total":35,"covered":28,"skipped":0,"pct":80},"functions":{"total":7,"covered":6,"skipped":0,"pct":85.71},"statements":{"total":35,"covered":28,"skipped":0,"pct":80},"branches":{"total":20,"covered":13,"skipped":0,"pct":65}}
,"/home/runner/work/teacher-wang-app/teacher-wang-app/frontend/src/utils/auth/cognitoConfig.ts": {"lines":{"total":6,"covered":6,"skipped":0,"pct":100},"functions":{"total":1,"covered":1,"skipped":0,"pct":100},"statements":{"total":6,"covered":6,"skipped":0,"pct":100},"branches":{"total":9,"covered":9,"skipped":0,"pct":100}}
,"/home/runner/work/teacher-wang-app/teacher-wang-app/frontend/src/utils/auth/cognitoOAuth.ts": {"lines":{"total":77,"covered":66,"skipped":0,"pct":85.71},"functions":{"total":11,"covered":11,"skipped":0,"pct":100},"statements":{"total":77,"covered":66,"skipped":0,"pct":85.71},"branches":{"total":37,"covered":23,"skipped":0,"pct":62.16}}
,"/home/runner/work/teacher-wang-app/teacher-wang-app/frontend/src/utils/auth/meApi.ts": {"lines":{"total":4,"covered":4,"skipped":0,"pct":100},"functions":{"total":1,"covered":1,"skipped":0,"pct":100},"statements":{"total":4,"covered":4,"skipped":0,"pct":100},"branches":{"total":2,"covered":2,"skipped":0,"pct":100}}
,"/home/runner/work/teacher-wang-app/teacher-wang-app/frontend/src/utils/auth/passwordResetApi.ts": {"lines":{"total":8,"covered":8,"skipped":0,"pct":100},"functions":{"total":4,"covered":3,"skipped":0,"pct":75},"statements":{"total":9,"covered":8,"skipped":0,"pct":88.88},"branches":{"total":4,"covered":4,"skipped":0,"pct":100}}
,"/home/runner/work/teacher-wang-app/teacher-wang-app/frontend/src/utils/auth/tokenStorage.ts": {"lines":{"total":13,"covered":11,"skipped":0,"pct":84.61},"functions":{"total":6,"covered":4,"skipped":0,"pct":66.66},"statements":{"total":13,"covered":11,"skipped":0,"pct":84.61},"branches":{"total":0,"covered":0,"skipped":0,"pct":100}}
,"/home/runner/work/teacher-wang-app/teacher-wang-app/frontend/src/utils/grammar/grammarPointsApi.ts": {"lines":{"total":14,"covered":13,"skipped":0,"pct":92.85},"functions":{"total":4,"covered":4,"skipped":0,"pct":100},"statements":{"total":14,"covered":13,"skipped":0,"pct":92.85},"branches":{"total":8,"covered":7,"skipped":0,"pct":87.5}}
,"/home/runner/work/teacher-wang-app/teacher-wang-app/frontend/src/utils/knowledgeBase/buildImportLines.ts": {"lines":{"total":15,"covered":15,"skipped":0,"pct":100},"functions":{"total":6,"covered":6,"skipped":0,"pct":100},"statements":{"total":15,"covered":15,"skipped":0,"pct":100},"branches":{"total":9,"covered":7,"skipped":0,"pct":77.77}}
,"/home/runner/work/teacher-wang-app/teacher-wang-app/frontend/src/utils/knowledgeBase/charactersApi.ts": {"lines":{"total":10,"covered":9,"skipped":0,"pct":90},"functions":{"total":2,"covered":2,"skipped":0,"pct":100},"statements":{"total":10,"covered":9,"skipped":0,"pct":90},"branches":{"total":6,"covered":4,"skipped":0,"pct":66.66}}
,"/home/runner/work/teacher-wang-app/teacher-wang-app/frontend/src/utils/knowledgeBase/chineseCharacters.ts": {"lines":{"total":4,"covered":4,"skipped":0,"pct":100},"functions":{"total":2,"covered":2,"skipped":0,"pct":100},"statements":{"total":4,"covered":4,"skipped":0,"pct":100},"branches":{"total":2,"covered":2,"skipped":0,"pct":100}}
,"/home/runner/work/teacher-wang-app/teacher-wang-app/frontend/src/utils/knowledgeBase/formatDateTime.ts": {"lines":{"total":10,"covered":10,"skipped":0,"pct":100},"functions":{"total":1,"covered":1,"skipped":0,"pct":100},"statements":{"total":10,"covered":10,"skipped":0,"pct":100},"branches":{"total":2,"covered":2,"skipped":0,"pct":100}}
,"/home/runner/work/teacher-wang-app/teacher-wang-app/frontend/src/utils/knowledgeBase/homeMotivation.ts": {"lines":{"total":10,"covered":10,"skipped":0,"pct":100},"functions":{"total":1,"covered":1,"skipped":0,"pct":100},"statements":{"total":10,"covered":10,"skipped":0,"pct":100},"branches":{"total":8,"covered":8,"skipped":0,"pct":100}}
,"/home/runner/work/teacher-wang-app/teacher-wang-app/frontend/src/utils/knowledgeBase/hskCharactersApi.ts": {"lines":{"total":4,"covered":3,"skipped":0,"pct":75},"functions":{"total":1,"covered":1,"skipped":0,"pct":100},"statements":{"total":4,"covered":3,"skipped":0,"pct":75},"branches":{"total":2,"covered":1,"skipped":0,"pct":50}}
,"/home/runner/work/teacher-wang-app/teacher-wang-app/frontend/src/utils/knowledgeBase/hskLevelApi.ts": {"lines":{"total":4,"covered":4,"skipped":0,"pct":100},"functions":{"total":1,"covered":1,"skipped":0,"pct":100},"statements":{"total":4,"covered":4,"skipped":0,"pct":100},"branches":{"total":2,"covered":2,"skipped":0,"pct":100}}
,"/home/runner/work/teacher-wang-app/teacher-wang-app/frontend/src/utils/knowledgeBase/hskWordsApi.ts": {"lines":{"total":16,"covered":14,"skipped":0,"pct":87.5},"functions":{"total":3,"covered":3,"skipped":0,"pct":100},"statements":{"total":16,"covered":14,"skipped":0,"pct":87.5},"branches":{"total":7,"covered":5,"skipped":0,"pct":71.42}}
,"/home/runner/work/teacher-wang-app/teacher-wang-app/frontend/src/utils/knowledgeBase/knowledgeBaseApi.ts": {"lines":{"total":20,"covered":18,"skipped":0,"pct":90},"functions":{"total":3,"covered":3,"skipped":0,"pct":100},"statements":{"total":20,"covered":18,"skipped":0,"pct":90},"branches":{"total":8,"covered":5,"skipped":0,"pct":62.5}}
,"/home/runner/work/teacher-wang-app/teacher-wang-app/frontend/src/utils/knowledgeBase/weeklyArticleApi.ts": {"lines":{"total":4,"covered":3,"skipped":0,"pct":75},"functions":{"total":1,"covered":1,"skipped":0,"pct":100},"statements":{"total":4,"covered":3,"skipped":0,"pct":75},"branches":{"total":2,"covered":1,"skipped":0,"pct":50}}
,"/home/runner/work/teacher-wang-app/teacher-wang-app/frontend/src/utils/knowledgeBase/wordCharacters.ts": {"lines":{"total":51,"covered":51,"skipped":0,"pct":100},"functions":{"total":10,"covered":10,"skipped":0,"pct":100},"statements":{"total":51,"covered":51,"skipped":0,"pct":100},"branches":{"total":34,"covered":33,"skipped":0,"pct":97.05}}
,"/home/runner/work/teacher-wang-app/teacher-wang-app/frontend/src/utils/knowledgeBase/wordsApi.ts": {"lines":{"total":22,"covered":12,"skipped":0,"pct":54.54},"functions":{"total":5,"covered":3,"skipped":0,"pct":60},"statements":{"total":22,"covered":12,"skipped":0,"pct":54.54},"branches":{"total":12,"covered":5,"skipped":0,"pct":41.66}}
,"/home/runner/work/teacher-wang-app/teacher-wang-app/frontend/src/utils/knowledgeBase/wordsByCharacter.ts": {"lines":{"total":19,"covered":19,"skipped":0,"pct":100},"functions":{"total":4,"covered":4,"skipped":0,"pct":100},"statements":{"total":19,"covered":19,"skipped":0,"pct":100},"branches":{"total":10,"covered":9,"skipped":0,"pct":90}}
}
