{"meta": {"format": 3, "version": "7.8.0", "timestamp": "2026-08-20T10:05:16.863899", "branch_coverage": true, "show_contexts": false}, "files": {"backend/__init__.py": {"executed_lines": [1, 2, 3, 5, 6, 7, 9, 10, 11, 12, 13, 14, 16], "summary": {"covered_lines": 13, "num_statements": 13, "percent_covered": 100.0, "percent_covered_display": "100.00", "missing_lines": 0, "excluded_lines": 0, "num_branches": 0, "num_partial_branches": 0, "covered_branches": 0, "missing_branches": 0}, "missing_lines": [], "excluded_lines": [], "executed_branches": [], "missing_branches": [], "functions": {"create_app": {"executed_lines": [2, 3, 5, 6, 7, 9, 10, 11, 12, 13, 14, 16], "summary": {"covered_lines": 12, "num_statements": 12, "percent_covered": 100.0, "percent_covered_display": "100.00", "missing_lines": 0, "excluded_lines": 0, "num_branches": 0, "num_partial_branches": 0, "covered_branches": 0, "missing_branches": 0}, "missing_lines": [], "excluded_lines": [], "executed_branches": [], "missing_branches": []}, "": {"executed_lines": [1], "summary": {"covered_lines": 1, "num_statements": 1, "percent_covered": 100.0, "percent_covered_display": "100.00", "missing_lines": 0, "excluded_lines": 0, "num_branches": 0, "num_partial_branches": 0, "covered_branches": 0, "missing_branches": 0}, "missing_lines": [], "excluded_lines": [], "executed_branches": [], "missing_branches": []}}, "classes": {"": {"executed_lines": [1, 2, 3, 5, 6, 7, 9, 10, 11, 12, 13, 14, 16], "summary": {"covered_lines": 13, "num_statements": 13, "percent_covered": 100.0, "percent_covered_display": "100.00", "missing_lines": 0, "excluded_lines": 0, "num_branches": 0, "num_partial_branches": 0, "covered_branches": 0, "missing_branches": 0}, "missing_lines": [], "excluded_lines": [], "executed_branches": [], "missing_branches": []}}}, "backend/app.py": {"executed_lines": [1, 3, 5, 7], "summary": {"covered_lines": 4, "num_statements": 6, "percent_covered": 62.5, "percent_covered_display": "62.50", "missing_lines": 2, "excluded_lines": 0, "num_branches": 2, "num_partial_branches": 1, "covered_branches": 1, "missing_branches": 1}, "missing_lines": [8, 9], "excluded_lines": [], "executed_branches": [[7, -1]], "missing_branches": [[7, 8]], "functions": {"": {"executed_lines": [1, 3, 5, 7], "summary": {"covered_lines": 4, "num_statements": 6, "percent_covered": 62.5, "percent_covered_display": "62.50", "missing_lines": 2, "excluded_lines": 0, "num_branches": 2, "num_partial_branches": 1, "covered_branches": 1, "missing_branches": 1}, "missing_lines": [8, 9], "excluded_lines": [], "executed_branches": [[7, -1]], "missing_branches": [[7, 8]]}}, "classes": {"": {"executed_lines": [1, 3, 5, 7], "summary": {"covered_lines": 4, "num_statements": 6, "percent_covered": 62.5, "percent_covered_display": "62.50", "missing_lines": 2, "excluded_lines": 0, "num_branches": 2, "num_partial_branches": 1, "covered_branches": 1, "missing_branches": 1}, "missing_lines": [8, 9], "excluded_lines": [], "executed_branches": [[7, -1]], "missing_branches": [[7, 8]]}}}, "backend/jobs/__init__.py": {"executed_lines": [], "summary": {"covered_lines": 0, "num_statements": 0, "percent_covered": 100.0, "percent_covered_display": "100.00", "missing_lines": 0, "excluded_lines": 0, "num_branches": 0, "num_partial_branches": 0, "covered_branches": 0, "missing_branches": 0}, "missing_lines": [], "excluded_lines": [], "executed_branches": [], "missing_branches": [], "functions": {"": {"executed_lines": [], "summary": {"covered_lines": 0, "num_statements": 0, "percent_covered": 100.0, "percent_covered_display": "100.00", "missing_lines": 0, "excluded_lines": 0, "num_branches": 0, "num_partial_branches": 0, "covered_branches": 0, "missing_branches": 0}, "missing_lines": [], "excluded_lines": [], "executed_branches": [], "missing_branches": []}}, "classes": {"": {"executed_lines": [], "summary": {"covered_lines": 0, "num_statements": 0, "percent_covered": 100.0, "percent_covered_display": "100.00", "missing_lines": 0, "excluded_lines": 0, "num_branches": 0, "num_partial_branches": 0, "covered_branches": 0, "missing_branches": 0}, "missing_lines": [], "excluded_lines": [], "executed_branches": [], "missing_branches": []}}}, "backend/jobs/generate_weekly_articles.py": {"executed_lines": [1, 8, 9, 12, 13, 14, 15, 16, 19], "summary": {"covered_lines": 8, "num_statements": 9, "percent_covered": 81.81818181818181, "percent_covered_display": "81.82", "missing_lines": 1, "excluded_lines": 0, "num_branches": 2, "num_partial_branches": 1, "covered_branches": 1, "missing_branches": 1}, "missing_lines": [20], "excluded_lines": [], "executed_branches": [[19, -1]], "missing_branches": [[19, 20]], "functions": {"main": {"executed_lines": [13, 14, 15, 16], "summary": {"covered_lines": 4, "num_statements": 4, "percent_covered": 100.0, "percent_covered_display": "100.00", "missing_lines": 0, "excluded_lines": 0, "num_branches": 0, "num_partial_branches": 0, "covered_branches": 0, "missing_branches": 0}, "missing_lines": [], "excluded_lines": [], "executed_branches": [], "missing_branches": []}, "": {"executed_lines": [1, 8, 9, 12, 19], "summary": {"covered_lines": 4, "num_statements": 5, "percent_covered": 71.42857142857143, "percent_covered_display": "71.43", "missing_lines": 1, "excluded_lines": 0, "num_branches": 2, "num_partial_branches": 1, "covered_branches": 1, "missing_branches": 1}, "missing_lines": [20], "excluded_lines": [], "executed_branches": [[19, -1]], "missing_branches": [[19, 20]]}}, "classes": {"": {"executed_lines": [1, 8, 9, 12, 13, 14, 15, 16, 19], "summary": {"covered_lines": 8, "num_statements": 9, "percent_covered": 81.81818181818181, "percent_covered_display": "81.82", "missing_lines": 1, "excluded_lines": 0, "num_branches": 2, "num_partial_branches": 1, "covered_branches": 1, "missing_branches": 1}, "missing_lines": [20], "excluded_lines": [], "executed_branches": [[19, -1]], "missing_branches": [[19, 20]]}}}, "backend/migrations/env.py": {"executed_lines": [1, 3, 5, 7, 8, 10, 11, 12, 13, 15, 17, 18, 20, 23, 25, 26, 27, 34, 48, 49, 50, 51, 57, 58, 64, 65, 68, 71], "summary": {"covered_lines": 27, "num_statements": 36, "percent_covered": 68.18181818181819, "percent_covered_display": "68.18", "missing_lines": 9, "excluded_lines": 0, "num_branches": 8, "num_partial_branches": 3, "covered_branches": 3, "missing_branches": 5}, "missing_lines": [28, 29, 30, 31, 35, 36, 44, 45, 69], "excluded_lines": [], "executed_branches": [[17, 18], [26, 27], [68, 71]], "missing_branches": [[17, 20], [26, 28], [29, 30], [29, 31], [68, 69]], "functions": {"get_url": {"executed_lines": [25, 26, 27], "summary": {"covered_lines": 3, "num_statements": 7, "percent_covered": 36.36363636363637, "percent_covered_display": "36.36", "missing_lines": 4, "excluded_lines": 0, "num_branches": 4, "num_partial_branches": 1, "covered_branches": 1, "missing_branches": 3}, "missing_lines": [28, 29, 30, 31], "excluded_lines": [], "executed_branches": [[26, 27]], "missing_branches": [[26, 28], [29, 30], [29, 31]]}, "run_migrations_offline": {"executed_lines": [], "summary": {"covered_lines": 0, "num_statements": 4, "percent_covered": 0.0, "percent_covered_display": "0.00", "missing_lines": 4, "excluded_lines": 0, "num_branches": 0, "num_partial_branches": 0, "covered_branches": 0, "missing_branches": 0}, "missing_lines": [35, 36, 44, 45], "excluded_lines": [], "executed_branches": [], "missing_branches": []}, "run_migrations_online": {"executed_lines": [49, 50, 51, 57, 58, 64, 65], "summary": {"covered_lines": 7, "num_statements": 7, "percent_covered": 100.0, "percent_covered_display": "100.00", "missing_lines": 0, "excluded_lines": 0, "num_branches": 0, "num_partial_branches": 0, "covered_branches": 0, "missing_branches": 0}, "missing_lines": [], "excluded_lines": [], "executed_branches": [], "missing_branches": []}, "": {"executed_lines": [1, 3, 5, 7, 8, 10, 11, 12, 13, 15, 17, 18, 20, 23, 34, 48, 68, 71], "summary": {"covered_lines": 17, "num_statements": 18, "percent_covered": 86.36363636363636, "percent_covered_display": "86.36", "missing_lines": 1, "excluded_lines": 0, "num_branches": 4, "num_partial_branches": 2, "covered_branches": 2, "missing_branches": 2}, "missing_lines": [69], "excluded_lines": [], "executed_branches": [[17, 18], [68, 71]], "missing_branches": [[17, 20], [68, 69]]}}, "classes": {"": {"executed_lines": [1, 3, 5, 7, 8, 10, 11, 12, 13, 15, 17, 18, 20, 23, 25, 26, 27, 34, 48, 49, 50, 51, 57, 58, 64, 65, 68, 71], "summary": {"covered_lines": 27, "num_statements": 36, "percent_covered": 68.18181818181819, "percent_covered_display": "68.18", "missing_lines": 9, "excluded_lines": 0, "num_branches": 8, "num_partial_branches": 3, "covered_branches": 3, "missing_branches": 5}, "missing_lines": [28, 29, 30, 31, 35, 36, 44, 45, 69], "excluded_lines": [], "executed_branches": [[17, 18], [26, 27], [68, 71]], "missing_branches": [[17, 20], [26, 28], [29, 30], [29, 31], [68, 69]]}}}, "backend/migrations/versions/376edc4d57aa_widen_character_pinyin_to_8.py": {"executed_lines": [1, 8, 10, 11, 15, 16, 17, 18, 21, 23, 30], "summary": {"covered_lines": 10, "num_statements": 11, "percent_covered": 90.9090909090909, "percent_covered_display": "90.91", "missing_lines": 1, "excluded_lines": 0, "num_branches": 0, "num_partial_branches": 0, "covered_branches": 0, "missing_branches": 0}, "missing_lines": [32], "excluded_lines": [], "executed_branches": [], "missing_branches": [], "functions": {"upgrade": {"executed_lines": [23], "summary": {"covered_lines": 1, "num_statements": 1, "percent_covered": 100.0, "percent_covered_display": "100.00", "missing_lines": 0, "excluded_lines": 0, "num_branches": 0, "num_partial_branches": 0, "covered_branches": 0, "missing_branches": 0}, "missing_lines": [], "excluded_lines": [], "executed_branches": [], "missing_branches": []}, "downgrade": {"executed_lines": [], "summary": {"covered_lines": 0, "num_statements": 1, "percent_covered": 0.0, "percent_covered_display": "0.00", "missing_lines": 1, "excluded_lines": 0, "num_branches": 0, "num_partial_branches": 0, "covered_branches": 0, "missing_branches": 0}, "missing_lines": [32], "excluded_lines": [], "executed_branches": [], "missing_branches": []}, "": {"executed_lines": [1, 8, 10, 11, 15, 16, 17, 18, 21, 30], "summary": {"covered_lines": 9, "num_statements": 9, "percent_covered": 100.0, "percent_covered_display": "100.00", "missing_lines": 0, "excluded_lines": 0, "num_branches": 0, "num_partial_branches": 0, "covered_branches": 0, "missing_branches": 0}, "missing_lines": [], "excluded_lines": [], "executed_branches": [], "missing_branches": []}}, "classes": {"": {"executed_lines": [1, 8, 10, 11, 15, 16, 17, 18, 21, 23, 30], "summary": {"covered_lines": 10, "num_statements": 11, "percent_covered": 90.9090909090909, "percent_covered_display": "90.91", "missing_lines": 1, "excluded_lines": 0, "num_branches": 0, "num_partial_branches": 0, "covered_branches": 0, "missing_branches": 0}, "missing_lines": [32], "excluded_lines": [], "executed_branches": [], "missing_branches": []}}}, "backend/migrations/versions/4f0300d4f126_conversation_summary_table.py": {"executed_lines": [1, 13, 15, 18, 19, 20, 21, 24, 27, 28, 29, 36, 37, 50, 53], "summary": {"covered_lines": 14, "num_statements": 15, "percent_covered": 94.11764705882354, "percent_covered_display": "94.12", "missing_lines": 1, "excluded_lines": 0, "num_branches": 2, "num_partial_branches": 0, "covered_branches": 2, "missing_branches": 0}, "missing_lines": [54], "excluded_lines": [], "executed_branches": [[28, -27], [28, 29]], "missing_branches": [], "functions": {"_create_hash_partitions": {"executed_lines": [28, 29], "summary": {"covered_lines": 2, "num_statements": 2, "percent_covered": 100.0, "percent_covered_display": "100.00", "missing_lines": 0, "excluded_lines": 0, "num_branches": 2, "num_partial_branches": 0, "covered_branches": 2, "missing_branches": 0}, "missing_lines": [], "excluded_lines": [], "executed_branches": [[28, -27], [28, 29]], "missing_branches": []}, "upgrade": {"executed_lines": [37, 50], "summary": {"covered_lines": 2, "num_statements": 2, "percent_covered": 100.0, "percent_covered_display": "100.00", "missing_lines": 0, "excluded_lines": 0, "num_branches": 0, "num_partial_branches": 0, "covered_branches": 0, "missing_branches": 0}, "missing_lines": [], "excluded_lines": [], "executed_branches": [], "missing_branches": []}, "downgrade": {"executed_lines": [], "summary": {"covered_lines": 0, "num_statements": 1, "percent_covered": 0.0, "percent_covered_display": "0.00", "missing_lines": 1, "excluded_lines": 0, "num_branches": 0, "num_partial_branches": 0, "covered_branches": 0, "missing_branches": 0}, "missing_lines": [54], "excluded_lines": [], "executed_branches": [], "missing_branches": []}, "": {"executed_lines": [1, 13, 15, 18, 19, 20, 21, 24, 27, 36, 53], "summary": {"covered_lines": 10, "num_statements": 10, "percent_covered": 100.0, "percent_covered_display": "100.00", "missing_lines": 0, "excluded_lines": 0, "num_branches": 0, "num_partial_branches": 0, "covered_branches": 0, "missing_branches": 0}, "missing_lines": [], "excluded_lines": [], "executed_branches": [], "missing_branches": []}}, "classes": {"": {"executed_lines": [1, 13, 15, 18, 19, 20, 21, 24, 27, 28, 29, 36, 37, 50, 53], "summary": {"covered_lines": 14, "num_statements": 15, "percent_covered": 94.11764705882354, "percent_covered_display": "94.12", "missing_lines": 1, "excluded_lines": 0, "num_branches": 2, "num_partial_branches": 0, "covered_branches": 2, "missing_branches": 0}, "missing_lines": [54], "excluded_lines": [], "executed_branches": [[28, -27], [28, 29]], "missing_branches": []}}}, "backend/migrations/versions/9c4b71e0a2d5_user_scoped_private_tables.py": {"executed_lines": [1, 12, 14, 15, 19, 20, 21, 22, 26, 29, 39, 50, 51, 52, 59, 60, 61, 63, 75, 88, 100, 113, 123, 132, 141, 154, 155, 158], "summary": {"covered_lines": 27, "num_statements": 37, "percent_covered": 73.33333333333333, "percent_covered_display": "73.33", "missing_lines": 10, "excluded_lines": 0, "num_branches": 8, "num_partial_branches": 0, "covered_branches": 6, "missing_branches": 2}, "missing_lines": [159, 160, 161, 163, 172, 180, 188, 194, 199, 204], "excluded_lines": [], "executed_branches": [[51, -50], [51, 52], [60, 61], [60, 63], [154, -59], [154, 155]], "missing_branches": [[159, 160], [159, 161]], "functions": {"_create_hash_partitions": {"executed_lines": [51, 52], "summary": {"covered_lines": 2, "num_statements": 2, "percent_covered": 100.0, "percent_covered_display": "100.00", "missing_lines": 0, "excluded_lines": 0, "num_branches": 2, "num_partial_branches": 0, "covered_branches": 2, "missing_branches": 0}, "missing_lines": [], "excluded_lines": [], "executed_branches": [[51, -50], [51, 52]], "missing_branches": []}, "upgrade": {"executed_lines": [60, 61, 63, 75, 88, 100, 113, 123, 132, 141, 154, 155], "summary": {"covered_lines": 12, "num_statements": 12, "percent_covered": 100.0, "percent_covered_display": "100.00", "missing_lines": 0, "excluded_lines": 0, "num_branches": 4, "num_partial_branches": 0, "covered_branches": 4, "missing_branches": 0}, "missing_lines": [], "excluded_lines": [], "executed_branches": [[60, 61], [60, 63], [154, -59], [154, 155]], "missing_branches": []}, "downgrade": {"executed_lines": [], "summary": {"covered_lines": 0, "num_statements": 10, "percent_covered": 0.0, "percent_covered_display": "0.00", "missing_lines": 10, "excluded_lines": 0, "num_branches": 2, "num_partial_branches": 0, "covered_branches": 0, "missing_branches": 2}, "missing_lines": [159, 160, 161, 163, 172, 180, 188, 194, 199, 204], "excluded_lines": [], "executed_branches": [], "missing_branches": [[159, 160], [159, 161]]}, "": {"executed_lines": [1, 12, 14, 15, 19, 20, 21, 22, 26, 29, 39, 50, 59, 158], "summary": {"covered_lines": 13, "num_statements": 13, "percent_covered": 100.0, "percent_covered_display": "100.00", "missing_lines": 0, "excluded_lines": 0, "num_branches": 0, "num_partial_branches": 0, "covered_branches": 0, "missing_branches": 0}, "missing_lines": [], "excluded_lines": [], "executed_branches": [], "missing_branches": []}}, "classes": {"": {"executed_lines": [1, 12, 14, 15, 19, 20, 21, 22, 26, 29, 39, 50, 51, 52, 59, 60, 61, 63, 75, 88, 100, 113, 123, 132, 141, 154, 155, 158], "summary": {"covered_lines": 27, "num_statements": 37, "percent_covered": 73.33333333333333, "percent_covered_display": "73.33", "missing_lines": 10, "excluded_lines": 0, "num_branches": 8, "num_partial_branches": 0, "covered_branches": 6, "missing_branches": 2}, "missing_lines": [159, 160, 161, 163, 172, 180, 188, 194, 199, 204], "excluded_lines": [], "executed_branches": [[51, -50], [51, 52], [60, 61], [60, 63], [154, -59], [154, 155]], "missing_branches": [[159, 160], [159, 161]]}}}, "backend/migrations/versions/a1b2c3d4e5f6_hsk_words_id_pinyin_definition.py": {"executed_lines": [1, 15, 17, 18, 21, 22, 23, 24, 27, 28, 29, 31, 41, 43, 53], "summary": {"covered_lines": 14, "num_statements": 19, "percent_covered": 73.6842105263158, "percent_covered_display": "73.68", "missing_lines": 5, "excluded_lines": 0, "num_branches": 0, "num_partial_branches": 0, "covered_branches": 0, "missing_branches": 0}, "missing_lines": [54, 55, 56, 58, 65], "excluded_lines": [], "executed_branches": [], "missing_branches": [], "functions": {"upgrade": {"executed_lines": [28, 29, 31, 41, 43], "summary": {"covered_lines": 5, "num_statements": 5, "percent_covered": 100.0, "percent_covered_display": "100.00", "missing_lines": 0, "excluded_lines": 0, "num_branches": 0, "num_partial_branches": 0, "covered_branches": 0, "missing_branches": 0}, "missing_lines": [], "excluded_lines": [], "executed_branches": [], "missing_branches": []}, "downgrade": {"executed_lines": [], "summary": {"covered_lines": 0, "num_statements": 5, "percent_covered": 0.0, "percent_covered_display": "0.00", "missing_lines": 5, "excluded_lines": 0, "num_branches": 0, "num_partial_branches": 0, "covered_branches": 0, "missing_branches": 0}, "missing_lines": [54, 55, 56, 58, 65], "excluded_lines": [], "executed_branches": [], "missing_branches": []}, "": {"executed_lines": [1, 15, 17, 18, 21, 22, 23, 24, 27, 53], "summary": {"covered_lines": 9, "num_statements": 9, "percent_covered": 100.0, "percent_covered_display": "100.00", "missing_lines": 0, "excluded_lines": 0, "num_branches": 0, "num_partial_branches": 0, "covered_branches": 0, "missing_branches": 0}, "missing_lines": [], "excluded_lines": [], "executed_branches": [], "missing_branches": []}}, "classes": {"": {"executed_lines": [1, 15, 17, 18, 21, 22, 23, 24, 27, 28, 29, 31, 41, 43, 53], "summary": {"covered_lines": 14, "num_statements": 19, "percent_covered": 73.6842105263158, "percent_covered_display": "73.68", "missing_lines": 5, "excluded_lines": 0, "num_branches": 0, "num_partial_branches": 0, "covered_branches": 0, "missing_branches": 0}, "missing_lines": [54, 55, 56, 58, 65], "excluded_lines": [], "executed_branches": [], "missing_branches": []}}}, "backend/migrations/versions/a2b3c4d5e6f7_rename_words_synchronized.py": {"executed_lines": [1, 8, 10, 11, 14, 15, 16, 17, 20, 21, 22, 33], "summary": {"covered_lines": 11, "num_statements": 13, "percent_covered": 84.61538461538461, "percent_covered_display": "84.62", "missing_lines": 2, "excluded_lines": 0, "num_branches": 0, "num_partial_branches": 0, "covered_branches": 0, "missing_branches": 0}, "missing_lines": [34, 35], "excluded_lines": [], "executed_branches": [], "missing_branches": [], "functions": {"upgrade": {"executed_lines": [21, 22], "summary": {"covered_lines": 2, "num_statements": 2, "percent_covered": 100.0, "percent_covered_display": "100.00", "missing_lines": 0, "excluded_lines": 0, "num_branches": 0, "num_partial_branches": 0, "covered_branches": 0, "missing_branches": 0}, "missing_lines": [], "excluded_lines": [], "executed_branches": [], "missing_branches": []}, "downgrade": {"executed_lines": [], "summary": {"covered_lines": 0, "num_statements": 2, "percent_covered": 0.0, "percent_covered_display": "0.00", "missing_lines": 2, "excluded_lines": 0, "num_branches": 0, "num_partial_branches": 0, "covered_branches": 0, "missing_branches": 0}, "missing_lines": [34, 35], "excluded_lines": [], "executed_branches": [], "missing_branches": []}, "": {"executed_lines": [1, 8, 10, 11, 14, 15, 16, 17, 20, 33], "summary": {"covered_lines": 9, "num_statements": 9, "percent_covered": 100.0, "percent_covered_display": "100.00", "missing_lines": 0, "excluded_lines": 0, "num_branches": 0, "num_partial_branches": 0, "covered_branches": 0, "missing_branches": 0}, "missing_lines": [], "excluded_lines": [], "executed_branches": [], "missing_branches": []}}, "classes": {"": {"executed_lines": [1, 8, 10, 11, 14, 15, 16, 17, 20, 21, 22, 33], "summary": {"covered_lines": 11, "num_statements": 13, "percent_covered": 84.61538461538461, "percent_covered_display": "84.62", "missing_lines": 2, "excluded_lines": 0, "num_branches": 0, "num_partial_branches": 0, "covered_branches": 0, "missing_branches": 0}, "missing_lines": [34, 35], "excluded_lines": [], "executed_branches": [], "missing_branches": []}}}, "backend/migrations/versions/a3b4c5d6e7f8_weekly_articles_table.py": {"executed_lines": [1, 12, 14, 15, 18, 19, 20, 21, 24, 25, 40], "summary": {"covered_lines": 10, "num_statements": 11, "percent_covered": 90.9090909090909, "percent_covered_display": "90.91", "missing_lines": 1, "excluded_lines": 0, "num_branches": 0, "num_partial_branches": 0, "covered_branches": 0, "missing_branches": 0}, "missing_lines": [41], "excluded_lines": [], "executed_branches": [], "missing_branches": [], "functions": {"upgrade": {"executed_lines": [25], "summary": {"covered_lines": 1, "num_statements": 1, "percent_covered": 100.0, "percent_covered_display": "100.00", "missing_lines": 0, "excluded_lines": 0, "num_branches": 0, "num_partial_branches": 0, "covered_branches": 0, "missing_branches": 0}, "missing_lines": [], "excluded_lines": [], "executed_branches": [], "missing_branches": []}, "downgrade": {"executed_lines": [], "summary": {"covered_lines": 0, "num_statements": 1, "percent_covered": 0.0, "percent_covered_display": "0.00", "missing_lines": 1, "excluded_lines": 0, "num_branches": 0, "num_partial_branches": 0, "covered_branches": 0, "missing_branches": 0}, "missing_lines": [41], "excluded_lines": [], "executed_branches": [], "missing_branches": []}, "": {"executed_lines": [1, 12, 14, 15, 18, 19, 20, 21, 24, 40], "summary": {"covered_lines": 9, "num_statements": 9, "percent_covered": 100.0, "percent_covered_display": "100.00", "missing_lines": 0, "excluded_lines": 0, "num_branches": 0, "num_partial_branches": 0, "covered_branches": 0, "missing_branches": 0}, "missing_lines": [], "excluded_lines": [], "executed_branches": [], "missing_branches": []}}, "classes": {"": {"executed_lines": [1, 12, 14, 15, 18, 19, 20, 21, 24, 25, 40], "summary": {"covered_lines": 10, "num_statements": 11, "percent_covered": 90.9090909090909, "percent_covered_display": "90.91", "missing_lines": 1, "excluded_lines": 0, "num_branches": 0, "num_partial_branches": 0, "covered_branches": 0, "missing_branches": 0}, "missing_lines": [41], "excluded_lines": [], "executed_branches": [], "missing_branches": []}}}, "backend/migrations/versions/b3c4d5e6f7a8_rename_last_connexion.py": {"executed_lines": [1, 8, 10, 13, 14, 15, 16, 19, 20, 23], "summary": {"covered_lines": 9, "num_statements": 10, "percent_covered": 90.0, "percent_covered_display": "90.00", "missing_lines": 1, "excluded_lines": 0, "num_branches": 0, "num_partial_branches": 0, "covered_branches": 0, "missing_branches": 0}, "missing_lines": [24], "excluded_lines": [], "executed_branches": [], "missing_branches": [], "functions": {"upgrade": {"executed_lines": [20], "summary": {"covered_lines": 1, "num_statements": 1, "percent_covered": 100.0, "percent_covered_display": "100.00", "missing_lines": 0, "excluded_lines": 0, "num_branches": 0, "num_partial_branches": 0, "covered_branches": 0, "missing_branches": 0}, "missing_lines": [], "excluded_lines": [], "executed_branches": [], "missing_branches": []}, "downgrade": {"executed_lines": [], "summary": {"covered_lines": 0, "num_statements": 1, "percent_covered": 0.0, "percent_covered_display": "0.00", "missing_lines": 1, "excluded_lines": 0, "num_branches": 0, "num_partial_branches": 0, "covered_branches": 0, "missing_branches": 0}, "missing_lines": [24], "excluded_lines": [], "executed_branches": [], "missing_branches": []}, "": {"executed_lines": [1, 8, 10, 13, 14, 15, 16, 19, 23], "summary": {"covered_lines": 8, "num_statements": 8, "percent_covered": 100.0, "percent_covered_display": "100.00", "missing_lines": 0, "excluded_lines": 0, "num_branches": 0, "num_partial_branches": 0, "covered_branches": 0, "missing_branches": 0}, "missing_lines": [], "excluded_lines": [], "executed_branches": [], "missing_branches": []}}, "classes": {"": {"executed_lines": [1, 8, 10, 13, 14, 15, 16, 19, 20, 23], "summary": {"covered_lines": 9, "num_statements": 10, "percent_covered": 90.0, "percent_covered_display": "90.00", "missing_lines": 1, "excluded_lines": 0, "num_branches": 0, "num_partial_branches": 0, "covered_branches": 0, "missing_branches": 0}, "missing_lines": [24], "excluded_lines": [], "executed_branches": [], "missing_branches": []}}}, "backend/migrations/versions/b4c5d6e7f8a9_weekly_articles_content_jsonb.py": {"executed_lines": [1, 14, 16, 17, 18, 21, 22, 23, 24, 27, 28, 29, 38, 41], "summary": {"covered_lines": 13, "num_statements": 16, "percent_covered": 81.25, "percent_covered_display": "81.25", "missing_lines": 3, "excluded_lines": 0, "num_branches": 0, "num_partial_branches": 0, "covered_branches": 0, "missing_branches": 0}, "missing_lines": [42, 43, 47], "excluded_lines": [], "executed_branches": [], "missing_branches": [], "functions": {"upgrade": {"executed_lines": [28, 29, 38], "summary": {"covered_lines": 3, "num_statements": 3, "percent_covered": 100.0, "percent_covered_display": "100.00", "missing_lines": 0, "excluded_lines": 0, "num_branches": 0, "num_partial_branches": 0, "covered_branches": 0, "missing_branches": 0}, "missing_lines": [], "excluded_lines": [], "executed_branches": [], "missing_branches": []}, "downgrade": {"executed_lines": [], "summary": {"covered_lines": 0, "num_statements": 3, "percent_covered": 0.0, "percent_covered_display": "0.00", "missing_lines": 3, "excluded_lines": 0, "num_branches": 0, "num_partial_branches": 0, "covered_branches": 0, "missing_branches": 0}, "missing_lines": [42, 43, 47], "excluded_lines": [], "executed_branches": [], "missing_branches": []}, "": {"executed_lines": [1, 14, 16, 17, 18, 21, 22, 23, 24, 27, 41], "summary": {"covered_lines": 10, "num_statements": 10, "percent_covered": 100.0, "percent_covered_display": "100.00", "missing_lines": 0, "excluded_lines": 0, "num_branches": 0, "num_partial_branches": 0, "covered_branches": 0, "missing_branches": 0}, "missing_lines": [], "excluded_lines": [], "executed_branches": [], "missing_branches": []}}, "classes": {"": {"executed_lines": [1, 14, 16, 17, 18, 21, 22, 23, 24, 27, 28, 29, 38, 41], "summary": {"covered_lines": 13, "num_statements": 16, "percent_covered": 81.25, "percent_covered_display": "81.25", "missing_lines": 3, "excluded_lines": 0, "num_branches": 0, "num_partial_branches": 0, "covered_branches": 0, "missing_branches": 0}, "missing_lines": [42, 43, 47], "excluded_lines": [], "executed_branches": [], "missing_branches": []}}}, "backend/migrations/versions/b7c8d9e0f1a2_rename_writting_to_writing.py": {"executed_lines": [1, 8, 10, 13, 14, 15, 16, 18, 21, 22, 23, 24, 27, 28, 29, 35], "summary": {"covered_lines": 15, "num_statements": 21, "percent_covered": 68.0, "percent_covered_display": "68.00", "missing_lines": 6, "excluded_lines": 0, "num_branches": 4, "num_partial_branches": 0, "covered_branches": 2, "missing_branches": 2}, "missing_lines": [36, 37, 41, 42, 45, 46], "excluded_lines": [], "executed_branches": [[28, -21], [28, 29]], "missing_branches": [[36, 37], [36, 41]], "functions": {"upgrade": {"executed_lines": [22, 23, 24, 27, 28, 29], "summary": {"covered_lines": 6, "num_statements": 6, "percent_covered": 100.0, "percent_covered_display": "100.00", "missing_lines": 0, "excluded_lines": 0, "num_branches": 2, "num_partial_branches": 0, "covered_branches": 2, "missing_branches": 0}, "missing_lines": [], "excluded_lines": [], "executed_branches": [[28, -21], [28, 29]], "missing_branches": []}, "downgrade": {"executed_lines": [], "summary": {"covered_lines": 0, "num_statements": 6, "percent_covered": 0.0, "percent_covered_display": "0.00", "missing_lines": 6, "excluded_lines": 0, "num_branches": 2, "num_partial_branches": 0, "covered_branches": 0, "missing_branches": 2}, "missing_lines": [36, 37, 41, 42, 45, 46], "excluded_lines": [], "executed_branches": [], "missing_branches": [[36, 37], [36, 41]]}, "": {"executed_lines": [1, 8, 10, 13, 14, 15, 16, 18, 21, 35], "summary": {"covered_lines": 9, "num_statements": 9, "percent_covered": 100.0, "percent_covered_display": "100.00", "missing_lines": 0, "excluded_lines": 0, "num_branches": 0, "num_partial_branches": 0, "covered_branches": 0, "missing_branches": 0}, "missing_lines": [], "excluded_lines": [], "executed_branches": [], "missing_branches": []}}, "classes": {"": {"executed_lines": [1, 8, 10, 13, 14, 15, 16, 18, 21, 22, 23, 24, 27, 28, 29, 35], "summary": {"covered_lines": 15, "num_statements": 21, "percent_covered": 68.0, "percent_covered_display": "68.00", "missing_lines": 6, "excluded_lines": 0, "num_branches": 4, "num_partial_branches": 0, "covered_branches": 2, "missing_branches": 2}, "missing_lines": [36, 37, 41, 42, 45, 46], "excluded_lines": [], "executed_branches": [[28, -21], [28, 29]], "missing_branches": [[36, 37], [36, 41]]}}}, "backend/migrations/versions/c3d4e5f6a7b8_add_users_shortid.py": {"executed_lines": [1, 12, 14, 15, 18, 19, 20, 21, 24, 25, 26, 35, 36, 39], "summary": {"covered_lines": 13, "num_statements": 16, "percent_covered": 81.25, "percent_covered_display": "81.25", "missing_lines": 3, "excluded_lines": 0, "num_branches": 0, "num_partial_branches": 0, "covered_branches": 0, "missing_branches": 0}, "missing_lines": [40, 41, 43], "excluded_lines": [], "executed_branches": [], "missing_branches": [], "functions": {"upgrade": {"executed_lines": [25, 26, 35, 36], "summary": {"covered_lines": 4, "num_statements": 4, "percent_covered": 100.0, "percent_covered_display": "100.00", "missing_lines": 0, "excluded_lines": 0, "num_branches": 0, "num_partial_branches": 0, "covered_branches": 0, "missing_branches": 0}, "missing_lines": [], "excluded_lines": [], "executed_branches": [], "missing_branches": []}, "downgrade": {"executed_lines": [], "summary": {"covered_lines": 0, "num_statements": 3, "percent_covered": 0.0, "percent_covered_display": "0.00", "missing_lines": 3, "excluded_lines": 0, "num_branches": 0, "num_partial_branches": 0, "covered_branches": 0, "missing_branches": 0}, "missing_lines": [40, 41, 43], "excluded_lines": [], "executed_branches": [], "missing_branches": []}, "": {"executed_lines": [1, 12, 14, 15, 18, 19, 20, 21, 24, 39], "summary": {"covered_lines": 9, "num_statements": 9, "percent_covered": 100.0, "percent_covered_display": "100.00", "missing_lines": 0, "excluded_lines": 0, "num_branches": 0, "num_partial_branches": 0, "covered_branches": 0, "missing_branches": 0}, "missing_lines": [], "excluded_lines": [], "executed_branches": [], "missing_branches": []}}, "classes": {"": {"executed_lines": [1, 12, 14, 15, 18, 19, 20, 21, 24, 25, 26, 35, 36, 39], "summary": {"covered_lines": 13, "num_statements": 16, "percent_covered": 81.25, "percent_covered_display": "81.25", "missing_lines": 3, "excluded_lines": 0, "num_branches": 0, "num_partial_branches": 0, "covered_branches": 0, "missing_branches": 0}, "missing_lines": [40, 41, 43], "excluded_lines": [], "executed_branches": [], "missing_branches": []}}}, "backend/migrations/versions/c8d9e0f1a2b3_rename_ignore_vocab_card_writting.py": {"executed_lines": [1, 8, 10, 13, 14, 15, 16, 19, 20, 23], "summary": {"covered_lines": 9, "num_statements": 10, "percent_covered": 90.0, "percent_covered_display": "90.00", "missing_lines": 1, "excluded_lines": 0, "num_branches": 0, "num_partial_branches": 0, "covered_branches": 0, "missing_branches": 0}, "missing_lines": [24], "excluded_lines": [], "executed_branches": [], "missing_branches": [], "functions": {"upgrade": {"executed_lines": [20], "summary": {"covered_lines": 1, "num_statements": 1, "percent_covered": 100.0, "percent_covered_display": "100.00", "missing_lines": 0, "excluded_lines": 0, "num_branches": 0, "num_partial_branches": 0, "covered_branches": 0, "missing_branches": 0}, "missing_lines": [], "excluded_lines": [], "executed_branches": [], "missing_branches": []}, "downgrade": {"executed_lines": [], "summary": {"covered_lines": 0, "num_statements": 1, "percent_covered": 0.0, "percent_covered_display": "0.00", "missing_lines": 1, "excluded_lines": 0, "num_branches": 0, "num_partial_branches": 0, "covered_branches": 0, "missing_branches": 0}, "missing_lines": [24], "excluded_lines": [], "executed_branches": [], "missing_branches": []}, "": {"executed_lines": [1, 8, 10, 13, 14, 15, 16, 19, 23], "summary": {"covered_lines": 8, "num_statements": 8, "percent_covered": 100.0, "percent_covered_display": "100.00", "missing_lines": 0, "excluded_lines": 0, "num_branches": 0, "num_partial_branches": 0, "covered_branches": 0, "missing_branches": 0}, "missing_lines": [], "excluded_lines": [], "executed_branches": [], "missing_branches": []}}, "classes": {"": {"executed_lines": [1, 8, 10, 13, 14, 15, 16, 19, 20, 23], "summary": {"covered_lines": 9, "num_statements": 10, "percent_covered": 90.0, "percent_covered_display": "90.00", "missing_lines": 1, "excluded_lines": 0, "num_branches": 0, "num_partial_branches": 0, "covered_branches": 0, "missing_branches": 0}, "missing_lines": [24], "excluded_lines": [], "executed_branches": [], "missing_branches": []}}}, "backend/migrations/versions/c9d0e1f2a3b4_add_words_pinyin.py": {"executed_lines": [1, 8, 10, 11, 14, 15, 16, 17, 20, 21, 24], "summary": {"covered_lines": 10, "num_statements": 11, "percent_covered": 90.9090909090909, "percent_covered_display": "90.91", "missing_lines": 1, "excluded_lines": 0, "num_branches": 0, "num_partial_branches": 0, "covered_branches": 0, "missing_branches": 0}, "missing_lines": [25], "excluded_lines": [], "executed_branches": [], "missing_branches": [], "functions": {"upgrade": {"executed_lines": [21], "summary": {"covered_lines": 1, "num_statements": 1, "percent_covered": 100.0, "percent_covered_display": "100.00", "missing_lines": 0, "excluded_lines": 0, "num_branches": 0, "num_partial_branches": 0, "covered_branches": 0, "missing_branches": 0}, "missing_lines": [], "excluded_lines": [], "executed_branches": [], "missing_branches": []}, "downgrade": {"executed_lines": [], "summary": {"covered_lines": 0, "num_statements": 1, "percent_covered": 0.0, "percent_covered_display": "0.00", "missing_lines": 1, "excluded_lines": 0, "num_branches": 0, "num_partial_branches": 0, "covered_branches": 0, "missing_branches": 0}, "missing_lines": [25], "excluded_lines": [], "executed_branches": [], "missing_branches": []}, "": {"executed_lines": [1, 8, 10, 11, 14, 15, 16, 17, 20, 24], "summary": {"covered_lines": 9, "num_statements": 9, "percent_covered": 100.0, "percent_covered_display": "100.00", "missing_lines": 0, "excluded_lines": 0, "num_branches": 0, "num_partial_branches": 0, "covered_branches": 0, "missing_branches": 0}, "missing_lines": [], "excluded_lines": [], "executed_branches": [], "missing_branches": []}}, "classes": {"": {"executed_lines": [1, 8, 10, 11, 14, 15, 16, 17, 20, 21, 24], "summary": {"covered_lines": 10, "num_statements": 11, "percent_covered": 90.9090909090909, "percent_covered_display": "90.91", "missing_lines": 1, "excluded_lines": 0, "num_branches": 0, "num_partial_branches": 0, "covered_branches": 0, "missing_branches": 0}, "missing_lines": [25], "excluded_lines": [], "executed_branches": [], "missing_branches": []}}}, "backend/migrations/versions/d1e2f3a4b5c6_add_hsk_characters_most_used_pinyin.py": {"executed_lines": [1, 8, 10, 11, 14, 15, 16, 17, 20, 21, 32], "summary": {"covered_lines": 10, "num_statements": 11, "percent_covered": 90.9090909090909, "percent_covered_display": "90.91", "missing_lines": 1, "excluded_lines": 0, "num_branches": 0, "num_partial_branches": 0, "covered_branches": 0, "missing_branches": 0}, "missing_lines": [33], "excluded_lines": [], "executed_branches": [], "missing_branches": [], "functions": {"upgrade": {"executed_lines": [21], "summary": {"covered_lines": 1, "num_statements": 1, "percent_covered": 100.0, "percent_covered_display": "100.00", "missing_lines": 0, "excluded_lines": 0, "num_branches": 0, "num_partial_branches": 0, "covered_branches": 0, "missing_branches": 0}, "missing_lines": [], "excluded_lines": [], "executed_branches": [], "missing_branches": []}, "downgrade": {"executed_lines": [], "summary": {"covered_lines": 0, "num_statements": 1, "percent_covered": 0.0, "percent_covered_display": "0.00", "missing_lines": 1, "excluded_lines": 0, "num_branches": 0, "num_partial_branches": 0, "covered_branches": 0, "missing_branches": 0}, "missing_lines": [33], "excluded_lines": [], "executed_branches": [], "missing_branches": []}, "": {"executed_lines": [1, 8, 10, 11, 14, 15, 16, 17, 20, 32], "summary": {"covered_lines": 9, "num_statements": 9, "percent_covered": 100.0, "percent_covered_display": "100.00", "missing_lines": 0, "excluded_lines": 0, "num_branches": 0, "num_partial_branches": 0, "covered_branches": 0, "missing_branches": 0}, "missing_lines": [], "excluded_lines": [], "executed_branches": [], "missing_branches": []}}, "classes": {"": {"executed_lines": [1, 8, 10, 11, 14, 15, 16, 17, 20, 21, 32], "summary": {"covered_lines": 10, "num_statements": 11, "percent_covered": 90.9090909090909, "percent_covered_display": "90.91", "missing_lines": 1, "excluded_lines": 0, "num_branches": 0, "num_partial_branches": 0, "covered_branches": 0, "missing_branches": 0}, "missing_lines": [33], "excluded_lines": [], "executed_branches": [], "missing_branches": []}}}, "backend/migrations/versions/d4e5f6a7b8c9_drop_character_synchronized.py": {"executed_lines": [1, 8, 10, 11, 14, 15, 16, 17, 20, 21, 24], "summary": {"covered_lines": 10, "num_statements": 11, "percent_covered": 90.9090909090909, "percent_covered_display": "90.91", "missing_lines": 1, "excluded_lines": 0, "num_branches": 0, "num_partial_branches": 0, "covered_branches": 0, "missing_branches": 0}, "missing_lines": [25], "excluded_lines": [], "executed_branches": [], "missing_branches": [], "functions": {"upgrade": {"executed_lines": [21], "summary": {"covered_lines": 1, "num_statements": 1, "percent_covered": 100.0, "percent_covered_display": "100.00", "missing_lines": 0, "excluded_lines": 0, "num_branches": 0, "num_partial_branches": 0, "covered_branches": 0, "missing_branches": 0}, "missing_lines": [], "excluded_lines": [], "executed_branches": [], "missing_branches": []}, "downgrade": {"executed_lines": [], "summary": {"covered_lines": 0, "num_statements": 1, "percent_covered": 0.0, "percent_covered_display": "0.00", "missing_lines": 1, "excluded_lines": 0, "num_branches": 0, "num_partial_branches": 0, "covered_branches": 0, "missing_branches": 0}, "missing_lines": [25], "excluded_lines": [], "executed_branches": [], "missing_branches": []}, "": {"executed_lines": [1, 8, 10, 11, 14, 15, 16, 17, 20, 24], "summary": {"covered_lines": 9, "num_statements": 9, "percent_covered": 100.0, "percent_covered_display": "100.00", "missing_lines": 0, "excluded_lines": 0, "num_branches": 0, "num_partial_branches": 0, "covered_branches": 0, "missing_branches": 0}, "missing_lines": [], "excluded_lines": [], "executed_branches": [], "missing_branches": []}}, "classes": {"": {"executed_lines": [1, 8, 10, 11, 14, 15, 16, 17, 20, 21, 24], "summary": {"covered_lines": 10, "num_statements": 11, "percent_covered": 90.9090909090909, "percent_covered_display": "90.91", "missing_lines": 1, "excluded_lines": 0, "num_branches": 0, "num_partial_branches": 0, "covered_branches": 0, "missing_branches": 0}, "missing_lines": [25], "excluded_lines": [], "executed_branches": [], "missing_branches": []}}}, "backend/migrations/versions/d5e6f7a8b9c0_private_tables_fk_users_shortid.py": {"executed_lines": [1, 16, 18, 21, 22, 23, 24, 27, 30, 40, 41, 42, 49, 50, 51, 57, 58, 59, 62, 63, 65, 79, 90, 91, 92, 94, 107, 117, 118, 119, 121, 132, 140, 141, 142, 144, 154, 162, 163, 164, 166, 176, 184, 185, 188, 190, 203, 213, 214, 215, 218], "summary": {"covered_lines": 50, "num_statements": 66, "percent_covered": 75.0, "percent_covered_display": "75.00", "missing_lines": 16, "excluded_lines": 0, "num_branches": 6, "num_partial_branches": 0, "covered_branches": 4, "missing_branches": 2}, "missing_lines": [221, 222, 224, 237, 239, 251, 253, 266, 268, 278, 280, 289, 291, 300, 302, 314], "excluded_lines": [], "executed_branches": [[41, -40], [41, 42], [50, -49], [50, 51]], "missing_branches": [[221, 222], [221, 224]], "functions": {"_create_hash_partitions": {"executed_lines": [41, 42], "summary": {"covered_lines": 2, "num_statements": 2, "percent_covered": 100.0, "percent_covered_display": "100.00", "missing_lines": 0, "excluded_lines": 0, "num_branches": 2, "num_partial_branches": 0, "covered_branches": 2, "missing_branches": 0}, "missing_lines": [], "excluded_lines": [], "executed_branches": [[41, -40], [41, 42]], "missing_branches": []}, "_rename_new_partitions": {"executed_lines": [50, 51], "summary": {"covered_lines": 2, "num_statements": 2, "percent_covered": 100.0, "percent_covered_display": "100.00", "missing_lines": 0, "excluded_lines": 0, "num_branches": 2, "num_partial_branches": 0, "covered_branches": 2, "missing_branches": 0}, "missing_lines": [], "excluded_lines": [], "executed_branches": [[50, -49], [50, 51]], "missing_branches": []}, "_create_shortid_table": {"executed_lines": [58, 59], "summary": {"covered_lines": 2, "num_statements": 2, "percent_covered": 100.0, "percent_covered_display": "100.00", "missing_lines": 0, "excluded_lines": 0, "num_branches": 0, "num_partial_branches": 0, "covered_branches": 0, "missing_branches": 0}, "missing_lines": [], "excluded_lines": [], "executed_branches": [], "missing_branches": []}, "upgrade": {"executed_lines": [63, 65, 79, 90, 91, 92, 94, 107, 117, 118, 119, 121, 132, 140, 141, 142, 144, 154, 162, 163, 164, 166, 176, 184, 185, 188, 190, 203, 213, 214, 215], "summary": {"covered_lines": 31, "num_statements": 31, "percent_covered": 100.0, "percent_covered_display": "100.00", "missing_lines": 0, "excluded_lines": 0, "num_branches": 0, "num_partial_branches": 0, "covered_branches": 0, "missing_branches": 0}, "missing_lines": [], "excluded_lines": [], "executed_branches": [], "missing_branches": []}, "downgrade": {"executed_lines": [], "summary": {"covered_lines": 0, "num_statements": 16, "percent_covered": 0.0, "percent_covered_display": "0.00", "missing_lines": 16, "excluded_lines": 0, "num_branches": 2, "num_partial_branches": 0, "covered_branches": 0, "missing_branches": 2}, "missing_lines": [221, 222, 224, 237, 239, 251, 253, 266, 268, 278, 280, 289, 291, 300, 302, 314], "excluded_lines": [], "executed_branches": [], "missing_branches": [[221, 222], [221, 224]]}, "": {"executed_lines": [1, 16, 18, 21, 22, 23, 24, 27, 30, 40, 49, 57, 62, 218], "summary": {"covered_lines": 13, "num_statements": 13, "percent_covered": 100.0, "percent_covered_display": "100.00", "missing_lines": 0, "excluded_lines": 0, "num_branches": 0, "num_partial_branches": 0, "covered_branches": 0, "missing_branches": 0}, "missing_lines": [], "excluded_lines": [], "executed_branches": [], "missing_branches": []}}, "classes": {"": {"executed_lines": [1, 16, 18, 21, 22, 23, 24, 27, 30, 40, 41, 42, 49, 50, 51, 57, 58, 59, 62, 63, 65, 79, 90, 91, 92, 94, 107, 117, 118, 119, 121, 132, 140, 141, 142, 144, 154, 162, 163, 164, 166, 176, 184, 185, 188, 190, 203, 213, 214, 215, 218], "summary": {"covered_lines": 50, "num_statements": 66, "percent_covered": 75.0, "percent_covered_display": "75.00", "missing_lines": 16, "excluded_lines": 0, "num_branches": 6, "num_partial_branches": 0, "covered_branches": 4, "missing_branches": 2}, "missing_lines": [221, 222, 224, 237, 239, 251, 253, 266, 268, 278, 280, 289, 291, 300, 302, 314], "excluded_lines": [], "executed_branches": [[41, -40], [41, 42], [50, -49], [50, 51]], "missing_branches": [[221, 222], [221, 224]]}}}, "backend/migrations/versions/e2f3a4b5c6d7_character_pinyin_array.py": {"executed_lines": [1, 13, 15, 18, 19, 20, 21, 24, 25, 31], "summary": {"covered_lines": 9, "num_statements": 10, "percent_covered": 90.0, "percent_covered_display": "90.00", "missing_lines": 1, "excluded_lines": 0, "num_branches": 0, "num_partial_branches": 0, "covered_branches": 0, "missing_branches": 0}, "missing_lines": [32], "excluded_lines": [], "executed_branches": [], "missing_branches": [], "functions": {"upgrade": {"executed_lines": [25], "summary": {"covered_lines": 1, "num_statements": 1, "percent_covered": 100.0, "percent_covered_display": "100.00", "missing_lines": 0, "excluded_lines": 0, "num_branches": 0, "num_partial_branches": 0, "covered_branches": 0, "missing_branches": 0}, "missing_lines": [], "excluded_lines": [], "executed_branches": [], "missing_branches": []}, "downgrade": {"executed_lines": [], "summary": {"covered_lines": 0, "num_statements": 1, "percent_covered": 0.0, "percent_covered_display": "0.00", "missing_lines": 1, "excluded_lines": 0, "num_branches": 0, "num_partial_branches": 0, "covered_branches": 0, "missing_branches": 0}, "missing_lines": [32], "excluded_lines": [], "executed_branches": [], "missing_branches": []}, "": {"executed_lines": [1, 13, 15, 18, 19, 20, 21, 24, 31], "summary": {"covered_lines": 8, "num_statements": 8, "percent_covered": 100.0, "percent_covered_display": "100.00", "missing_lines": 0, "excluded_lines": 0, "num_branches": 0, "num_partial_branches": 0, "covered_branches": 0, "missing_branches": 0}, "missing_lines": [], "excluded_lines": [], "executed_branches": [], "missing_branches": []}}, "classes": {"": {"executed_lines": [1, 13, 15, 18, 19, 20, 21, 24, 25, 31], "summary": {"covered_lines": 9, "num_statements": 10, "percent_covered": 90.0, "percent_covered_display": "90.00", "missing_lines": 1, "excluded_lines": 0, "num_branches": 0, "num_partial_branches": 0, "covered_branches": 0, "missing_branches": 0}, "missing_lines": [32], "excluded_lines": [], "executed_branches": [], "missing_branches": []}}}, "backend/migrations/versions/e5f6a7b8c9d0_ignore_hsk_words_table.py": {"executed_lines": [1, 13, 15, 18, 19, 20, 21, 24, 27, 28, 29, 36, 37, 46, 49], "summary": {"covered_lines": 14, "num_statements": 15, "percent_covered": 94.11764705882354, "percent_covered_display": "94.12", "missing_lines": 1, "excluded_lines": 0, "num_branches": 2, "num_partial_branches": 0, "covered_branches": 2, "missing_branches": 0}, "missing_lines": [50], "excluded_lines": [], "executed_branches": [[28, -27], [28, 29]], "missing_branches": [], "functions": {"_create_hash_partitions": {"executed_lines": [28, 29], "summary": {"covered_lines": 2, "num_statements": 2, "percent_covered": 100.0, "percent_covered_display": "100.00", "missing_lines": 0, "excluded_lines": 0, "num_branches": 2, "num_partial_branches": 0, "covered_branches": 2, "missing_branches": 0}, "missing_lines": [], "excluded_lines": [], "executed_branches": [[28, -27], [28, 29]], "missing_branches": []}, "upgrade": {"executed_lines": [37, 46], "summary": {"covered_lines": 2, "num_statements": 2, "percent_covered": 100.0, "percent_covered_display": "100.00", "missing_lines": 0, "excluded_lines": 0, "num_branches": 0, "num_partial_branches": 0, "covered_branches": 0, "missing_branches": 0}, "missing_lines": [], "excluded_lines": [], "executed_branches": [], "missing_branches": []}, "downgrade": {"executed_lines": [], "summary": {"covered_lines": 0, "num_statements": 1, "percent_covered": 0.0, "percent_covered_display": "0.00", "missing_lines": 1, "excluded_lines": 0, "num_branches": 0, "num_partial_branches": 0, "covered_branches": 0, "missing_branches": 0}, "missing_lines": [50], "excluded_lines": [], "executed_branches": [], "missing_branches": []}, "": {"executed_lines": [1, 13, 15, 18, 19, 20, 21, 24, 27, 36, 49], "summary": {"covered_lines": 10, "num_statements": 10, "percent_covered": 100.0, "percent_covered_display": "100.00", "missing_lines": 0, "excluded_lines": 0, "num_branches": 0, "num_partial_branches": 0, "covered_branches": 0, "missing_branches": 0}, "missing_lines": [], "excluded_lines": [], "executed_branches": [], "missing_branches": []}}, "classes": {"": {"executed_lines": [1, 13, 15, 18, 19, 20, 21, 24, 27, 28, 29, 36, 37, 46, 49], "summary": {"covered_lines": 14, "num_statements": 15, "percent_covered": 94.11764705882354, "percent_covered_display": "94.12", "missing_lines": 1, "excluded_lines": 0, "num_branches": 2, "num_partial_branches": 0, "covered_branches": 2, "missing_branches": 0}, "missing_lines": [50], "excluded_lines": [], "executed_branches": [[28, -27], [28, 29]], "missing_branches": []}}}, "backend/migrations/versions/eb7b35a645c6_initial_schema.py": {"executed_lines": [1, 8, 10, 11, 15, 16, 17, 18, 21, 23, 31, 37, 43, 47, 51, 56, 63, 70, 77, 87], "summary": {"covered_lines": 19, "num_statements": 29, "percent_covered": 65.51724137931035, "percent_covered_display": "65.52", "missing_lines": 10, "excluded_lines": 0, "num_branches": 0, "num_partial_branches": 0, "covered_branches": 0, "missing_branches": 0}, "missing_lines": [89, 90, 91, 92, 93, 94, 95, 96, 97, 98], "excluded_lines": [], "executed_branches": [], "missing_branches": [], "functions": {"upgrade": {"executed_lines": [23, 31, 37, 43, 47, 51, 56, 63, 70, 77], "summary": {"covered_lines": 10, "num_statements": 10, "percent_covered": 100.0, "percent_covered_display": "100.00", "missing_lines": 0, "excluded_lines": 0, "num_branches": 0, "num_partial_branches": 0, "covered_branches": 0, "missing_branches": 0}, "missing_lines": [], "excluded_lines": [], "executed_branches": [], "missing_branches": []}, "downgrade": {"executed_lines": [], "summary": {"covered_lines": 0, "num_statements": 10, "percent_covered": 0.0, "percent_covered_display": "0.00", "missing_lines": 10, "excluded_lines": 0, "num_branches": 0, "num_partial_branches": 0, "covered_branches": 0, "missing_branches": 0}, "missing_lines": [89, 90, 91, 92, 93, 94, 95, 96, 97, 98], "excluded_lines": [], "executed_branches": [], "missing_branches": []}, "": {"executed_lines": [1, 8, 10, 11, 15, 16, 17, 18, 21, 87], "summary": {"covered_lines": 9, "num_statements": 9, "percent_covered": 100.0, "percent_covered_display": "100.00", "missing_lines": 0, "excluded_lines": 0, "num_branches": 0, "num_partial_branches": 0, "covered_branches": 0, "missing_branches": 0}, "missing_lines": [], "excluded_lines": [], "executed_branches": [], "missing_branches": []}}, "classes": {"": {"executed_lines": [1, 8, 10, 11, 15, 16, 17, 18, 21, 23, 31, 37, 43, 47, 51, 56, 63, 70, 77, 87], "summary": {"covered_lines": 19, "num_statements": 29, "percent_covered": 65.51724137931035, "percent_covered_display": "65.52", "missing_lines": 10, "excluded_lines": 0, "num_branches": 0, "num_partial_branches": 0, "covered_branches": 0, "missing_branches": 0}, "missing_lines": [89, 90, 91, 92, 93, 94, 95, 96, 97, 98], "excluded_lines": [], "executed_branches": [], "missing_branches": []}}}, "backend/migrations/versions/f1a2b3c4d5e6_challenge_progress_table.py": {"executed_lines": [1, 12, 14, 17, 18, 19, 20, 23, 26, 27, 28, 35, 36, 46, 49], "summary": {"covered_lines": 14, "num_statements": 15, "percent_covered": 94.11764705882354, "percent_covered_display": "94.12", "missing_lines": 1, "excluded_lines": 0, "num_branches": 2, "num_partial_branches": 0, "covered_branches": 2, "missing_branches": 0}, "missing_lines": [50], "excluded_lines": [], "executed_branches": [[27, -26], [27, 28]], "missing_branches": [], "functions": {"_create_hash_partitions": {"executed_lines": [27, 28], "summary": {"covered_lines": 2, "num_statements": 2, "percent_covered": 100.0, "percent_covered_display": "100.00", "missing_lines": 0, "excluded_lines": 0, "num_branches": 2, "num_partial_branches": 0, "covered_branches": 2, "missing_branches": 0}, "missing_lines": [], "excluded_lines": [], "executed_branches": [[27, -26], [27, 28]], "missing_branches": []}, "upgrade": {"executed_lines": [36, 46], "summary": {"covered_lines": 2, "num_statements": 2, "percent_covered": 100.0, "percent_covered_display": "100.00", "missing_lines": 0, "excluded_lines": 0, "num_branches": 0, "num_partial_branches": 0, "covered_branches": 0, "missing_branches": 0}, "missing_lines": [], "excluded_lines": [], "executed_branches": [], "missing_branches": []}, "downgrade": {"executed_lines": [], "summary": {"covered_lines": 0, "num_statements": 1, "percent_covered": 0.0, "percent_covered_display": "0.00", "missing_lines": 1, "excluded_lines": 0, "num_branches": 0, "num_partial_branches": 0, "covered_branches": 0, "missing_branches": 0}, "missing_lines": [50], "excluded_lines": [], "executed_branches": [], "missing_branches": []}, "": {"executed_lines": [1, 12, 14, 17, 18, 19, 20, 23, 26, 35, 49], "summary": {"covered_lines": 10, "num_statements": 10, "percent_covered": 100.0, "percent_covered_display": "100.00", "missing_lines": 0, "excluded_lines": 0, "num_branches": 0, "num_partial_branches": 0, "covered_branches": 0, "missing_branches": 0}, "missing_lines": [], "excluded_lines": [], "executed_branches": [], "missing_branches": []}}, "classes": {"": {"executed_lines": [1, 12, 14, 17, 18, 19, 20, 23, 26, 27, 28, 35, 36, 46, 49], "summary": {"covered_lines": 14, "num_statements": 15, "percent_covered": 94.11764705882354, "percent_covered_display": "94.12", "missing_lines": 1, "excluded_lines": 0, "num_branches": 2, "num_partial_branches": 0, "covered_branches": 2, "missing_branches": 0}, "missing_lines": [50], "excluded_lines": [], "executed_branches": [[27, -26], [27, 28]], "missing_branches": []}}}, "backend/migrations/versions/f4a5b6c7d8e9_add_words_writting_known.py": {"executed_lines": [1, 8, 10, 11, 14, 15, 16, 17, 20, 21, 32], "summary": {"covered_lines": 10, "num_statements": 11, "percent_covered": 90.9090909090909, "percent_covered_display": "90.91", "missing_lines": 1, "excluded_lines": 0, "num_branches": 0, "num_partial_branches": 0, "covered_branches": 0, "missing_branches": 0}, "missing_lines": [33], "excluded_lines": [], "executed_branches": [], "missing_branches": [], "functions": {"upgrade": {"executed_lines": [21], "summary": {"covered_lines": 1, "num_statements": 1, "percent_covered": 100.0, "percent_covered_display": "100.00", "missing_lines": 0, "excluded_lines": 0, "num_branches": 0, "num_partial_branches": 0, "covered_branches": 0, "missing_branches": 0}, "missing_lines": [], "excluded_lines": [], "executed_branches": [], "missing_branches": []}, "downgrade": {"executed_lines": [], "summary": {"covered_lines": 0, "num_statements": 1, "percent_covered": 0.0, "percent_covered_display": "0.00", "missing_lines": 1, "excluded_lines": 0, "num_branches": 0, "num_partial_branches": 0, "covered_branches": 0, "missing_branches": 0}, "missing_lines": [33], "excluded_lines": [], "executed_branches": [], "missing_branches": []}, "": {"executed_lines": [1, 8, 10, 11, 14, 15, 16, 17, 20, 32], "summary": {"covered_lines": 9, "num_statements": 9, "percent_covered": 100.0, "percent_covered_display": "100.00", "missing_lines": 0, "excluded_lines": 0, "num_branches": 0, "num_partial_branches": 0, "covered_branches": 0, "missing_branches": 0}, "missing_lines": [], "excluded_lines": [], "executed_branches": [], "missing_branches": []}}, "classes": {"": {"executed_lines": [1, 8, 10, 11, 14, 15, 16, 17, 20, 21, 32], "summary": {"covered_lines": 10, "num_statements": 11, "percent_covered": 90.9090909090909, "percent_covered_display": "90.91", "missing_lines": 1, "excluded_lines": 0, "num_branches": 0, "num_partial_branches": 0, "covered_branches": 0, "missing_branches": 0}, "missing_lines": [33], "excluded_lines": [], "executed_branches": [], "missing_branches": []}}}, "backend/routes/__init__.py": {"executed_lines": [1, 4, 5, 41, 43, 45, 46, 47, 48, 49, 50, 51, 52, 53, 54, 55, 56, 57, 58, 59, 60, 61, 62, 63, 64, 65, 66, 67, 68, 69, 70, 71, 72, 73, 74, 75, 76, 77, 78], "summary": {"covered_lines": 39, "num_statements": 39, "percent_covered": 100.0, "percent_covered_display": "100.00", "missing_lines": 0, "excluded_lines": 0, "num_branches": 0, "num_partial_branches": 0, "covered_branches": 0, "missing_branches": 0}, "missing_lines": [], "excluded_lines": [], "executed_branches": [], "missing_branches": [], "functions": {"register_routes": {"executed_lines": [5, 41, 43, 45, 46, 47, 48, 49, 50, 51, 52, 53, 54, 55, 56, 57, 58, 59, 60, 61, 62, 63, 64, 65, 66, 67, 68, 69, 70, 71, 72, 73, 74, 75, 76, 77, 78], "summary": {"covered_lines": 37, "num_statements": 37, "percent_covered": 100.0, "percent_covered_display": "100.00", "missing_lines": 0, "excluded_lines": 0, "num_branches": 0, "num_partial_branches": 0, "covered_branches": 0, "missing_branches": 0}, "missing_lines": [], "excluded_lines": [], "executed_branches": [], "missing_branches": []}, "": {"executed_lines": [1, 4], "summary": {"covered_lines": 2, "num_statements": 2, "percent_covered": 100.0, "percent_covered_display": "100.00", "missing_lines": 0, "excluded_lines": 0, "num_branches": 0, "num_partial_branches": 0, "covered_branches": 0, "missing_branches": 0}, "missing_lines": [], "excluded_lines": [], "executed_branches": [], "missing_branches": []}}, "classes": {"": {"executed_lines": [1, 4, 5, 41, 43, 45, 46, 47, 48, 49, 50, 51, 52, 53, 54, 55, 56, 57, 58, 59, 60, 61, 62, 63, 64, 65, 66, 67, 68, 69, 70, 71, 72, 73, 74, 75, 76, 77, 78], "summary": {"covered_lines": 39, "num_statements": 39, "percent_covered": 100.0, "percent_covered_display": "100.00", "missing_lines": 0, "excluded_lines": 0, "num_branches": 0, "num_partial_branches": 0, "covered_branches": 0, "missing_branches": 0}, "missing_lines": [], "excluded_lines": [], "executed_branches": [], "missing_branches": []}}}, "backend/routes/anki.py": {"executed_lines": [1, 3, 4, 6, 8, 9, 12, 13, 14, 17, 18, 19, 20, 23, 26, 27, 28, 29, 31, 32, 34, 37, 40, 43, 44, 54, 57, 58, 59, 62, 63, 67, 70, 71, 72, 73, 76, 79, 80, 81, 82, 83, 84, 85, 87, 90, 97, 102, 106, 107, 109, 111, 115, 119, 120, 131, 133, 136, 139, 140, 150, 153, 154, 155, 156, 159, 162, 163, 164, 165, 166, 167, 169, 172, 179, 182, 187, 192, 197, 198, 210], "summary": {"covered_lines": 81, "num_statements": 117, "percent_covered": 64.16184971098266, "percent_covered_display": "64.16", "missing_lines": 36, "excluded_lines": 0, "num_branches": 56, "num_partial_branches": 26, "covered_branches": 30, "missing_branches": 26}, "missing_lines": [21, 24, 35, 38, 41, 51, 52, 60, 64, 65, 74, 77, 88, 91, 100, 103, 108, 110, 114, 118, 129, 130, 134, 137, 147, 148, 157, 160, 170, 173, 180, 185, 190, 195, 207, 208], "excluded_lines": [], "executed_branches": [[20, 23], [23, 26], [31, 32], [31, 34], [34, 37], [37, 40], [40, 43], [59, 62], [73, 76], [76, 79], [87, 90], [90, 97], [97, 102], [102, 106], [106, 107], [106, 133], [107, 109], [109, 111], [111, 115], [115, 119], [133, 136], [136, 139], [156, 159], [159, 162], [169, 172], [172, 179], [179, 182], [182, 187], [187, 192], [192, 197]], "missing_branches": [[20, 21], [23, 24], [34, 35], [37, 38], [40, 41], [59, 60], [73, 74], [76, 77], [87, 88], [90, 91], [97, 100], [102, 103], [107, 108], [109, 110], [111, 114], [115, 118], [133, 134], [136, 137], [156, 157], [159, 160], [169, 170], [172, 173], [179, 180], [182, 185], [187, 190], [192, 195]], "functions": {"get_anki_status": {"executed_lines": [14], "summary": {"covered_lines": 1, "num_statements": 1, "percent_covered": 100.0, "percent_covered_display": "100.00", "missing_lines": 0, "excluded_lines": 0, "num_branches": 0, "num_partial_branches": 0, "covered_branches": 0, "missing_branches": 0}, "missing_lines": [], "excluded_lines": [], "executed_branches": [], "missing_branches": []}, "setup_anki_deck": {"executed_lines": [19, 20, 23, 26, 27, 28, 29, 31, 32, 34, 37, 40, 43, 44, 54], "summary": {"covered_lines": 15, "num_statements": 22, "percent_covered": 64.70588235294117, "percent_covered_display": "64.71", "missing_lines": 7, "excluded_lines": 0, "num_branches": 12, "num_partial_branches": 5, "covered_branches": 7, "missing_branches": 5}, "missing_lines": [21, 24, 35, 38, 41, 51, 52], "excluded_lines": [], "executed_branches": [[20, 23], [23, 26], [31, 32], [31, 34], [34, 37], [37, 40], [40, 43]], "missing_branches": [[20, 21], [23, 24], [34, 35], [37, 38], [40, 41]]}, "get_sync_data": {"executed_lines": [59, 62, 63, 67], "summary": {"covered_lines": 4, "num_statements": 7, "percent_covered": 55.55555555555556, "percent_covered_display": "55.56", "missing_lines": 3, "excluded_lines": 0, "num_branches": 2, "num_partial_branches": 1, "covered_branches": 1, "missing_branches": 1}, "missing_lines": [60, 64, 65], "excluded_lines": [], "executed_branches": [[59, 62]], "missing_branches": [[59, 60]]}, "mark_synchronized": {"executed_lines": [72, 73, 76, 79, 80, 81, 82, 83, 84, 85, 87, 90, 97, 102, 106, 107, 109, 111, 115, 119, 120, 131, 133, 136, 139, 140, 150], "summary": {"covered_lines": 27, "num_statements": 43, "percent_covered": 59.42028985507246, "percent_covered_display": "59.42", "missing_lines": 16, "excluded_lines": 0, "num_branches": 26, "num_partial_branches": 12, "covered_branches": 14, "missing_branches": 12}, "missing_lines": [74, 77, 88, 91, 100, 103, 108, 110, 114, 118, 129, 130, 134, 137, 147, 148], "excluded_lines": [], "executed_branches": [[73, 76], [76, 79], [87, 90], [90, 97], [97, 102], [102, 106], [106, 107], [106, 133], [107, 109], [109, 111], [111, 115], [115, 119], [133, 136], [136, 139]], "missing_branches": [[73, 74], [76, 77], [87, 88], [90, 91], [97, 100], [102, 103], [107, 108], [109, 110], [111, 114], [115, 118], [133, 134], [136, 137]]}, "pull_apply": {"executed_lines": [155, 156, 159, 162, 163, 164, 165, 166, 167, 169, 172, 179, 182, 187, 192, 197, 198, 210], "summary": {"covered_lines": 18, "num_statements": 28, "percent_covered": 59.09090909090909, "percent_covered_display": "59.09", "missing_lines": 10, "excluded_lines": 0, "num_branches": 16, "num_partial_branches": 8, "covered_branches": 8, "missing_branches": 8}, "missing_lines": [157, 160, 170, 173, 180, 185, 190, 195, 207, 208], "excluded_lines": [], "executed_branches": [[156, 159], [159, 162], [169, 172], [172, 179], [179, 182], [182, 187], [187, 192], [192, 197]], "missing_branches": [[156, 157], [159, 160], [169, 170], [172, 173], [179, 180], [182, 185], [187, 190], [192, 195]]}, "": {"executed_lines": [1, 3, 4, 6, 8, 9, 12, 13, 17, 18, 57, 58, 70, 71, 153, 154], "summary": {"covered_lines": 16, "num_statements": 16, "percent_covered": 100.0, "percent_covered_display": "100.00", "missing_lines": 0, "excluded_lines": 0, "num_branches": 0, "num_partial_branches": 0, "covered_branches": 0, "missing_branches": 0}, "missing_lines": [], "excluded_lines": [], "executed_branches": [], "missing_branches": []}}, "classes": {"": {"executed_lines": [1, 3, 4, 6, 8, 9, 12, 13, 14, 17, 18, 19, 20, 23, 26, 27, 28, 29, 31, 32, 34, 37, 40, 43, 44, 54, 57, 58, 59, 62, 63, 67, 70, 71, 72, 73, 76, 79, 80, 81, 82, 83, 84, 85, 87, 90, 97, 102, 106, 107, 109, 111, 115, 119, 120, 131, 133, 136, 139, 140, 150, 153, 154, 155, 156, 159, 162, 163, 164, 165, 166, 167, 169, 172, 179, 182, 187, 192, 197, 198, 210], "summary": {"covered_lines": 81, "num_statements": 117, "percent_covered": 64.16184971098266, "percent_covered_display": "64.16", "missing_lines": 36, "excluded_lines": 0, "num_branches": 56, "num_partial_branches": 26, "covered_branches": 30, "missing_branches": 26}, "missing_lines": [21, 24, 35, 38, 41, 51, 52, 60, 64, 65, 74, 77, 88, 91, 100, 103, 108, 110, 114, 118, 129, 130, 134, 137, 147, 148, 157, 160, 170, 173, 180, 185, 190, 195, 207, 208], "excluded_lines": [], "executed_branches": [[20, 23], [23, 26], [31, 32], [31, 34], [34, 37], [37, 40], [40, 43], [59, 62], [73, 76], [76, 79], [87, 90], [90, 97], [97, 102], [102, 106], [106, 107], [106, 133], [107, 109], [109, 111], [111, 115], [115, 119], [133, 136], [136, 139], [156, 159], [159, 162], [169, 172], [172, 179], [179, 182], [182, 187], [187, 192], [192, 197]], "missing_branches": [[20, 21], [23, 24], [34, 35], [37, 38], [40, 41], [59, 60], [73, 74], [76, 77], [87, 88], [90, 91], [97, 100], [102, 103], [107, 108], [109, 110], [111, 114], [115, 118], [133, 134], [136, 137], [156, 157], [159, 160], [169, 170], [172, 173], [179, 180], [182, 185], [187, 190], [192, 195]]}}}, "backend/routes/auth_me.py": {"executed_lines": [1, 3, 5, 6, 7, 9, 12, 13, 14, 15, 16], "summary": {"covered_lines": 10, "num_statements": 10, "percent_covered": 100.0, "percent_covered_display": "100.00", "missing_lines": 0, "excluded_lines": 0, "num_branches": 0, "num_partial_branches": 0, "covered_branches": 0, "missing_branches": 0}, "missing_lines": [], "excluded_lines": [], "executed_branches": [], "missing_branches": [], "functions": {"auth_me": {"executed_lines": [14, 15, 16], "summary": {"covered_lines": 3, "num_statements": 3, "percent_covered": 100.0, "percent_covered_display": "100.00", "missing_lines": 0, "excluded_lines": 0, "num_branches": 0, "num_partial_branches": 0, "covered_branches": 0, "missing_branches": 0}, "missing_lines": [], "excluded_lines": [], "executed_branches": [], "missing_branches": []}, "": {"executed_lines": [1, 3, 5, 6, 7, 9, 12, 13], "summary": {"covered_lines": 7, "num_statements": 7, "percent_covered": 100.0, "percent_covered_display": "100.00", "missing_lines": 0, "excluded_lines": 0, "num_branches": 0, "num_partial_branches": 0, "covered_branches": 0, "missing_branches": 0}, "missing_lines": [], "excluded_lines": [], "executed_branches": [], "missing_branches": []}}, "classes": {"": {"executed_lines": [1, 3, 5, 6, 7, 9, 12, 13, 14, 15, 16], "summary": {"covered_lines": 10, "num_statements": 10, "percent_covered": 100.0, "percent_covered_display": "100.00", "missing_lines": 0, "excluded_lines": 0, "num_branches": 0, "num_partial_branches": 0, "covered_branches": 0, "missing_branches": 0}, "missing_lines": [], "excluded_lines": [], "executed_branches": [], "missing_branches": []}}}, "backend/routes/auth_password_reset.py": {"executed_lines": [1, 8, 10, 12, 14, 19, 21, 22, 24, 27, 28, 29, 30, 31, 33, 34, 35, 36, 37, 38, 40, 43, 44, 45, 46, 47, 48, 49, 50, 52, 53, 54, 56, 57, 58, 59, 61], "summary": {"covered_lines": 36, "num_statements": 36, "percent_covered": 100.0, "percent_covered_display": "100.00", "missing_lines": 0, "excluded_lines": 0, "num_branches": 8, "num_partial_branches": 0, "covered_branches": 8, "missing_branches": 0}, "missing_lines": [], "excluded_lines": [], "executed_branches": [[30, 31], [30, 33], [34, 35], [34, 40], [49, 50], [49, 52], [53, 54], [53, 56]], "missing_branches": [], "functions": {"request_password_reset": {"executed_lines": [29, 30, 31, 33, 34, 35, 36, 37, 38, 40], "summary": {"covered_lines": 10, "num_statements": 10, "percent_covered": 100.0, "percent_covered_display": "100.00", "missing_lines": 0, "excluded_lines": 0, "num_branches": 4, "num_partial_branches": 0, "covered_branches": 4, "missing_branches": 0}, "missing_lines": [], "excluded_lines": [], "executed_branches": [[30, 31], [30, 33], [34, 35], [34, 40]], "missing_branches": []}, "confirm_password_reset": {"executed_lines": [45, 46, 47, 48, 49, 50, 52, 53, 54, 56, 57, 58, 59, 61], "summary": {"covered_lines": 14, "num_statements": 14, "percent_covered": 100.0, "percent_covered_display": "100.00", "missing_lines": 0, "excluded_lines": 0, "num_branches": 4, "num_partial_branches": 0, "covered_branches": 4, "missing_branches": 0}, "missing_lines": [], "excluded_lines": [], "executed_branches": [[49, 50], [49, 52], [53, 54], [53, 56]], "missing_branches": []}, "": {"executed_lines": [1, 8, 10, 12, 14, 19, 21, 22, 24, 27, 28, 43, 44], "summary": {"covered_lines": 12, "num_statements": 12, "percent_covered": 100.0, "percent_covered_display": "100.00", "missing_lines": 0, "excluded_lines": 0, "num_branches": 0, "num_partial_branches": 0, "covered_branches": 0, "missing_branches": 0}, "missing_lines": [], "excluded_lines": [], "executed_branches": [], "missing_branches": []}}, "classes": {"": {"executed_lines": [1, 8, 10, 12, 14, 19, 21, 22, 24, 27, 28, 29, 30, 31, 33, 34, 35, 36, 37, 38, 40, 43, 44, 45, 46, 47, 48, 49, 50, 52, 53, 54, 56, 57, 58, 59, 61], "summary": {"covered_lines": 36, "num_statements": 36, "percent_covered": 100.0, "percent_covered_display": "100.00", "missing_lines": 0, "excluded_lines": 0, "num_branches": 8, "num_partial_branches": 0, "covered_branches": 8, "missing_branches": 0}, "missing_lines": [], "excluded_lines": [], "executed_branches": [[30, 31], [30, 33], [34, 35], [34, 40], [49, 50], [49, 52], [53, 54], [53, 56]], "missing_branches": []}}}, "backend/routes/bulk_characters.py": {"executed_lines": [1, 2, 3, 5, 7, 8, 9, 10, 11, 13, 15, 18, 19, 21, 22, 23, 24, 27, 28, 29, 30, 31, 33, 34, 36, 37, 38, 40, 41, 42, 50, 51, 52, 53, 54, 56, 57, 58, 59, 61, 62, 63, 64, 65, 67, 68, 69, 71], "summary": {"covered_lines": 48, "num_statements": 49, "percent_covered": 96.72131147540983, "percent_covered_display": "96.72", "missing_lines": 1, "excluded_lines": 0, "num_branches": 12, "num_partial_branches": 1, "covered_branches": 11, "missing_branches": 1}, "missing_lines": [20], "excluded_lines": [], "executed_branches": [[19, 21], [30, 31], [30, 33], [37, 38], [37, 40], [40, 41], [40, 67], [41, 42], [41, 50], [57, 58], [57, 61]], "missing_branches": [[19, 20]], "functions": {"_parse_updated_at": {"executed_lines": [19, 21, 22, 23, 24], "summary": {"covered_lines": 5, "num_statements": 6, "percent_covered": 75.0, "percent_covered_display": "75.00", "missing_lines": 1, "excluded_lines": 0, "num_branches": 2, "num_partial_branches": 1, "covered_branches": 1, "missing_branches": 1}, "missing_lines": [20], "excluded_lines": [], "executed_branches": [[19, 21]], "missing_branches": [[19, 20]]}, "bulk_characters": {"executed_lines": [29, 30, 31, 33, 34, 36, 37, 38, 40, 41, 42, 50, 51, 52, 53, 54, 56, 57, 58, 59, 61, 62, 63, 64, 65, 67, 68, 69, 71], "summary": {"covered_lines": 29, "num_statements": 29, "percent_covered": 100.0, "percent_covered_display": "100.00", "missing_lines": 0, "excluded_lines": 0, "num_branches": 10, "num_partial_branches": 0, "covered_branches": 10, "missing_branches": 0}, "missing_lines": [], "excluded_lines": [], "executed_branches": [[30, 31], [30, 33], [37, 38], [37, 40], [40, 41], [40, 67], [41, 42], [41, 50], [57, 58], [57, 61]], "missing_branches": []}, "": {"executed_lines": [1, 2, 3, 5, 7, 8, 9, 10, 11, 13, 15, 18, 27, 28], "summary": {"covered_lines": 14, "num_statements": 14, "percent_covered": 100.0, "percent_covered_display": "100.00", "missing_lines": 0, "excluded_lines": 0, "num_branches": 0, "num_partial_branches": 0, "covered_branches": 0, "missing_branches": 0}, "missing_lines": [], "excluded_lines": [], "executed_branches": [], "missing_branches": []}}, "classes": {"": {"executed_lines": [1, 2, 3, 5, 7, 8, 9, 10, 11, 13, 15, 18, 19, 21, 22, 23, 24, 27, 28, 29, 30, 31, 33, 34, 36, 37, 38, 40, 41, 42, 50, 51, 52, 53, 54, 56, 57, 58, 59, 61, 62, 63, 64, 65, 67, 68, 69, 71], "summary": {"covered_lines": 48, "num_statements": 49, "percent_covered": 96.72131147540983, "percent_covered_display": "96.72", "missing_lines": 1, "excluded_lines": 0, "num_branches": 12, "num_partial_branches": 1, "covered_branches": 11, "missing_branches": 1}, "missing_lines": [20], "excluded_lines": [], "executed_branches": [[19, 21], [30, 31], [30, 33], [37, 38], [37, 40], [40, 41], [40, 67], [41, 42], [41, 50], [57, 58], [57, 61]], "missing_branches": [[19, 20]]}}}, "backend/routes/bulk_create_characters.py": {"executed_lines": [1, 3, 4, 5, 6, 10, 12, 14, 17, 18, 19, 20, 21, 23, 24, 26, 27, 31, 32, 33, 34, 37, 38, 39, 40, 42, 43, 49, 50, 52, 54, 60, 61, 65, 66, 67, 73, 74, 75, 76, 78], "summary": {"covered_lines": 41, "num_statements": 43, "percent_covered": 93.22033898305085, "percent_covered_display": "93.22", "missing_lines": 2, "excluded_lines": 0, "num_branches": 16, "num_partial_branches": 2, "covered_branches": 14, "missing_branches": 2}, "missing_lines": [25, 35], "excluded_lines": [], "executed_branches": [[20, 21], [20, 23], [24, 26], [26, 27], [26, 31], [33, 34], [33, 52], [34, 37], [42, 43], [42, 49], [60, 61], [60, 65], [66, 67], [66, 75]], "missing_branches": [[24, 25], [34, 35]], "functions": {"bulk_create_characters": {"executed_lines": [19, 20, 21, 23, 24, 26, 27, 31, 32, 33, 34, 37, 38, 39, 40, 42, 43, 49, 50, 52, 54, 60, 61, 65, 66, 67, 73, 74, 75, 76, 78], "summary": {"covered_lines": 31, "num_statements": 33, "percent_covered": 91.83673469387755, "percent_covered_display": "91.84", "missing_lines": 2, "excluded_lines": 0, "num_branches": 16, "num_partial_branches": 2, "covered_branches": 14, "missing_branches": 2}, "missing_lines": [25, 35], "excluded_lines": [], "executed_branches": [[20, 21], [20, 23], [24, 26], [26, 27], [26, 31], [33, 34], [33, 52], [34, 37], [42, 43], [42, 49], [60, 61], [60, 65], [66, 67], [66, 75]], "missing_branches": [[24, 25], [34, 35]]}, "": {"executed_lines": [1, 3, 4, 5, 6, 10, 12, 14, 17, 18], "summary": {"covered_lines": 10, "num_statements": 10, "percent_covered": 100.0, "percent_covered_display": "100.00", "missing_lines": 0, "excluded_lines": 0, "num_branches": 0, "num_partial_branches": 0, "covered_branches": 0, "missing_branches": 0}, "missing_lines": [], "excluded_lines": [], "executed_branches": [], "missing_branches": []}}, "classes": {"": {"executed_lines": [1, 3, 4, 5, 6, 10, 12, 14, 17, 18, 19, 20, 21, 23, 24, 26, 27, 31, 32, 33, 34, 37, 38, 39, 40, 42, 43, 49, 50, 52, 54, 60, 61, 65, 66, 67, 73, 74, 75, 76, 78], "summary": {"covered_lines": 41, "num_statements": 43, "percent_covered": 93.22033898305085, "percent_covered_display": "93.22", "missing_lines": 2, "excluded_lines": 0, "num_branches": 16, "num_partial_branches": 2, "covered_branches": 14, "missing_branches": 2}, "missing_lines": [25, 35], "excluded_lines": [], "executed_branches": [[20, 21], [20, 23], [24, 26], [26, 27], [26, 31], [33, 34], [33, 52], [34, 37], [42, 43], [42, 49], [60, 61], [60, 65], [66, 67], [66, 75]], "missing_branches": [[24, 25], [34, 35]]}}}, "backend/routes/bulk_create_words.py": {"executed_lines": [1, 3, 4, 5, 6, 7, 8, 10, 12, 15, 16, 17, 18, 19, 21, 22, 24, 25, 27, 28, 29, 30, 33, 34, 37, 38, 40, 41, 44, 45, 47, 49, 55, 56, 58, 59, 60, 61, 69, 70, 72, 73, 74, 76], "summary": {"covered_lines": 44, "num_statements": 46, "percent_covered": 93.54838709677419, "percent_covered_display": "93.55", "missing_lines": 2, "excluded_lines": 0, "num_branches": 16, "num_partial_branches": 2, "covered_branches": 14, "missing_branches": 2}, "missing_lines": [23, 31], "excluded_lines": [], "executed_branches": [[18, 19], [18, 21], [22, 24], [24, 25], [24, 27], [29, 30], [29, 47], [30, 33], [40, 41], [40, 44], [55, 56], [55, 58], [60, 61], [60, 72]], "missing_branches": [[22, 23], [30, 31]], "functions": {"bulk_create_words": {"executed_lines": [17, 18, 19, 21, 22, 24, 25, 27, 28, 29, 30, 33, 34, 37, 38, 40, 41, 44, 45, 47, 49, 55, 56, 58, 59, 60, 61, 69, 70, 72, 73, 74, 76], "summary": {"covered_lines": 33, "num_statements": 35, "percent_covered": 92.15686274509804, "percent_covered_display": "92.16", "missing_lines": 2, "excluded_lines": 0, "num_branches": 16, "num_partial_branches": 2, "covered_branches": 14, "missing_branches": 2}, "missing_lines": [23, 31], "excluded_lines": [], "executed_branches": [[18, 19], [18, 21], [22, 24], [24, 25], [24, 27], [29, 30], [29, 47], [30, 33], [40, 41], [40, 44], [55, 56], [55, 58], [60, 61], [60, 72]], "missing_branches": [[22, 23], [30, 31]]}, "": {"executed_lines": [1, 3, 4, 5, 6, 7, 8, 10, 12, 15, 16], "summary": {"covered_lines": 11, "num_statements": 11, "percent_covered": 100.0, "percent_covered_display": "100.00", "missing_lines": 0, "excluded_lines": 0, "num_branches": 0, "num_partial_branches": 0, "covered_branches": 0, "missing_branches": 0}, "missing_lines": [], "excluded_lines": [], "executed_branches": [], "missing_branches": []}}, "classes": {"": {"executed_lines": [1, 3, 4, 5, 6, 7, 8, 10, 12, 15, 16, 17, 18, 19, 21, 22, 24, 25, 27, 28, 29, 30, 33, 34, 37, 38, 40, 41, 44, 45, 47, 49, 55, 56, 58, 59, 60, 61, 69, 70, 72, 73, 74, 76], "summary": {"covered_lines": 44, "num_statements": 46, "percent_covered": 93.54838709677419, "percent_covered_display": "93.55", "missing_lines": 2, "excluded_lines": 0, "num_branches": 16, "num_partial_branches": 2, "covered_branches": 14, "missing_branches": 2}, "missing_lines": [23, 31], "excluded_lines": [], "executed_branches": [[18, 19], [18, 21], [22, 24], [24, 25], [24, 27], [29, 30], [29, 47], [30, 33], [40, 41], [40, 44], [55, 56], [55, 58], [60, 61], [60, 72]], "missing_branches": [[22, 23], [30, 31]]}}}, "backend/routes/challenges.py": {"executed_lines": [1, 3, 4, 6, 9, 10, 11], "summary": {"covered_lines": 7, "num_statements": 7, "percent_covered": 100.0, "percent_covered_display": "100.00", "missing_lines": 0, "excluded_lines": 0, "num_branches": 0, "num_partial_branches": 0, "covered_branches": 0, "missing_branches": 0}, "missing_lines": [], "excluded_lines": [], "executed_branches": [], "missing_branches": [], "functions": {"challenges_progress": {"executed_lines": [11], "summary": {"covered_lines": 1, "num_statements": 1, "percent_covered": 100.0, "percent_covered_display": "100.00", "missing_lines": 0, "excluded_lines": 0, "num_branches": 0, "num_partial_branches": 0, "covered_branches": 0, "missing_branches": 0}, "missing_lines": [], "excluded_lines": [], "executed_branches": [], "missing_branches": []}, "": {"executed_lines": [1, 3, 4, 6, 9, 10], "summary": {"covered_lines": 6, "num_statements": 6, "percent_covered": 100.0, "percent_covered_display": "100.00", "missing_lines": 0, "excluded_lines": 0, "num_branches": 0, "num_partial_branches": 0, "covered_branches": 0, "missing_branches": 0}, "missing_lines": [], "excluded_lines": [], "executed_branches": [], "missing_branches": []}}, "classes": {"": {"executed_lines": [1, 3, 4, 6, 9, 10, 11], "summary": {"covered_lines": 7, "num_statements": 7, "percent_covered": 100.0, "percent_covered_display": "100.00", "missing_lines": 0, "excluded_lines": 0, "num_branches": 0, "num_partial_branches": 0, "covered_branches": 0, "missing_branches": 0}, "missing_lines": [], "excluded_lines": [], "executed_branches": [], "missing_branches": []}}}, "backend/routes/chat.py": {"executed_lines": [1, 3, 10, 15, 22, 34, 41, 42, 43, 45, 48, 49, 50, 51, 52, 55, 56, 59, 60, 61, 64, 65, 67, 70, 76, 83, 86, 89, 90, 91, 92, 95, 98, 99, 100, 101, 102, 104, 105, 107, 108, 109, 110, 112, 113, 115, 117, 118, 119, 120, 122, 127, 130, 131, 136, 144, 147, 154, 155, 156, 157, 159, 160, 163, 171, 172, 173, 180, 190, 197, 199, 207, 210, 215, 216, 217, 218, 219, 220, 221, 223, 224, 225, 226, 228, 229, 230, 231, 232, 235, 236, 241, 246, 252, 253, 264, 268, 269, 270, 271, 277, 278, 279, 280, 281, 286, 287, 288, 289, 291, 294, 300, 301, 302, 303, 304, 305, 310, 312, 313, 314, 315, 316, 317, 318, 320, 326, 327, 333, 334, 338, 345, 346, 347, 348, 349, 350, 351, 352, 353, 354, 355, 356, 358, 361, 362, 363, 364, 366, 369, 370, 371, 372, 374, 375, 376, 377, 378, 379, 380], "summary": {"covered_lines": 160, "num_statements": 181, "percent_covered": 85.66037735849056, "percent_covered_display": "85.66", "missing_lines": 21, "excluded_lines": 0, "num_branches": 84, "num_partial_branches": 15, "covered_branches": 67, "missing_branches": 17}, "missing_lines": [57, 62, 68, 71, 84, 93, 96, 114, 125, 128, 134, 185, 186, 187, 188, 198, 200, 201, 202, 335, 336], "excluded_lines": [], "executed_branches": [
[...]
_entry": {"executed_lines": [114, 115, 116, 117, 120, 121, 122, 123, 124, 125, 126, 127, 128, 129, 130, 132], "summary": {"covered_lines": 16, "num_statements": 16, "percent_covered": 100.0, "percent_covered_display": "100.00", "missing_lines": 0, "excluded_lines": 0, "num_branches": 6, "num_partial_branches": 0, "covered_branches": 6, "missing_branches": 0}, "missing_lines": [], "excluded_lines": [], "executed_branches": [[116, 117], [116, 120], [122, 123], [122, 132], [127, 128], [127, 130]], "missing_branches": []}, "words_by_new_level": {"executed_lines": [151, 153, 154, 155, 156, 157, 158, 159, 160, 161, 162, 164, 165, 167], "summary": {"covered_lines": 14, "num_statements": 14, "percent_covered": 95.83333333333333, "percent_covered_display": "95.83", "missing_lines": 0, "excluded_lines": 0, "num_branches": 10, "num_partial_branches": 1, "covered_branches": 9, "missing_branches": 1}, "missing_lines": [], "excluded_lines": [], "executed_branches": [[153, 154], [153, 164], [156, 153], [156, 157], [158, 159], [158, 160], [161, 162], [164, 165], [164, 167]], "missing_branches": [[161, 156]]}, "": {"executed_lines": [1, 3, 5, 6, 7, 8, 9, 10, 12, 14, 17, 18, 20, 22, 25, 26, 28, 29, 30, 31, 33, 34, 38, 43, 48, 67, 74, 80, 85, 105, 143], "summary": {"covered_lines": 29, "num_statements": 29, "percent_covered": 100.0, "percent_covered_display": "100.00", "missing_lines": 0, "excluded_lines": 0, "num_branches": 0, "num_partial_branches": 0, "covered_branches": 0, "missing_branches": 0}, "missing_lines": [], "excluded_lines": [], "executed_branches": [], "missing_branches": []}}, "classes": {"HskWordForm": {"executed_lines": [35], "summary": {"covered_lines": 1, "num_statements": 1, "percent_covered": 100.0, "percent_covered_display": "100.00", "missing_lines": 0, "excluded_lines": 0, "num_branches": 0, "num_partial_branches": 0, "covered_branches": 0, "missing_branches": 0}, "missing_lines": [], "excluded_lines": [], "executed_branches": [], "missing_branches": []}, "": {"executed_lines": [1, 3, 5, 6, 7, 8, 9, 10, 12, 14, 17, 18, 20, 22, 25, 26, 28, 29, 30, 31, 33, 34, 38, 40, 43, 45, 48, 56, 57, 58, 59, 61, 62, 63, 64, 67, 69, 71, 74, 76, 77, 80, 82, 85, 90, 91, 92, 94, 95, 96, 97, 102, 105, 114, 115, 116, 117, 120, 121, 122, 123, 124, 125, 126, 127, 128, 129, 130, 132, 143, 151, 153, 154, 155, 156, 157, 158, 159, 160, 161, 162, 164, 165, 167], "summary": {"covered_lines": 82, "num_statements": 84, "percent_covered": 95.45454545454545, "percent_covered_display": "95.45", "missing_lines": 2, "excluded_lines": 0, "num_branches": 26, "num_partial_branches": 3, "covered_branches": 23, "missing_branches": 3}, "missing_lines": [60, 70], "excluded_lines": [], "executed_branches": [[57, 58], [57, 64], [59, 61], [61, 62], [61, 63], [69, 71], [90, 91], [90, 94], [116, 117], [116, 120], [122, 123], [122, 132], [127, 128], [127, 130], [153, 154], [153, 164], [156, 153], [156, 157], [158, 159], [158, 160], [161, 162], [164, 165], [164, 167]], "missing_branches": [[59, 60], [69, 70], [161, 156]]}}}, "backend/utils/knowledgeBase/hsk_word_picker.py": {"executed_lines": [1, 11, 13, 15, 17, 18, 20, 21, 22, 25, 26, 27, 28, 29, 30, 31, 34, 41, 42, 45, 47, 48, 49, 55, 56, 57, 58, 59, 62, 64, 67, 74, 75, 76, 78, 79, 82, 84, 85, 86, 91, 108, 109, 111, 112, 113, 114, 115, 117, 118, 123, 127, 128, 129, 131, 133], "summary": {"covered_lines": 55, "num_statements": 56, "percent_covered": 97.22222222222223, "percent_covered_display": "97.22", "missing_lines": 1, "excluded_lines": 0, "num_branches": 16, "num_partial_branches": 1, "covered_branches": 15, "missing_branches": 1}, "missing_lines": [88], "excluded_lines": [], "executed_branches": [[49, 55], [49, 59], [55, 56], [55, 57], [74, 75], [74, 78], [78, 79], [78, 84], [84, 85], [112, 113], [112, 117], [117, 118], [117, 123], [128, 129], [128, 131]], "missing_branches": [[84, 88]], "functions": {"_ordered_unseen_words": {"executed_lines": [41, 42, 45, 47, 48, 49, 55, 56, 57, 58, 59], "summary": {"covered_lines": 11, "num_statements": 11, "percent_covered": 100.0, "percent_covered_display": "100.00", "missing_lines": 0, "excluded_lines": 0, "num_branches": 4, "num_partial_branches": 0, "covered_branches": 4, "missing_branches": 0}, "missing_lines": [], "excluded_lines": [], "executed_branches": [[49, 55], [49, 59], [55, 56], [55, 57]], "missing_branches": []}, "suggested_hsk_words": {"executed_lines": [64], "summary": {"covered_lines": 1, "num_statements": 1, "percent_covered": 100.0, "percent_covered_display": "100.00", "missing_lines": 0, "excluded_lines": 0, "num_branches": 0, "num_partial_branches": 0, "covered_branches": 0, "missing_branches": 0}, "missing_lines": [], "excluded_lines": [], "executed_branches": [], "missing_branches": []}, "_advance_index": {"executed_lines": [74, 75, 76, 78, 79, 82, 84, 85, 86], "summary": {"covered_lines": 9, "num_statements": 10, "percent_covered": 87.5, "percent_covered_display": "87.50", "missing_lines": 1, "excluded_lines": 0, "num_branches": 6, "num_partial_branches": 1, "covered_branches": 5, "missing_branches": 1}, "missing_lines": [88], "excluded_lines": [], "executed_branches": [[74, 75], [74, 78], [78, 79], [78, 84], [84, 85]], "missing_branches": [[84, 88]]}, "pick_next_hsk_word": {"executed_lines": [108, 109, 111, 112, 113, 114, 115, 117, 118, 123, 127, 128, 129, 131, 133], "summary": {"covered_lines": 15, "num_statements": 15, "percent_covered": 100.0, "percent_covered_display": "100.00", "missing_lines": 0, "excluded_lines": 0, "num_branches": 6, "num_partial_branches": 0, "covered_branches": 6, "missing_branches": 0}, "missing_lines": [], "excluded_lines": [], "executed_branches": [[112, 113], [112, 117], [117, 118], [117, 123], [128, 129], [128, 131]], "missing_branches": []}, "": {"executed_lines": [1, 11, 13, 15, 17, 18, 20, 21, 22, 25, 26, 27, 28, 29, 30, 31, 34, 62, 67, 91], "summary": {"covered_lines": 19, "num_statements": 19, "percent_covered": 100.0, "percent_covered_display": "100.00", "missing_lines": 0, "excluded_lines": 0, "num_branches": 0, "num_partial_branches": 0, "covered_branches": 0, "missing_branches": 0}, "missing_lines": [], "excluded_lines": [], "executed_branches": [], "missing_branches": []}}, "classes": {"WordPickResult": {"executed_lines": [], "summary": {"covered_lines": 0, "num_statements": 0, "percent_covered": 100.0, "percent_covered_display": "100.00", "missing_lines": 0, "excluded_lines": 0, "num_branches": 0, "num_partial_branches": 0, "covered_branches": 0, "missing_branches": 0}, "missing_lines": [], "excluded_lines": [], "executed_branches": [], "missing_branches": []}, "": {"executed_lines": [1, 11, 13, 15, 17, 18, 20, 21, 22, 25, 26, 27, 28, 29, 30, 31, 34, 41, 42, 45, 47, 48, 49, 55, 56, 57, 58, 59, 62, 64, 67, 74, 75, 76, 78, 79, 82, 84, 85, 86, 91, 108, 109, 111, 112, 113, 114, 115, 117, 118, 123, 127, 128, 129, 131, 133], "summary": {"covered_lines": 55, "num_statements": 56, "percent_covered": 97.22222222222223, "percent_covered_display": "97.22", "missing_lines": 1, "excluded_lines": 0, "num_branches": 16, "num_partial_branches": 1, "covered_branches": 15, "missing_branches": 1}, "missing_lines": [88], "excluded_lines": [], "executed_branches": [[49, 55], [49, 59], [55, 56], [55, 57], [74, 75], [74, 78], [78, 79], [78, 84], [84, 85], [112, 113], [112, 117], [117, 118], [117, 123], [128, 129], [128, 131]], "missing_branches": [[84, 88]]}}}, "backend/utils/knowledgeBase/load_hsk_content.py": {"executed_lines": [], "summary": {"covered_lines": 0, "num_statements": 24, "percent_covered": 0.0, "percent_covered_display": "0.00", "missing_lines": 24, "excluded_lines": 0, "num_branches": 6, "num_partial_branches": 0, "covered_branches": 0, "missing_branches": 6}, "missing_lines": [3, 5, 6, 8, 9, 10, 11, 14, 15, 16, 17, 19, 21, 23, 24, 25, 26, 27, 29, 30, 31, 32, 35, 36], "excluded_lines": [], "executed_branches": [], "missing_branches": [[16, 17], [16, 19], [29, 30], [29, 31], [35, -1], [35, 36]], "functions": {"main": {"executed_lines": [], "summary": {"covered_lines": 0, "num_statements": 14, "percent_covered": 0.0, "percent_covered_display": "0.00", "missing_lines": 14, "excluded_lines": 0, "num_branches": 4, "num_partial_branches": 0, "covered_branches": 0, "missing_branches": 4}, "missing_lines": [15, 16, 17, 19, 21, 23, 24, 25, 26, 27, 29, 30, 31, 32], "excluded_lines": [], "executed_branches": [], "missing_branches": [[16, 17], [16, 19], [29, 30], [29, 31]]}, "": {"executed_lines": [], "summary": {"covered_lines": 0, "num_statements": 10, "percent_covered": 0.0, "percent_covered_display": "0.00", "missing_lines": 10, "excluded_lines": 0, "num_branches": 2, "num_partial_branches": 0, "covered_branches": 0, "missing_branches": 2}, "missing_lines": [3, 5, 6, 8, 9, 10, 11, 14, 35, 36], "excluded_lines": [], "executed_branches": [], "missing_branches": [[35, -1], [35, 36]]}}, "classes": {"": {"executed_lines": [], "summary": {"covered_lines": 0, "num_statements": 24, "percent_covered": 0.0, "percent_covered_display": "0.00", "missing_lines": 24, "excluded_lines": 0, "num_branches": 6, "num_partial_branches": 0, "covered_branches": 0, "missing_branches": 6}, "missing_lines": [3, 5, 6, 8, 9, 10, 11, 14, 15, 16, 17, 19, 21, 23, 24, 25, 26, 27, 29, 30, 31, 32, 35, 36], "excluded_lines": [], "executed_branches": [], "missing_branches": [[16, 17], [16, 19], [29, 30], [29, 31], [35, -1], [35, 36]]}}}, "backend/utils/knowledgeBase/pinyin.py": {"executed_lines": [1, 3, 5, 9, 113, 114, 115, 116, 119, 146, 186, 649, 650, 651, 652, 657, 658, 659, 660, 663, 664, 665, 668, 669, 672, 673, 674, 675, 676, 677, 678, 681, 683, 686, 687, 688, 690, 691, 692, 693, 696, 698, 699, 700, 701, 702, 704, 705, 709, 710, 711, 712, 713, 715, 716, 717, 718, 720, 723, 725, 726, 727, 728, 729, 732, 737, 738, 739, 741, 742, 743, 745, 746, 747, 749], "summary": {"covered_lines": 74, "num_statements": 81, "percent_covered": 89.74358974358974, "percent_covered_display": "89.74", "missing_lines": 7, "excluded_lines": 0, "num_branches": 36, "num_partial_branches": 5, "covered_branches": 31, "missing_branches": 5}, "missing_lines": [666, 670, 689, 706, 707, 708, 719], "excluded_lines": [], "executed_branches": [[658, 659], [658, 660], [665, 668], [669, 672], [672, 673], [672, 678], [673, 674], [673, 675], [676, 672], [676, 677], [688, 690], [691, 692], [691, 693], [700, 701], [700, 715], [702, 704], [702, 709], [705, 709], [709, 710], [709, 712], [716, 717], [716, 718], [718, 720], [727, 728], [727, 729], [738, 739], [738, 741], [742, 743], [742, 745], [746, 747], [746, 749]], "missing_branches": [[665, 666], [669, 670], [688, 689], [705, 706], [718, 719]], "functions": {"_strip_tone": {"executed_lines": [658, 659, 660], "summary": {"covered_lines": 3, "num_statements": 3, "percent_covered": 100.0, "percent_covered_display": "100.00", "missing_lines": 0, "excluded_lines": 0, "num_branches": 2, "num_partial_branches": 0, "covered_branches": 2, "missing_branches": 0}, "missing_lines": [], "excluded_lines": [], "executed_branches": [[658, 659], [658, 660]], "missing_branches": []}, "parse_pinyin_syllable": {"executed_lines": [664, 665, 668, 669, 672, 673, 674, 675, 676, 677, 678], "summary": {"covered_lines": 11, "num_statements": 13, "percent_covered": 82.6086956521739, "percent_covered_display": "82.61", "missing_lines": 2, "excluded_lines": 0, "num_branches": 10, "num_partial_branches": 2, "covered_branches": 8, "missing_branches": 2}, "missing_lines": [666, 670], "excluded_lines": [], "executed_branches": [[665, 668], [669, 672], [672, 673], [672, 678], [673, 674], [673, 675], [676, 672], [676, 677]], "missing_branches": [[665, 666], [669, 670]]}, "is_valid_pinyin": {"executed_lines": [683], "summary": {"covered_lines": 1, "num_statements": 1, "percent_covered": 100.0, "percent_covered_display": "100.00", "missing_lines": 0, "excluded_lines": 0, "num_branches": 0, "num_partial_branches": 0, "covered_branches": 0, "missing_branches": 0}, "missing_lines": [], "excluded_lines": [], "executed_branches": [], "missing_branches": []}, "suggest_umlaut_pinyin": {"executed_lines": [687, 688, 690, 691, 692, 693], "summary": {"covered_lines": 6, "num_statements": 7, "percent_covered": 81.81818181818181, "percent_covered_display": "81.82", "missing_lines": 1, "excluded_lines": 0, "num_branches": 4, "num_partial_branches": 1, "covered_branches": 3, "missing_branches": 1}, "missing_lines": [689], "excluded_lines": [], "executed_branches": [[688, 690], [691, 692], [691, 693]], "missing_branches": [[688, 689]]}, "replace_pinyin_accents": {"executed_lines": [698, 699, 700, 701, 702, 704, 705, 709, 710, 711, 712, 713, 715, 716, 717, 718, 720], "summary": {"covered_lines": 17, "num_statements": 21, "percent_covered": 81.81818181818181, "percent_covered_display": "81.82", "missing_lines": 4, "excluded_lines": 0, "num_branches": 12, "num_partial_branches": 2, "covered_branches": 10, "missing_branches": 2}, "missing_lines": [706, 707, 708, 719], "excluded_lines": [], "executed_branches": [[700, 701], [700, 715], [702, 704], [702, 709], [705, 709], [709, 710], [709, 712], [716, 717], [716, 718], [718, 720]], "missing_branches": [[705, 706], [718, 719]]}, "fix_erhua_syllable": {"executed_lines": [725, 726, 727, 728, 729], "summary": {"covered_lines": 5, "num_statements": 5, "percent_covered": 100.0, "percent_covered_display": "100.00", "missing_lines": 0, "excluded_lines": 0, "num_branches": 2, "num_partial_branches": 0, "covered_branches": 2, "missing_branches": 0}, "missing_lines": [], "excluded_lines": [], "executed_branches": [[727, 728], [727, 729]], "missing_branches": []}, "normalize_anki_pinyin_token": {"executed_lines": [737, 738, 739, 741, 742, 743, 745, 746, 747, 749], "summary": {"covered_lines": 10, "num_statements": 10, "percent_covered": 100.0, "percent_covered_display": "100.00", "missing_lines": 0, "excluded_lines": 0, "num_branches": 6, "num_partial_branches": 0, "covered_branches": 6, "missing_branches": 0}, "missing_lines": [], "excluded_lines": [], "executed_branches": [[738, 739], [738, 741], [742, 743], [742, 745], [746, 747], [746, 749]], "missing_branches": []}, "": {"executed_lines": [1, 3, 5, 9, 113, 114, 115, 116, 119, 146, 186, 649, 650, 651, 652, 657, 663, 681, 686, 696, 723, 732], "summary": {"covered_lines": 21, "num_statements": 21, "percent_covered": 100.0, "percent_covered_display": "100.00", "missing_lines": 0, "excluded_lines": 0, "num_branches": 0, "num_partial_branches": 0, "covered_branches": 0, "missing_branches": 0}, "missing_lines": [], "excluded_lines": [], "executed_branches": [], "missing_branches": []}}, "classes": {"PinyinAccentRule": {"executed_lines": [], "summary": {"covered_lines": 0, "num_statements": 0, "percent_covered": 100.0, "percent_covered_display": "100.00", "missing_lines": 0, "excluded_lines": 0, "num_branches": 0, "num_partial_branches": 0, "covered_branches": 0, "missing_branches": 0}, "missing_lines": [], "excluded_lines": [], "executed_branches": [], "missing_branches": []}, "": {"executed_lines": [1, 3, 5, 9, 113, 114, 115, 116, 119, 146, 186, 649, 650, 651, 652, 657, 658, 659, 660, 663, 664, 665, 668, 669, 672, 673, 674, 675, 676, 677, 678, 681, 683, 686, 687, 688, 690, 691, 692, 693, 696, 698, 699, 700, 701, 702, 704, 705, 709, 710, 711, 712, 713, 715, 716, 717, 718, 720, 723, 725, 726, 727, 728, 729, 732, 737, 738, 739, 741, 742, 743, 745, 746, 747, 749], "summary": {"covered_lines": 74, "num_statements": 81, "percent_covered": 89.74358974358974, "percent_covered_display": "89.74", "missing_lines": 7, "excluded_lines": 0, "num_branches": 36, "num_partial_branches": 5, "covered_branches": 31, "missing_branches": 5}, "missing_lines": [666, 670, 689, 706, 707, 708, 719], "excluded_lines": [], "executed_branches": [[658, 659], [658, 660], [665, 668], [669, 672], [672, 673], [672, 678], [673, 674], [673, 675], [676, 672], [676, 677], [688, 690], [691, 692], [691, 693], [700, 701], [700, 715], [702, 704], [702, 709], [705, 709], [709, 710], [709, 712], [716, 717], [716, 718], [718, 720], [727, 728], [727, 729], [738, 739], [738, 741], [742, 743], [742, 745], [746, 747], [746, 749]], "missing_branches": [[665, 666], [669, 670], [688, 689], [705, 706], [718, 719]]}}}, "backend/utils/request_logging.py": {"executed_lines": [1, 10, 12, 14, 16, 19, 20, 21, 22, 25, 27, 28, 30, 31, 32, 35, 36, 37, 40, 41, 42, 43, 45, 50, 53, 54, 55], "summary": {"covered_lines": 26, "num_statements": 26, "percent_covered": 100.0, "percent_covered_display": "100.00", "missing_lines": 0, "excluded_lines": 0, "num_branches": 4, "num_partial_branches": 0, "covered_branches": 4, "missing_branches": 0}, "missing_lines": [], "excluded_lines": [], "executed_branches": [[20, 21], [20, 22], [28, 30], [28, 32]], "missing_branches": [], "functions": {"current_request_id": {"executed_lines": [20, 21, 22], "summary": {"covered_lines": 3, "num_statements": 3, "percent_covered": 100.0, "percent_covered_display": "100.00", "missing_lines": 0, "excluded_lines": 0, "num_branches": 2, "num_partial_branches": 0, "covered_branches": 2, "missing_branches": 0}, "missing_lines": [], "excluded_lines": [], "executed_branches": [[20, 21], [20, 22]], "missing_branches": []}, "progress_log": {"executed_lines": [27, 28, 30, 31, 32], "summary": {"covered_lines": 5, "num_statements": 5, "percent_covered": 100.0, "percent_covered_display": "100.00", "missing_lines": 0, "excluded_lines": 0, "num_branches": 2, "num_partial_branches": 0, "covered_branches": 2, "missing_branches": 0}, "missing_lines": [], "excluded_lines": [], "executed_branches": [[28, 30], [28, 32]], "missing_branches": []}, "_assign_request_id": {"executed_lines": [36, 37], "summary": {"covered_lines": 2, "num_statements": 2, "percent_covered": 100.0, "percent_covered_display": "100.00", "missing_lines": 0, "excluded_lines": 0, "num_branches": 0, "num_partial_branches": 0, "covered_branches": 0, "missing_branches": 0}, "missing_lines": [], "excluded_lines": [], "executed_branches": [], "missing_branches": []}, "_log_and_set_header": {"executed_lines": [41, 42, 43, 45, 50], "summary": {"covered_lines": 5, "num_statements": 5, "percent_covered": 100.0, "percent_covered_display": "100.00", "missing_lines": 0, "excluded_lines": 0, "num_branches": 0, "num_partial_branches": 0, "covered_branches": 0, "missing_branches": 0}, "missing_lines": [], "excluded_lines": [], "executed_branches": [], "missing_branches": []}, "register_request_logging": {"executed_lines": [54, 55], "summary": {"covered_lines": 2, "num_statements": 2, "percent_covered": 100.0, "percent_covered_display": "100.00", "missing_lines": 0, "excluded_lines": 0, "num_branches": 0, "num_partial_branches": 0, "covered_branches": 0, "missing_branches": 0}, "missing_lines": [], "excluded_lines": [], "executed_branches": [], "missing_branches": []}, "": {"executed_lines": [1, 10, 12, 14, 16, 19, 25, 35, 40, 53], "summary": {"covered_lines": 9, "num_statements": 9, "percent_covered": 100.0, "percent_covered_display": "100.00", "missing_lines": 0, "excluded_lines": 0, "num_branches": 0, "num_partial_branches": 0, "covered_branches": 0, "missing_branches": 0}, "missing_lines": [], "excluded_lines": [], "executed_branches": [], "missing_branches": []}}, "classes": {"": {"executed_lines": [1, 10, 12, 14, 16, 19, 20, 21, 22, 25, 27, 28, 30, 31, 32, 35, 36, 37, 40, 41, 42, 43, 45, 50, 53, 54, 55], "summary": {"covered_lines": 26, "num_statements": 26, "percent_covered": 100.0, "percent_covered_display": "100.00", "missing_lines": 0, "excluded_lines": 0, "num_branches": 4, "num_partial_branches": 0, "covered_branches": 4, "missing_branches": 0}, "missing_lines": [], "excluded_lines": [], "executed_branches": [[20, 21], [20, 22], [28, 30], [28, 32]], "missing_branches": []}}}}, "totals": {"covered_lines": 3766, "num_statements": 4354, "percent_covered": 82.96217744786144, "percent_covered_display": "82.96", "missing_lines": 588, "excluded_lines": 0, "num_branches": 1304, "num_partial_branches": 250, "covered_branches": 928, "missing_branches": 376}}