{"meta": {"format": 3, "version": "7.8.0", "timestamp": "2026-08-09T16:05:52.855027", "branch_coverage": true, "show_contexts": false}, "files": {"backend/__init__.py": {"executed_lines": [1, 2, 3, 5, 6, 8, 9, 10, 11, 12, 14], "summary": {"covered_lines": 11, "num_statements": 11, "percent_covered": 100.0, "percent_covered_display": "100.00", "missing_lines": 0, "excluded_lines": 0, "num_branches": 0, "num_partial_branches": 0, "covered_branches": 0, "missing_branches": 0}, "missing_lines": [], "excluded_lines": [], "executed_branches": [], "missing_branches": [], "functions": {"create_app": {"executed_lines": [2, 3, 5, 6, 8, 9, 10, 11, 12, 14], "summary": {"covered_lines": 10, "num_statements": 10, "percent_covered": 100.0, "percent_covered_display": "100.00", "missing_lines": 0, "excluded_lines": 0, "num_branches": 0, "num_partial_branches": 0, "covered_branches": 0, "missing_branches": 0}, "missing_lines": [], "excluded_lines": [], "executed_branches": [], "missing_branches": []}, "": {"executed_lines": [1], "summary": {"covered_lines": 1, "num_statements": 1, "percent_covered": 100.0, "percent_covered_display": "100.00", "missing_lines": 0, "excluded_lines": 0, "num_branches": 0, "num_partial_branches": 0, "covered_branches": 0, "missing_branches": 0}, "missing_lines": [], "excluded_lines": [], "executed_branches": [], "missing_branches": []}}, "classes": {"": {"executed_lines": [1, 2, 3, 5, 6, 8, 9, 10, 11, 12, 14], "summary": {"covered_lines": 11, "num_statements": 11, "percent_covered": 100.0, "percent_covered_display": "100.00", "missing_lines": 0, "excluded_lines": 0, "num_branches": 0, "num_partial_branches": 0, "covered_branches": 0, "missing_branches": 0}, "missing_lines": [], "excluded_lines": [], "executed_branches": [], "missing_branches": []}}}, "backend/alembic_runner.py": {"executed_lines": [1, 3, 5, 7, 8, 10, 14, 16, 19, 21, 22, 25, 28, 30], "summary": {"covered_lines": 13, "num_statements": 13, "percent_covered": 100.0, "percent_covered_display": "100.00", "missing_lines": 0, "excluded_lines": 0, "num_branches": 0, "num_partial_branches": 0, "covered_branches": 0, "missing_branches": 0}, "missing_lines": [], "excluded_lines": [], "executed_branches": [], "missing_branches": [], "functions": {"make_alembic_config": {"executed_lines": [21, 22, 25], "summary": {"covered_lines": 3, "num_statements": 3, "percent_covered": 100.0, "percent_covered_display": "100.00", "missing_lines": 0, "excluded_lines": 0, "num_branches": 0, "num_partial_branches": 0, "covered_branches": 0, "missing_branches": 0}, "missing_lines": [], "excluded_lines": [], "executed_branches": [], "missing_branches": []}, "run_alembic_upgrade": {"executed_lines": [30], "summary": {"covered_lines": 1, "num_statements": 1, "percent_covered": 100.0, "percent_covered_display": "100.00", "missing_lines": 0, "excluded_lines": 0, "num_branches": 0, "num_partial_branches": 0, "covered_branches": 0, "missing_branches": 0}, "missing_lines": [], "excluded_lines": [], "executed_branches": [], "missing_branches": []}, "": {"executed_lines": [1, 3, 5, 7, 8, 10, 14, 16, 19, 28], "summary": {"covered_lines": 9, "num_statements": 9, "percent_covered": 100.0, "percent_covered_display": "100.00", "missing_lines": 0, "excluded_lines": 0, "num_branches": 0, "num_partial_branches": 0, "covered_branches": 0, "missing_branches": 0}, "missing_lines": [], "excluded_lines": [], "executed_branches": [], "missing_branches": []}}, "classes": {"": {"executed_lines": [1, 3, 5, 7, 8, 10, 14, 16, 19, 21, 22, 25, 28, 30], "summary": {"covered_lines": 13, "num_statements": 13, "percent_covered": 100.0, "percent_covered_display": "100.00", "missing_lines": 0, "excluded_lines": 0, "num_branches": 0, "num_partial_branches": 0, "covered_branches": 0, "missing_branches": 0}, "missing_lines": [], "excluded_lines": [], "executed_branches": [], "missing_branches": []}}}, "backend/anki_sync.py": {"executed_lines": [1, 3, 5, 6, 8, 12, 13, 14, 22, 34, 35, 36, 37, 39, 44, 49, 54, 60, 61, 62, 63, 64, 67, 69, 76, 77, 80, 81, 88, 89, 96, 97, 100, 104, 105, 106, 107, 109, 110, 111, 112, 113, 114, 117, 118, 121, 123, 124, 125, 126, 127, 128, 129, 130, 131, 133, 134, 135, 138, 139, 147, 148, 149, 150, 151, 152, 153, 156, 157, 158, 159, 160, 166, 177, 182, 183, 188, 189, 190, 192, 195, 209, 212, 213, 214, 215, 218, 219, 224, 234, 235, 236, 238, 239, 240, 241, 242, 243, 245, 246, 252, 253, 256, 257, 265, 266, 267, 268, 269, 271, 276, 277, 278, 279, 280, 286, 287, 295, 296, 297, 298, 299, 301, 306, 307, 308, 309, 310, 313, 318, 319, 320, 322, 325, 326, 331, 332, 333, 334, 335, 336, 337, 339, 342, 343, 345, 346, 354, 355, 356, 359, 360, 361, 363, 364, 365, 366, 367, 368, 369, 370, 373, 374, 375, 376, 377, 378, 379, 381, 382, 383, 384, 387, 388, 389, 390, 391, 392, 393, 395, 396, 397, 398, 401, 407, 414, 415, 416, 417, 418, 432, 434, 435, 436, 441, 451, 452, 455, 456, 457, 458, 460, 462, 463, 468, 471, 480, 481, 482, 484, 487, 489, 490, 491, 497, 500, 501, 509, 510, 518, 519, 531, 532, 536, 547, 548, 549, 550, 551, 552, 553, 554, 555, 557, 568, 569, 570, 573, 574, 575, 576, 580, 592, 593, 605, 610, 619, 620, 621, 624, 645, 656, 657, 658, 660, 661, 663, 675, 676, 677, 678, 679, 680, 681, 682, 683, 690, 700, 701, 702, 704, 705, 706, 709, 710, 711, 713, 714, 715, 716, 719, 720, 721, 722, 723, 724, 725, 727, 730, 731, 732, 733, 734, 735, 739, 752], "summary": {"covered_lines": 295, "num_statements": 331, "percent_covered": 86.1407249466951, "percent_covered_display": "86.14", "missing_lines": 36, "excluded_lines": 0, "num_branches": 138, "num_partial_branches": 23, "covered_branches": 109, "missing_branches": 29}, "missing_lines": [65, 66, 68, 108, 163, 191, 202, 203, 204, 205, 206, 270, 275, 300, 305, 321, 323, 362, 380, 394, 402, 403, 404, 411, 453, 459, 464, 483, 485, 571, 577, 594, 632, 633, 737, 753], "excluded_lines": [], "executed_branches": [[61, 62], [61, 63], [67, 69], [105, 106], [105, 112], [107, 109], [112, 113], [125, 126], [125, 135], [127, 128], [127, 133], [128, 129], [128, 130], [150, 151], [150, 152], [157, 158], [157, 159], [159, 160], [177, 182], [177, 183], [188, 189], [188, 190], [190, 192], [213, 214], [213, 215], [235, 236], [235, 238], [239, 240], [239, 241], [242, 243], [242, 245], [245, 246], [245, 253], [267, 268], [267, 278], [269, 271], [271, 276], [278, 279], [278, 280], [297, 298], [297, 308], [299, 301], [301, 306], [308, 309], [308, 310], [320, 322], [322, 325], [332, 333], [332, 339], [333, 334], [333, 335], [336, 332], [336, 337], [342, 343], [342, 345], [361, 363], [364, 365], [364, 366], [374, 375], [374, 376], [377, 378], [377, 383], [379, 381], [388, 389], [388, 390], [391, 392], [391, 397], [393, 395], [452, 455], [456, 457], [456, 462], [458, 460], [463, 468], [482, 484], [484, 487], [550, 551], [550, 557], [552, 553], [552, 555], [570, 573], [573, 574], [573, 575], [575, 576], [593, 605], [619, 620], [619, 621], [656, 657], [656, 660], [677, 678], [677, 680], [680, 681], [680, 682], [704, 705], [704, 722], [709, 710], [709, 714], [710, 711], [710, 713], [714, 715], [714, 720], [722, 723], [723, 724], [723, 730], [724, 725], [724, 727], [730, 731], [730, 733], [733, 734], [733, 735]], "missing_branches": [[67, 68], [107, 108], [112, 114], [159, 163], [190, 191], [202, 203], [202, 204], [204, 205], [204, 206], [269, 270], [271, 275], [299, 300], [301, 305], [320, 321], [322, 323], [361, 362], [379, 380], [393, 394], [402, 403], [402, 404], [452, 453], [458, 459], [463, 464], [482, 483], [484, 485], [570, 571], [575, 577], [593, 594], [722, 737]], "functions": {"_parse_fields": {"executed_lines": [61, 62, 63, 64, 67, 69], "summary": {"covered_lines": 6, "num_statements": 9, "percent_covered": 69.23076923076923, "percent_covered_display": "69.23", "missing_lines": 3, "excluded_lines": 0, "num_branches": 4, "num_partial_branches": 1, "covered_branches": 3, "missing_branches": 1}, "missing_lines": [65, 66, 68], "excluded_lines": [], "executed_branches": [[61, 62], [61, 63], [67, 69]], "missing_branches": [[67, 68]]}, "_fields_complete": {"executed_lines": [77], "summary": {"covered_lines": 1, "num_statements": 1, "percent_covered": 100.0, "percent_covered_display": "100.00", "missing_lines": 0, "excluded_lines": 0, "num_branches": 0, "num_partial_branches": 0, "covered_branches": 0, "missing_branches": 0}, "missing_lines": [], "excluded_lines": [], "executed_branches": [], "missing_branches": []}, "_pending_vocabulary_words": {"executed_lines": [81], "summary": {"covered_lines": 1, "num_statements": 1, "percent_covered": 100.0, "percent_covered_display": "100.00", "missing_lines": 0, "excluded_lines": 0, "num_branches": 0, "num_partial_branches": 0, "covered_branches": 0, "missing_branches": 0}, "missing_lines": [], "excluded_lines": [], "executed_branches": [], "missing_branches": []}, "_pending_writing_words": {"executed_lines": [89], "summary": {"covered_lines": 1, "num_statements": 1, "percent_covered": 100.0, "percent_covered_display": "100.00", "missing_lines": 0, "excluded_lines": 0, "num_branches": 0, "num_partial_branches": 0, "covered_branches": 0, "missing_branches": 0}, "missing_lines": [], "excluded_lines": [], "executed_branches": [], "missing_branches": []}, "_find_character": {"executed_lines": [97], "summary": {"covered_lines": 1, "num_statements": 1, "percent_covered": 100.0, "percent_covered_display": "100.00", "missing_lines": 0, "excluded_lines": 0, "num_branches": 0, "num_partial_branches": 0, "covered_branches": 0, "missing_branches": 0}, "missing_lines": [], "excluded_lines": [], "executed_branches": [], "missing_branches": []}, "_mark_characters_writing_known": {"executed_lines": [104, 105, 106, 107, 109, 110, 111, 112, 113, 114], "summary": {"covered_lines": 10, "num_statements": 11, "percent_covered": 82.3529411764706, "percent_covered_display": "82.35", "missing_lines": 1, "excluded_lines": 0, "num_branches": 6, "num_partial_branches": 2, "covered_branches": 4, "missing_branches": 2}, "missing_lines": [108], "excluded_lines": [], "executed_branches": [[105, 106], [105, 112], [107, 109], [112, 113]], "missing_branches": [[107, 108], [112, 114]]}, "_find_word": {"executed_lines": [118], "summary": {"covered_lines": 1, "num_statements": 1, "percent_covered": 100.0, "percent_covered_display": "100.00", "missing_lines": 0, "excluded_lines": 0, "num_branches": 0, "num_partial_branches": 0, "covered_branches": 0, "missing_branches": 0}, "missing_lines": [], "excluded_lines": [], "executed_branches": [], "missing_branches": []}, "_vocabulary_card_pinyin": {"executed_lines": [123, 124, 125, 126, 127, 128, 129, 130, 131, 133, 134, 135], "summary": {"covered_lines": 12, "num_statements": 12, "percent_covered": 100.0, "percent_covered_display": "100.00", "missing_lines": 0, "excluded_lines": 0, "num_branches": 6, "num_partial_branches": 0, "covered_branches": 6, "missing_branches": 0}, "missing_lines": [], "excluded_lines": [], "executed_branches": [[125, 126], [125, 135], [127, 128], [127, 133], [128, 129], [128, 130]], "missing_branches": []}, "vocabulary_card_from_word": {"executed_lines": [139], "summary": {"covered_lines": 1, "num_statements": 1, "percent_covered": 100.0, "percent_covered_display": "100.00", "missing_lines": 0, "excluded_lines": 0, "num_branches": 0, "num_partial_branches": 0, "covered_branches": 0, "missing_branches": 0}, "missing_lines": [], "excluded_lines": [], "executed_branches": [], "missing_branches": []}, "writing_card_from_word": {"executed_lines": [148, 149, 150, 151, 152, 153], "summary": {"covered_lines": 6, "num_statements": 6, "percent_covered": 100.0, "percent_covered_display": "100.00", "missing_lines": 0, "excluded_lines": 0, "num_branches": 2, "num_partial_branches": 0, "covered_branches": 2, "missing_branches": 0}, "missing_lines": [], "excluded_lines": [], "executed_branches": [[150, 151], [150, 152]], "missing_branches": []}, "_pending_count_for_kind": {"executed_lines": [157, 158, 159, 160], "summary": {"covered_lines": 4, "num_statements": 5, "percent_covered": 77.77777777777777, "percent_covered_display": "77.78", "missing_lines": 1, "excluded_lines": 0, "num_branches": 4, "num_partial_branches": 1, "covered_branches": 3, "missing_branches": 1}, "missing_lines": [163], "excluded_lines": [], "executed_branches": [[157, 158], [157, 159], [159, 160]], "missing_branches": [[159, 163]]}, "deck_status_for_mapping": {"executed_lines": [177, 182, 183, 188, 189, 190, 192], "summary": {"covered_lines": 7, "num_statements": 8, "percent_covered": 85.71428571428571, "percent_covered_display": "85.71", "missing_lines": 1, "excluded_lines": 0, "num_branches": 6, "num_partial_branches": 1, "covered_branches": 5, "missing_branches": 1}, "missing_lines": [191], "excluded_lines": [], "executed_branches": [[177, 182], [177, 183], [188, 189], [188, 190], [190, 192]], "missing_branches": [[190, 191]]}, "status_from_sync_counts": {"executed_lines": [], "summary": {"covered_lines": 0, "num_statements": 5, "percent_covered": 0.0, "percent_covered_display": "0.00", "missing_lines": 5, "excluded_lines": 0, "num_branches": 4, "num_partial_branches": 0, "covered_branches": 0, "missing_branches": 4}, "missing_lines": [202, 203, 204, 205, 206], "excluded_lines": [], "executed_branches": [], "missing_branches": [[202, 203], [202, 204], [204, 205], [204, 206]]}, "get_overall_anki_synchronization_status": {"executed_lines": [212, 213, 214, 215], "summary": {"covered_lines": 4, "num_statements": 4, "percent_covered": 100.0, "percent_covered_display": "100.00", "missing_lines": 0, "excluded_lines": 0, "num_branches": 2, "num_partial_branches": 0, "covered_branches": 2, "missing_branches": 0}, "missing_lines": [], "excluded_lines": [], "executed_branches": [[213, 214], [213, 215]], "missing_branches": []}, "pending_anki_push_estimate": {"executed_lines": [219], "summary": {"covered_lines": 1, "num_statements": 1, "percent_covered": 100.0, "percent_covered_display": "100.00", "missing_lines": 0, "excluded_lines": 0, "num_branches": 0, "num_partial_branches": 0, "covered_branches": 0, "missing_branches": 0}, "missing_lines": [], "excluded_lines": [], "executed_branches": [], "missing_branches": []}, "maybe_promote_overall_anki_synchronization": {"executed_lines": [234, 235, 236, 238, 239, 240, 241, 242, 243, 245, 246, 252, 253], "summary": {"covered_lines": 13, "num_statements": 13, "percent_covered": 100.0, "percent_covered_display": "100.00", "missing_lines": 0, "excluded_lines": 0, "num_branches": 8, "num_partial_branches": 0, "covered_branches": 8, "missing_branches": 0}, "missing_lines": [], "excluded_lines": [], "executed_branches": [[235, 236], [235, 238], [239, 240], [239, 241], [242, 243], [242, 245], [245, 246], [245, 253]], "missing_branches": []}, "_get_vocabulary_pull_ignored": {"executed_lines": [257], "summary": {"covered_lines": 1, "num_statements": 1, "percent_covered": 100.0, "percent_covered_display": "100.00", "missing_lines": 0, "excluded_lines": 0, "num_branches": 0, "num_partial_branches": 0, "covered_branches": 0, "missing_branches": 0}, "missing_lines": [], "excluded_lines": [], "executed_branches": [], "missing_branches": []}, "_add_vocabulary_pull_ignored": {"executed_lines": [266, 267, 268, 269, 271, 276, 277, 278, 279, 280], "summary": {"covered_lines": 10, "num_statements": 12, "percent_covered": 80.0, "percent_covered_display": "80.00", "missing_lines": 2, "excluded_lines": 0, "num_branches": 8, "num_partial_branches": 2, "covered_branches": 6, "missing_branches": 2}, "missing_lines": [270, 275], "excluded_lines": [], "executed_branches": [[267, 268], [267, 278], [269, 271], [271, 276], [278, 279], [278, 280]], "missing_branches": [[269, 270], [271, 275]]}, "_get_writing_pull_ignored": {"executed_lines": [287], "summary": {"covered_lines": 1, "num_statements": 1, "percent_covered": 100.0, "percent_covered_display": "100.00", "missing_lines": 0, "excluded_lines": 0, "num_branches": 0, "num_partial_branches": 0, "covered_branches": 0, "missing_branches": 0}, "missing_lines": [], "excluded_lines": [], "executed_branches": [], "missing_branches": []}, "_add_writing_pull_ignored": {"executed_lines": [296, 297, 298, 299, 301, 306, 307, 308, 309, 310], "summary": {"covered_lines": 10, "num_statements": 12, "percent_covered": 80.0, "percent_covered_display": "80.00", "missing_lines": 2, "excluded_lines": 0, "num_branches": 8, "num_partial_branches": 2, "covered_branches": 6, "missing_branches": 2}, "missing_lines": [300, 305], "excluded_lines": [], "executed_branches": [[297, 298], [297, 308], [299, 301], [301, 306], [308, 309], [308, 310]], "missing_branches": [[299, 300], [301, 305]]}, "_import_vocabulary_card": {"executed_lines": [318, 319, 320, 322, 325, 326, 331, 332, 333, 334, 335, 336, 337, 339, 342, 343, 345, 346, 354, 355, 356], "summary": {"covered_lines": 21, "num_statements": 23, "percent_covered": 88.57142857142857, "percent_covered_display": "88.57", "missing_lines": 2, "excluded_lines": 0, "num_branches": 12, "num_partial_branches": 2, "covered_branches": 10, "missing_branches": 2}, "missing_lines": [321, 323], "excluded_lines": [], "executed_branches": [[320, 322], [322, 325], [332, 333], [332, 339], [333, 334], [333, 335], [336, 332], [336, 337], [342, 343], [342, 345]], "missing_branches": [[320, 321], [322, 323]]}, "_import_writing_pull_card": {"executed_lines": [360, 361, 363, 364, 365, 366, 367, 368, 369, 370], "summary": {"covered_lines": 10, "num_statements": 11, "percent_covered": 86.66666666666667, "percent_covered_display": "86.67", "missing_lines": 1, "excluded_lines": 0, "num_branches": 4, "num_partial_branches": 1, "covered_branches": 3, "missing_branches": 1}, "missing_lines": [362], "excluded_lines": [], "executed_branches": [[361, 363], [364, 365], [364, 366]], "missing_branches": [[361, 362]]}, "_mark_words_synchronized": {"executed_lines": [374, 375, 376, 377, 378, 379, 381, 382, 383, 384], "summary": {"covered_lines": 10, "num_statements": 11, "percent_covered": 88.23529411764706, "percent_covered_display": "88.24", "missing_lines": 1, "excluded_lines": 0, "num_branches": 6, "num_partial_branches": 1, "covered_branches": 5, "missing_branches": 1}, "missing_lines": [380], "excluded_lines": [], "executed_branches": [[374, 375], [374, 376], [377, 378], [377, 383], [379, 381]], "missing_branches": [[379, 380]]}, "_mark_words_writing_synchronized": {"executed_lines": [388, 389, 390, 391, 392, 393, 395, 396, 397, 398], "summary": {"covered_lines": 10, "num_statements": 11, "percent_covered": 88.23529411764706, "percent_covered_display": "88.24", "missing_lines": 1, "excluded_lines": 0, "num_branches": 6, "num_partial_branches": 1, "covered_branches": 5, "missing_branches": 1}, "missing_lines": [394], "excluded_lines": [], "executed_branches": [[388, 389], [388, 390], [391, 392], [391, 397], [393, 395]], "missing_branches": [[393, 394]]}, "mark_synchronized": {"executed_lines": [], "summary": {"covered_lines": 0, "num_statements": 3, "percent_covered": 0.0, "percent_covered_display": "0.00", "missing_lines": 3, "excluded_lines": 0, "num_branches": 2, "num_partial_branches": 0, "covered_branches": 0, "missing_branches": 2}, "missing_lines": [402, 403, 404], "excluded_lines": [], "executed_branches": [], "missing_branches": [[402, 403], [402, 404]]}, "_sync_mark_ids_for_cards": {"executed_lines": [], "summary": {"covered_lines": 0, "num_statements": 1, "percent_covered": 0.0, "percent_covered_display": "0.00", "missing_lines": 1, "excluded_lines": 0, "num_branches": 0, "num_partial_branches": 0, "covered_branches": 0, "missing_branches": 0}, "missing_lines": [411], "excluded_lines": [], "executed_branches": [], "missing_branches": []}, "get_deck_mapping": {"executed_lines": [415, 416, 417, 418], "summary": {"covered_lines": 4, "num_statements": 4, "percent_covered": 100.0, "percent_covered_display": "100.00", "missing_lines": 0, "excluded_lines": 0, "num_branches": 0, "num_partial_branches": 0, "covered_branches": 0, "missing_branches": 0}, "missing_lines": [], "excluded_lines": [], "executed_branches": [], "missing_branches": []}, "get_anki_status": {"executed_lines": [434, 435, 436, 441], "summary": {"covered_lines": 4, "num_statements": 4, "percent_covered": 100.0, "percent_covered_display": "100.00", "missing_lines": 0, "excluded_lines": 0, "num_branches": 0, "num_partial_branches": 0, "covered_branches": 0, "missing_branches": 0}, "missing_lines": [], "excluded_lines": [], "executed_branches": [], "missing_branches": []}, "validate_fields": {"executed_lines": [452, 455, 456, 457, 458, 460, 462, 463, 468], "summary": {"covered_lines": 9, "num_statements": 12, "percent_covered": 70.0, "percent_covered_display": "70.00", "missing_lines": 3, "excluded_lines": 0, "num_branches": 8, "num_partial_branches": 3, "covered_branches": 5, "missing_branches": 3}, "missing_lines": [453, 459, 464], "excluded_lines": [], "executed_branches": [[452, 455], [456, 457], [456, 462], [458, 460], [463, 468]], "missing_branches": [[452, 453], [458, 459], [463, 464]]}, "setup_deck": {"executed_lines": [480, 481, 482, 484, 487, 489, 490, 491, 497], "summary": {"covered_lines": 9, "num_statements": 11, "percent_covered": 73.33333333333333, "percent_covered_display": "73.33", "missing_lines": 2, "excluded_lines": 0, "num_branches": 4, "num_partial_branches": 2, "covered_branches": 2, "missing_branches": 2}, "missing_lines": [483, 485], "excluded_lines": [], "executed_branches": [[482, 484], [484, 487]], "missing_branches": [[482, 483], [484, 485]]}, "_local_words": {"executed_lines": [501], "summary": {"covered_lines": 1, "num_statements": 1, "percent_covered": 100.0, "percent_covered_display": "100.00", "missing_lines": 0, "excluded_lines": 0, "num_branches": 0, "num_partial_branches": 0, "covered_branches": 0, "missing_branches": 0}, "missing_lines": [], "excluded_lines": [], "executed_branches": [], "missing_branches": []}, "_writing_known_words": {"executed_lines": [510], "summary": {"covered_lines": 1, "num_statements": 1, "percent_covered": 100.0, "percent_covered_display": "100.00", "missing_lines": 0, "excluded_lines": 0, "num_branches": 0, "num_partial_branches": 0, "covered_branches": 0, "missing_branches": 0}, "missing_lines": [], "excluded_lines": [], "executed_branches": [], "missing_branches": []}, "_local_characters": {"executed_lines": [519], "summary": {"covered_lines": 1, "num_statements": 1, "percent_covered": 100.0, "percent_covered_display": "100.00", "missing_lines": 0, "excluded_lines": 0, "num_branches": 0, "num_partial_branches": 0, "covered_branches": 0, "missing_branches": 0}, "missing_lines": [], "excluded_lines": [], "executed_branches": [], "missing_branches": []}, "_vocabulary_push_payload": {"executed_lines": [532, 536], "summary": {"covered_lines": 2, "num_statements": 2, "percent_covered": 100.0, "percent_covered_display": "100.00", "missing_lines": 0, "excluded_lines": 0, "num_branches": 0, "num_partial_branches": 0, "covered_branches": 0, "missing_branches": 0}, "missing_lines": [], "excluded_lines": [], "executed_branches": [], "missing_branches": []}, "_writing_push_payload": {"executed_lines": [548, 549, 550, 551, 552, 553, 554, 555, 557], "summary": {"covered_lines": 9, "num_statements": 9, "percent_covered": 100.0, "percent_covered_display": "100.00", "missing_lines": 0, "excluded_lines": 0, "num_branches": 4, "num_partial_branches": 0, "covered_branches": 4, "missing_branches": 0}, "missing_lines": [], "excluded_lines": [], "executed_branches": [[550, 551], [550, 557], [552, 553], [552, 555]], "missing_branches": []}, "get_sync_data": {"executed_lines": [569, 570, 573, 574, 575, 576], "summary": {"covered_lines": 6, "num_statements": 8, "percent_covered": 71.42857142857143, "percent_covered_display": "71.43", "missing_lines": 2, "excluded_lines": 0, "num_branches": 6, "num_partial_branches": 2, "covered_branches": 4, "missing_branches": 2}, "missing_lines": [571, 577], "excluded_lines": [], "executed_branches": [[570, 573], [573, 574], [573, 575], [575, 576]], "missing_branches": [[570, 571], [575, 577]]}, "_finalize_deck_result": {"executed_lines": [592, 593, 605, 610, 619, 620, 621], "summary": {"covered_lines": 7, "num_statements": 8, "percent_covered": 83.33333333333333, "percent_covered_display": "83.33", "missing_lines": 1, "excluded_lines": 0, "num_branches": 4, "num_partial_branches": 1, "covered_branches": 3, "missing_branches": 1}, "missing_lines": [594], "excluded_lines": [], "executed_branches": [[593, 605], [619, 620], [619, 621]], "missing_branches": [[593, 594]]}, "mark_synchronized_result": {"executed_lines": [], "summary": {"covered_lines": 0, "num_statements": 2, "percent_covered": 0.0, "percent_covered_display": "0.00", "missing_lines": 2, "excluded_lines": 0, "num_branches": 0, "num_partial_branches": 0, "covered_branches": 0, "missing_branches": 0}, "missing_lines": [632, 633], "excluded_lines": [], "executed_branches": [], "missing_branches": []}, "apply_push_completion": {"executed_lines": [656, 657, 658, 660, 661, 663], "summary": {"covered_lines": 6, "num_statements": 6, "percent_covered": 100.0, "percent_covered_display": "100.00", "missing_lines": 0, "excluded_lines": 0, "num_branches": 2, "num_partial_branches": 0, "covered_branches": 2, "missing_branches": 0}, "missing_lines": [], "excluded_lines": [], "executed_branches": [[656, 657], [656, 660]], "missing_branches": []}, "_hsk_pinyin_guesses_for_cards": {"executed_lines": [676, 677, 678, 679, 680, 681, 682, 683], "summary": {"covered_lines": 8, "num_statements": 8, "percent_covered": 100.0, "percent_covered_display": "100.00", "missing_lines": 0, "excluded_lines": 0, "num_branches": 4, "num_partial_branches": 0, "covered_branches": 4, "missing_branches": 0}, "missing_lines": [], "excluded_lines": [], "executed_branches": [[677, 678], [677, 680], [680, 681], [680, 682]], "missing_branches": []}, "apply_pull": {"executed_lines": [700, 701, 702, 704, 705, 706, 709, 710, 711, 713, 714, 715, 716, 719, 720, 721, 722, 723, 724, 725, 727, 730, 731, 732, 733, 734, 735, 739], "summary": {"covered_lines": 28, "num_statements": 29, "percent_covered": 95.74468085106383, "percent_covered_display": "95.74", "missing_lines": 1, "excluded_lines": 0, "num_branches": 18, "num_partial_branches": 1, "covered_branches": 17, "missing_branches": 1}, "missing_lines": [737], "excluded_lines": [], "executed_branches": [[704, 705], [704, 722], [709, 710], [709, 714], [710, 711], [710, 713], [714, 715], [714, 720], [722, 723], [723, 724], [723, 730], [724, 725], [724, 727], [730, 731], [730, 733], [733, 734], [733, 735]], "missing_branches": [[722, 737]]}, "sync_mark_ids_for_cards": {"executed_lines": [], "summary": {"covered_lines": 0, "num_statements": 1, "percent_covered": 0.0, "percent_covered_display": "0.00", "missing_lines": 1, "excluded_lines": 0, "num_branches": 0, "num_partial_branches": 0, "covered_branches": 0, "missing_branches": 0}, "missing_lines": [753], "excluded_lines": [], "executed_branches": [], "missing_branches": []}, "": {"executed_lines": [1, 3, 5, 6, 8, 12, 13, 14, 22, 34, 35, 36, 37, 39, 44, 49, 54, 60, 76, 80, 88, 96, 100, 117, 121, 138, 147, 156, 166, 195, 209, 218, 224, 256, 265, 286, 295, 313, 359, 373, 387, 401, 407, 414, 432, 451, 471, 500, 509, 518, 531, 547, 568, 580, 624, 645, 675, 690, 752], "summary": {"covered_lines": 58, "num_statements": 58, "percent_covered": 100.0, "percent_covered_display": "100.00", "missing_lines": 0, "excluded_lines": 0, "num_branches": 0, "num_partial_branches": 0, "covered_branches": 0, "missing_branches": 0}, "missing_lines": [], "excluded_lines": [], "executed_branches": [], "missing_branches": []}}, "classes": {"": {"executed_lines": [1, 3, 5, 6, 8, 12, 13, 14, 22, 34, 35, 36, 37, 39, 44, 49, 54, 60, 61, 62, 63, 64, 67, 69, 76, 77, 80, 81, 88, 89, 96, 97, 100, 104, 105, 106, 107, 109, 110, 111, 112, 113, 114, 117, 118, 121, 123, 124, 125, 126, 127, 128, 129, 130, 131, 133, 134, 135, 138, 139, 147, 148, 149, 150, 151, 152, 153, 156, 157, 158, 159, 160, 166, 177, 182, 183, 188, 189, 190, 192, 195, 209, 212, 213, 214, 215, 218, 219, 224, 234, 235, 236, 238, 239, 240, 241, 242, 243, 245, 246, 252, 253, 256, 257, 265, 266, 267, 268, 269, 271, 276, 277, 278, 279, 280, 286, 287, 295, 296, 297, 298, 299, 301, 306, 307, 308, 309, 310, 313, 318, 319, 320, 322, 325, 326, 331, 332, 333, 334, 335, 336, 337, 339, 342, 343, 345, 346, 354, 355, 356, 359, 360, 361, 363, 364, 365, 366, 367, 368, 369, 370, 373, 374, 375, 376, 377, 378, 379, 381, 382, 383, 384, 387, 388, 389, 390, 391, 392, 393, 395, 396, 397, 398, 401, 407, 414, 415, 416, 417, 418, 432, 434, 435, 436, 441, 451, 452, 455, 456, 457, 458, 460, 462, 463, 468, 471, 480, 481, 482, 484, 487, 489, 490, 491, 497, 500, 501, 509, 510, 518, 519, 531, 532, 536, 547, 548, 549, 550, 551, 552, 553, 554, 555, 557, 568, 569, 570, 573, 574, 575, 576, 580, 592, 593, 605, 610, 619, 620, 621, 624, 645, 656, 657, 658, 660, 661, 663, 675, 676, 677, 678, 679, 680, 681, 682, 683, 690, 700, 701, 702, 704, 705, 706, 709, 710, 711, 713, 714, 715, 716, 719, 720, 721, 722, 723, 724, 725, 727, 730, 731, 732, 733, 734, 735, 739, 752], "summary": {"covered_lines": 295, "num_statements": 331, "percent_covered": 86.1407249466951, "percent_covered_display": "86.14", "missing_lines": 36, "excluded_lines": 0, "num_branches": 138, "num_partial_branches": 23, "covered_branches": 109, "missing_branches": 29}, "missing_lines": [65, 66, 68, 108, 163, 191, 202, 203, 204, 205, 206, 270, 275, 300, 305, 321, 323, 362, 380, 394, 402, 403, 404, 411, 453, 459, 464, 483, 485, 571, 577, 594, 632, 633, 737, 753], "excluded_lines": [], "executed_branches": [[61, 62], [61, 63], [67, 69], [105, 106], [105, 112], [107, 109], [112, 113], [125, 126], [125, 135], [127, 128], [127, 133], [128, 129], [128, 130], [150, 151], [150, 152], [157, 158], [157, 159], [159, 160], [177, 182], [177, 183], [188, 189], [188, 190], [190, 192], [213, 214], [213, 215], [235, 236], [235, 238], [239, 240], [239, 241], [242, 243], [242, 245], [245, 246], [245, 253], [267, 268], [267, 278], [269, 271], [271, 276], [278, 279], [278, 280], [297, 298], [297, 308], [299, 301], [301, 306], [308, 309], [308, 310], [320, 322], [322, 325], [332, 333], [332, 339], [333, 334], [333, 335], [336, 332], [336, 337], [342, 343], [342, 345], [361, 363], [364, 365], [364, 366], [374, 375], [374, 376], [377, 378], [377, 383], [379, 381], [388, 389], [388, 390], [391, 392], [391, 397], [393, 395], [452, 455], [456, 457], [456, 462], [458, 460], [463, 468], [482, 484], [484, 487], [550, 551], [550, 557], [552, 553], [552, 555], [570, 573], [573, 574], [573, 575], [575, 576], [593, 605], [619, 620], [619, 621], [656, 657], [656, 660], [677, 678], [677, 680], [680, 681], [680, 682], [704, 705], [704, 722], [709, 710], [709, 714], [710, 711], [710, 713], [714, 715], [714, 720], [722, 723], [723, 724], [723, 730], [724, 725], [724, 727], [730, 731], [730, 733], [733, 734], [733, 735]], "missing_branches": [[67, 68], [107, 108], [112, 114], [159, 163], [190, 191], [202, 203], [202, 204], [204, 205], [204, 206], [269, 270], [271, 275], [299, 300], [301, 305], [320, 321], [322, 323], [361, 362], [379, 380], [393, 394], [402, 403], [402, 404], [452, 453], [458, 459], [463, 464], [482, 483], [484, 485], [570, 571], [575, 577], [593, 594], [722, 737]]}}}, "backend/app.py": {"executed_lines": [1, 3, 5, 7], "summary": {"covered_lines": 4, "num_statements": 6, "percent_covered": 62.5, "percent_covered_display": "62.50", "missing_lines": 2, "excluded_lines": 0, "num_branches": 2, "num_partial_branches": 1, "covered_branches": 1, "missing_branches": 1}, "missing_lines": [8, 9], "excluded_lines": [], "executed_branches": [[7, -1]], "missing_branches": [[7, 8]], "functions": {"": {"executed_lines": [1, 3, 5, 7], "summary": {"covered_lines": 4, "num_statements": 6, "percent_covered": 62.5, "percent_covered_display": "62.50", "missing_lines": 2, "excluded_lines": 0, "num_branches": 2, "num_partial_branches": 1, "covered_branches": 1, "missing_branches": 1}, "missing_lines": [8, 9], "excluded_lines": [], "executed_branches": [[7, -1]], "missing_branches": [[7, 8]]}}, "classes": {"": {"executed_lines": [1, 3, 5, 7], "summary": {"covered_lines": 4, "num_statements": 6, "percent_covered": 62.5, "percent_covered_display": "62.50", "missing_lines": 2, "excluded_lines": 0, "num_branches": 2, "num_partial_branches": 1, "covered_branches": 1, "missing_branches": 1}, "missing_lines": [8, 9], "excluded_lines": [], "executed_branches": [[7, -1]], "missing_branches": [[7, 8]]}}}, "backend/auth.py": {"executed_lines": [1, 3, 5, 7, 8, 9, 11, 13, 16, 17, 18, 19, 20, 23, 31, 32, 33, 34, 35, 37, 40, 41, 42, 43, 44, 47, 52, 54, 55, 56, 69, 73, 74, 76, 79, 105, 106, 109, 110], "summary": {"covered_lines": 38, "num_statements": 56, "percent_covered": 65.71428571428571, "percent_covered_display": "65.71", "missing_lines": 18, "excluded_lines": 0, "num_branches": 14, "num_partial_branches": 2, "covered_branches": 8, "missing_branches": 6}, "missing_lines": [24, 25, 26, 27, 28, 36, 66, 67, 70, 84, 86, 87, 88, 96, 97, 99, 100, 102], "excluded_lines": [], "executed_branches": [[32, 33], [32, 34], [35, 37], [42, 43], [42, 44], [69, 73], [73, 74], [73, 76]], "missing_branches": [[25, 26], [25, 28], [35, 36], [69, 70], [99, 100], [99, 102]], "functions": {"AuthError.__init__": {"executed_lines": [18, 19, 20], "summary": {"covered_lines": 3, "num_statements": 3, "percent_covered": 100.0, "percent_covered_display": "100.00", "missing_lines": 0, "excluded_lines": 0, "num_branches": 0, "num_partial_branches": 0, "covered_branches": 0, "missing_branches": 0}, "missing_lines": [], "excluded_lines": [], "executed_branches": [], "missing_branches": []}, "_jwks_client": {"executed_lines": [], "summary": {"covered_lines": 0, "num_statements": 5, "percent_covered": 0.0, "percent_covered_display": "0.00", "missing_lines": 5, "excluded_lines": 0, "num_branches": 2, "num_partial_branches": 0, "covered_branches": 0, "missing_branches": 2}, "missing_lines": [24, 25, 26, 27, 28], "excluded_lines": [], "executed_branches": [], "missing_branches": [[25, 26], [25, 28]]}, "extract_bearer_token": {"executed_lines": [32, 33, 34, 35, 37], "summary": {"covered_lines": 5, "num_statements": 6, "percent_covered": 80.0, "percent_covered_display": "80.00", "missing_lines": 1, "excluded_lines": 0, "num_branches": 4, "num_partial_branches": 1, "covered_branches": 3, "missing_branches": 1}, "missing_lines": [36], "excluded_lines": [], "executed_branches": [[32, 33], [32, 34], [35, 37]], "missing_branches": [[35, 36]]}, "_require_config": {"executed_lines": [41, 42, 43, 44], "summary": {"covered_lines": 4, "num_statements": 4, "percent_covered": 100.0, "percent_covered_display": "100.00", "missing_lines": 0, "excluded_lines": 0, "num_branches": 2, "num_partial_branches": 0, "covered_branches": 2, "missing_branches": 0}, "missing_lines": [], "excluded_lines": [], "executed_branches": [[42, 43], [42, 44]], "missing_branches": []}, "verify_access_token": {"executed_lines": [52, 54, 55, 56, 69, 73, 74, 76], "summary": {"covered_lines": 8, "num_statements": 11, "percent_covered": 73.33333333333333, "percent_covered_display": "73.33", "missing_lines": 3, "excluded_lines": 0, "num_branches": 4, "num_partial_branches": 1, "covered_branches": 3, "missing_branches": 1}, "missing_lines": [66, 67, 70], "excluded_lines": [], "executed_branches": [[69, 73], [73, 74], [73, 76]], "missing_branches": [[69, 70]]}, "verify_id_token": {"executed_lines": [], "summary": {"covered_lines": 0, "num_statements": 9, "percent_covered": 0.0, "percent_covered_display": "0.00", "missing_lines": 9, "excluded_lines": 0, "num_branches": 2, "num_partial_branches": 0, "covered_branches": 0, "missing_branches": 2}, "missing_lines": [84, 86, 87, 88, 96, 97, 99, 100, 102], "excluded_lines": [], "executed_branches": [], "missing_branches": [[99, 100], [99, 102]]}, "current_cognito_sub": {"executed_lines": [106], "summary": {"covered_lines": 1, "num_statements": 1, "percent_covered": 100.0, "percent_covered_display": "100.00", "missing_lines": 0, "excluded_lines": 0, "num_branches": 0, "num_partial_branches": 0, "covered_branches": 0, "missing_branches": 0}, "missing_lines": [], "excluded_lines": [], "executed_branches": [], "missing_branches": []}, "current_cognito_claims": {"executed_lines": [110], "summary": {"covered_lines": 1, "num_statements": 1, "percent_covered": 100.0, "percent_covered_display": "100.00", "missing_lines": 0, "excluded_lines": 0, "num_branches": 0, "num_partial_branches": 0, "covered_branches": 0, "missing_branches": 0}, "missing_lines": [], "excluded_lines": [], "executed_branches": [], "missing_branches": []}, "": {"executed_lines": [1, 3, 5, 7, 8, 9, 11, 13, 16, 17, 23, 31, 40, 47, 79, 105, 109], "summary": {"covered_lines": 16, "num_statements": 16, "percent_covered": 100.0, "percent_covered_display": "100.00", "missing_lines": 0, "excluded_lines": 0, "num_branches": 0, "num_partial_branches": 0, "covered_branches": 0, "missing_branches": 0}, "missing_lines": [], "excluded_lines": [], "executed_branches": [], "missing_branches": []}}, "classes": {"AuthError": {"executed_lines": [18, 19, 20], "summary": {"covered_lines": 3, "num_statements": 3, "percent_covered": 100.0, "percent_covered_display": "100.00", "missing_lines": 0, "excluded_lines": 0, "num_branches": 0, "num_partial_branches": 0, "covered_branches": 0, "missing_branches": 0}, "missing_lines": [], "excluded_lines": [], "executed_branches": [], "missing_branches": []}, "": {"executed_lines": [1, 3, 5, 7, 8, 9, 11, 13, 16, 17, 23, 31, 32, 33, 34, 35, 37, 40, 41, 42, 43, 44, 47, 52, 54, 55, 56, 69, 73, 74, 76, 79, 105, 106, 109, 110], "summary": {"covered_lines": 35, "num_statements": 53, "percent_covered": 64.17910447761194, "percent_covered_display": "64.18", "missing_lines": 18, "excluded_lines": 0, "num_branches": 14, "num_partial_branches": 2, "covered_branches": 8, "missing_branches": 6}, "missing_lines": [24, 25, 26, 27, 28, 36, 66, 67, 70, 84, 86, 87, 88, 96, 97, 99, 100, 102], "excluded_lines": [], "executed_branches": [[32, 33], [32, 34], [35, 37], [42, 43], [42, 44], [69, 73], [73, 74], [73, 76]], "missing_branches": [[25, 26], [25, 28], [35, 36], [69, 70], [99, 100], [99, 102]]}}}, "backend/auth_config.py": {"executed_lines": [1, 3, 5, 6, 9, 10, 11, 12, 13, 14, 16, 17, 20, 21, 25], "summary": {"covered_lines": 14, "num_statements": 24, "percent_covered": 53.84615384615385, "percent_covered_display": "53.85", "missing_lines": 10, "excluded_lines": 0, "num_branches": 2, "num_partial_branches": 0, "covered_branches": 0, "missing_branches": 2}, "missing_lines": [18, 22, 27, 28, 29, 30, 32, 33, 35, 41], "excluded_lines": [], "executed_branches": [], "missing_branches": [[32, 33], [32, 35]], "functions": {"CognitoConfig.jwks_url": {"executed_lines": [], "summary": {"covered_lines": 0, "num_statements": 1, "percent_covered": 0.0, "percent_covered_display": "0.00", "missing_lines": 1, "excluded_lines": 0, "num_branches": 0, "num_partial_branches": 0, "covered_branches": 0, "missing_branches": 0}, "missing_lines": [18], "excluded_lines": [], "executed_branches": [], "missing_branches": []}, "CognitoConfig.configured": {"executed_lines": [], "summary": {"covered_lines": 0, "num_statements": 1, "percent_covered": 0.0, "percent_covered_display": "0.00", "missing_lines": 1, "excluded_lines": 0, "num_branches": 0, "num_partial_branches": 0, "covered_branches": 0, "missing_branches": 0}, "missing_lines": [22], "excluded_lines": [], "executed_branches": [], "missing_branches": []}, "load_cognito_config": {"executed_lines": [], "summary": {"covered_lines": 0, "num_statements": 8, "percent_covered": 0.0, "percent_covered_display": "0.00", "missing_lines": 8, "excluded_lines": 0, "num_branches": 2, "num_partial_branches": 0, "covered_branches": 0, "missing_branches": 2}, "missing_lines": [27, 28, 29, 30, 32, 33, 35, 41], "excluded_lines": [], "executed_branches": [], "missing_branches": [[32, 33], [32, 35]]}, "": {"executed_lines": [1, 3, 5, 6, 9, 10, 11, 12, 13, 14, 16, 17, 20, 21, 25], "summary": {"covered_lines": 14, "num_statements": 14, "percent_covered": 100.0, "percent_covered_display": "100.00", "missing_lines": 0, "excluded_lines": 0, "num_branches": 0, "num_partial_branches": 0, "covered_branches": 0, "missing_branches": 0}, "missing_lines": [], "excluded_lines": [], "executed_branches": [], "missing_branches": []}}, "classes": {"CognitoConfig": {"executed_lines": [], "summary": {"covered_lines": 0, "num_statements": 2, "percent_covered": 0.0, "percent_covered_display": "0.00", "missing_lines": 2, "excluded_lines": 0, "num_branches": 0, "num_partial_branches": 0, "covered_branches": 0, "missing_branches": 0}, "missing_lines": [18, 22], "excluded_lines": [], "executed_branches": [], "missing_branches": []}, "": {"executed_lines": [1, 3, 5, 6, 9, 10, 11, 12, 13, 14, 16, 17, 20, 21, 25], "summary": {"covered_lines": 14, "num_statements": 22, "percent_covered": 58.333333333333336, "percent_covered_display": "58.33", "missing_lines": 8, "excluded_lines": 0, "num_branches": 2, "num_partial_branches": 0, "covered_branches": 0, "missing_branches": 2}, "missing_lines": [27, 28, 29, 30, 32, 33, 35, 41], "excluded_lines": [], "executed_branches": [], "missing_branches": [[32, 33], [32, 35]]}}}, "backend/challenge_progress.py": {"executed_lines": [1, 3, 5, 7, 8, 9, 10, 11, 14, 15, 17, 19, 21, 24, 25, 28, 29, 30, 32, 33, 37, 40, 41, 44, 51, 56, 59, 60, 67, 68, 71, 74, 78, 79, 81, 82, 83, 89, 91, 92, 97, 102, 103, 106], "summary": {"covered_lines": 43, "num_statements": 61, "percent_covered": 65.1685393258427, "percent_covered_display": "65.17", "missing_lines": 18, "excluded_lines": 0, "num_branches": 28, "num_partial_branches": 9, "covered_branches": 15, "missing_branches": 13}, "missing_lines": [16, 18, 20, 26, 34, 35, 38, 42, 57, 69, 94, 109, 110, 111, 113, 114, 115, 117], "excluded_lines": [], "executed_branches": [[15, 17], [17, 19], [19, 21], [25, 28], [29, 30], [29, 32], [37, 40], [41, 44], [56, 59], [68, 71], [78, 79], [78, 81], [82, 83], [82, 89], [91, 92]], "missing_branches": [[15, 16], [17, 18], [19, 20], [25, 26], [37, 38], [41, 42], [56, 57], [68, 69], [91, 94], [110, 111], [110, 113], [114, 115], [114, 117]], "functions": {"progress_object_key": {"executed_lines": [15, 17, 19, 21], "summary": {"covered_lines": 4, "num_statements": 7, "percent_covered": 53.84615384615385, "percent_covered_display": "53.85", "missing_lines": 3, "excluded_lines": 0, "num_branches": 6, "num_partial_branches": 3, "covered_branches": 3, "missing_branches": 3}, "missing_lines": [16, 18, 20], "excluded_lines": [], "executed_branches": [[15, 17], [17, 19], [19, 21]], "missing_branches": [[15, 16], [17, 18], [19, 20]]}, "load_completed_task_ids": {"executed_lines": [25, 28, 29, 30, 32, 33, 37, 40, 41, 44], "summary": {"covered_lines": 10, "num_statements": 15, "percent_covered": 65.21739130434783, "percent_covered_display": "65.22", "missing_lines": 5, "excluded_lines": 0, "num_branches": 8, "num_partial_branches": 3, "covered_branches": 5, "missing_branches": 3}, "missing_lines": [26, 34, 35, 38, 42], "excluded_lines": [], "executed_branches": [[25, 28], [29, 30], [29, 32], [37, 40], [41, 44]], "missing_branches": [[25, 26], [37, 38], [41, 42]]}, "save_completed_task_ids": {"executed_lines": [56, 59, 60], "summary": {"covered_lines": 3, "num_statements": 4, "percent_covered": 66.66666666666667, "percent_covered_display": "66.67", "missing_lines": 1, "excluded_lines": 0, "num_branches": 2, "num_partial_branches": 1, "covered_branches": 1, "missing_branches": 1}, "missing_lines": [57], "excluded_lines": [], "executed_branches": [[56, 59]], "missing_branches": [[56, 57]]}, "clear_completed_task_ids": {"executed_lines": [68, 71], "summary": {"covered_lines": 2, "num_statements": 3, "percent_covered": 60.0, "percent_covered_display": "60.00", "missing_lines": 1, "excluded_lines": 0, "num_branches": 2, "num_partial_branches": 1, "covered_branches": 1, "missing_branches": 1}, "missing_lines": [69], "excluded_lines": [], "executed_branches": [[68, 71]], "missing_branches": [[68, 69]]}, "mark_challenge_completed": {"executed_lines": [78, 79, 81, 82, 83, 89, 91, 92], "summary": {"covered_lines": 8, "num_statements": 9, "percent_covered": 86.66666666666667, "percent_covered_display": "86.67", "missing_lines": 1, "excluded_lines": 0, "num_branches": 6, "num_partial_branches": 1, "covered_branches": 5, "missing_branches": 1}, "missing_lines": [94], "excluded_lines": [], "executed_branches": [[78, 79], [78, 81], [82, 83], [82, 89], [91, 92]], "missing_branches": [[91, 94]]}, "has_completed_challenge": {"executed_lines": [102, 103], "summary": {"covered_lines": 2, "num_statements": 2, "percent_covered": 100.0, "percent_covered_display": "100.00", "missing_lines": 0, "excluded_lines": 0, "num_branches": 0, "num_partial_branches": 0, "covered_branches": 0, "missing_branches": 0}, "missing_lines": [], "excluded_lines": [], "executed_branches": [], "missing_branches": []}, "clear_challenge_progress": {"executed_lines": [], "summary": {"covered_lines": 0, "num_statements": 7, "percent_covered": 0.0, "percent_covered_display": "0.00", "missing_lines": 7, "excluded_lines": 0, "num_branches": 4, "num_partial_branches": 0, "covered_branches": 0, "missing_branches": 4}, "missing_lines": [109, 110, 111, 113, 114, 115, 117], "excluded_lines": [], "executed_branches": [], "missing_branches": [[110, 111], [110, 113], [114, 115], [114, 117]]}, "": {"executed_lines": [1, 3, 5, 7, 8, 9, 10, 11, 14, 24, 51, 67, 74, 97, 106], "summary": {"covered_lines": 14, "num_statements": 14, "percent_covered": 100.0, "percent_covered_display": "100.00", "missing_lines": 0, "excluded_lines": 0, "num_branches": 0, "num_partial_branches": 0, "covered_branches": 0, "missing_branches": 0}, "missing_lines": [], "excluded_lines": [], "executed_branches": [], "missing_branches": []}}, "classes": {"": {"executed_lines": [1, 3, 5, 7, 8, 9, 10, 11, 14, 15, 17, 19, 21, 24, 25, 28, 29, 30, 32, 33, 37, 40, 41, 44, 51, 56, 59, 60, 67, 68, 71, 74, 78, 79, 81, 82, 83, 89, 91, 92, 97, 102, 103, 106], "summary": {"covered_lines": 43, "num_statements": 61, "percent_covered": 65.1685393258427, "percent_covered_display": "65.17", "missing_lines": 18, "excluded_lines": 0, "num_branches": 28, "num_partial_branches": 9, "covered_branches": 15, "missing_branches": 13}, "missing_lines": [16, 18, 20, 26, 34, 35, 38, 42, 57, 69, 94, 109, 110, 111, 113, 114, 115, 117], "excluded_lines": [], "executed_branches": [[15, 17], [17, 19], [19, 21], [25, 28], [29, 30], [29, 32], [37, 40], [41, 44], [56, 59], [68, 71], [78, 79], [78, 81], [82, 83], [82, 89], [91, 92]], "missing_branches": [[15, 16], [17, 18], [19, 20], [25, 26], [37, 38], [41, 42], [56, 57], [68, 69], [91, 94], [110, 111], [110, 113], [114, 115], [114, 117]]}}}, "backend/challenge_prompts.py": {"executed_lines": [1, 3, 5, 8, 9, 10, 12, 13, 15, 16, 18, 19, 21, 22, 24, 25, 27, 28, 31, 32, 33, 34, 35, 36, 38, 39, 40, 41, 43, 44, 45, 47, 48, 50, 51, 56, 58, 59, 62, 104, 105, 106, 107, 125, 130, 173, 224, 277, 328, 379], "summary": {"covered_lines": 48, "num_statements": 48, "percent_covered": 100.0, "percent_covered_display": "100.00", "missing_lines": 0, "excluded_lines": 0, "num_branches": 2, "num_partial_branches": 0, "covered_branches": 2, "missing_branches": 0}, "missing_lines": [], "excluded_lines": [], "executed_branches": [[104, 105], [104, 107]], "missing_branches": [], "functions": {"build_challenge_system_prompt": {"executed_lines": [58, 59, 62, 104, 105, 106, 107, 125], "summary": {"covered_lines": 8, "num_statements": 8, "percent_covered": 100.0, "percent_covered_display": "100.00", "missing_lines": 0, "excluded_lines": 0, "num_branches": 2, "num_partial_branches": 0, "covered_branches": 2, "missing_branches": 0}, "missing_lines": [], "excluded_lines": [], "executed_branches": [[104, 105], [104, 107]], "missing_branches": []}, "": {"executed_lines": [1, 3, 5, 8, 9, 10, 12, 13, 15, 16, 18, 19, 21, 22, 24, 25, 27, 28, 31, 32, 33, 34, 35, 36, 38, 39, 40, 41, 43, 44, 45, 47, 48, 50, 51, 56, 130, 173, 224, 277, 328, 379], "summary": {"covered_lines": 40, "num_statements": 40, "percent_covered": 100.0, "percent_covered_display": "100.00", "missing_lines": 0, "excluded_lines": 0, "num_branches": 0, "num_partial_branches": 0, "covered_branches": 0, "missing_branches": 0}, "missing_lines": [], "excluded_lines": [], "executed_branches": [], "missing_branches": []}}, "classes": {"ChallengeGate": {"executed_lines": [], "summary": {"covered_lines": 0, "num_statements": 0, "percent_covered": 100.0, "percent_covered_display": "100.00", "missing_lines": 0, "excluded_lines": 0, "num_branches": 0, "num_partial_branches": 0, "covered_branches": 0, "missing_branches": 0}, "missing_lines": [], "excluded_lines": [], "executed_branches": [], "missing_branches": []}, "ChallengeScenario": {"executed_lines": [], "summary": {"covered_lines": 0, "num_statements": 0, "percent_covered": 100.0, "percent_covered_display": "100.00", "missing_lines": 0, "excluded_lines": 0, "num_branches": 0, "num_partial_branches": 0, "covered_branches": 0, "missing_branches": 0}, "missing_lines": [], "excluded_lines": [], "executed_branches": [], "missing_branches": []}, "": {"executed_lines": [1, 3, 5, 8, 9, 10, 12, 13, 15, 16, 18, 19, 21, 22, 24, 25, 27, 28, 31, 32, 33, 34, 35, 36, 38, 39, 40, 41, 43, 44, 45, 47, 48, 50, 51, 56, 58, 59, 62, 104, 105, 106, 107, 125, 130, 173, 224, 277, 328, 379], "summary": {"covered_lines": 48, "num_statements": 48, "percent_covered": 100.0, "percent_covered_display": "100.00", "missing_lines": 0, "excluded_lines": 0, "num_branches": 2, "num_partial_branches": 0, "covered_branches": 2, "missing_branches": 0}, "missing_lines": [], "excluded_lines": [], "executed_branches": [[104, 105], [104, 107]], "missing_branches": []}}}, "backend/challenges.py": {"executed_lines": [1, 3, 62, 67, 68, 71, 72, 75, 76, 79, 80, 82], "summary": {"covered_lines": 11, "num_statements": 11, "percent_covered": 100.0, "percent_covered_display": "100.00", "missing_lines": 0, "excluded_lines": 0, "num_branches": 0, "num_partial_branches": 0, "covered_branches": 0, "missing_branches": 0}, "missing_lines": [], "excluded_lines": [], "executed_branches": [], "missing_branches": [], "functions": {"get_challenge": {"executed_lines": [68], "summary": {"covered_lines": 1, "num_statements": 1, "percent_covered": 100.0, "percent_covered_display": "100.00", "missing_lines": 0, "excluded_lines": 0, "num_branches": 0, "num_partial_branches": 0, "covered_branches": 0, "missing_branches": 0}, "missing_lines": [], "excluded_lines": [], "executed_branches": [], "missing_branches": []}, "get_unlocked_character_id": {"executed_lines": [72], "summary": {"covered_lines": 1, "num_statements": 1, "percent_covered": 100.0, "percent_covered_display": "100.00", "missing_lines": 0, "excluded_lines": 0, "num_branches": 0, "num_partial_branches": 0, "covered_branches": 0, "missing_branches": 0}, "missing_lines": [], "excluded_lines": [], "executed_branches": [], "missing_branches": []}, "is_challenge_character": {"executed_lines": [76], "summary": {"covered_lines": 1, "num_statements": 1, "percent_covered": 100.0, "percent_covered_display": "100.00", "missing_lines": 0, "excluded_lines": 0, "num_branches": 0, "num_partial_branches": 0, "covered_branches": 0, "missing_branches": 0}, "missing_lines": [], "excluded_lines": [], "executed_branches": [], "missing_branches": []}, "get_challenges_progress": {"executed_lines": [80, 82], "summary": {"covered_lines": 2, "num_statements": 2, "percent_covered": 100.0, "percent_covered_display": "100.00", "missing_lines": 0, "excluded_lines": 0, "num_branches": 0, "num_partial_branches": 0, "covered_branches": 0, "missing_branches": 0}, "missing_lines": [], "excluded_lines": [], "executed_branches": [], "missing_branches": []}, "": {"executed_lines": [1, 3, 62, 67, 71, 75, 79], "summary": {"covered_lines": 6, "num_statements": 6, "percent_covered": 100.0, "percent_covered_display": "100.00", "missing_lines": 0, "excluded_lines": 0, "num_branches": 0, "num_partial_branches": 0, "covered_branches": 0, "missing_branches": 0}, "missing_lines": [], "excluded_lines": [], "executed_branches": [], "missing_branches": []}}, "classes": {"": {"executed_lines": [1, 3, 62, 67, 68, 71, 72, 75, 76, 79, 80, 82], "summary": {"covered_lines": 11, "num_statements": 11, "percent_covered": 100.0, "percent_covered_display": "100.00", "missing_lines": 0, "excluded_lines": 0, "num_branches": 0, "num_partial_branches": 0, "covered_branches": 0, "missing_branches": 0}, "missing_lines": [], "excluded_lines": [], "executed_branches": [], "missing_branches": []}}}, "backend/character_sync.py": {"executed_lines": [1, 3, 5, 7, 8, 9, 10, 12, 15, 16, 17, 23, 24, 27, 28, 37, 38, 39, 40, 41, 43, 44, 45, 46, 49, 52, 77, 78, 79, 80, 81, 82, 83, 84, 85, 86, 87, 92, 93, 94, 95, 96, 97, 98, 99, 100, 101, 104, 107, 112, 113, 114, 115, 116, 118, 119, 120, 121, 122, 125, 147, 149, 150, 151, 152, 153, 154, 155, 156, 157, 158, 160, 161, 163, 164, 167, 169, 170, 178, 179, 180, 181, 184, 185, 186, 187, 188, 189, 191, 194, 205, 206, 207, 208, 211, 217, 218, 219, 220, 221, 222, 223, 224, 225, 228, 240, 241, 243, 244, 245, 246, 248, 249, 253, 254, 258, 259, 261, 262, 263, 264, 265, 266, 267, 268, 269, 271, 272, 274, 277, 279, 280, 281, 282, 283, 284, 285, 288, 299, 300, 301, 303, 306, 307, 309, 310, 311, 312, 313, 320, 321, 322, 324, 325, 326, 327, 329, 330, 331, 333, 334, 336, 337, 338, 340, 341, 347], "summary": {"covered_lines": 165, "num_statements": 185, "percent_covered": 86.08058608058609, "percent_covered_display": "86.08", "missing_lines": 20, "excluded_lines": 0, "num_branches": 88, "num_partial_branches": 8, "covered_branches": 70, "missing_branches": 18}, "missing_lines": [42, 103, 117, 171, 172, 173, 174, 175, 176, 182, 349, 354, 355, 356, 357, 358, 359, 360, 362, 363], "excluded_lines": [], "executed_branches": [[38, 39], [38, 40], [41, 43], [44, 45], [44, 46], [80, 81], [80, 104], [81, 82], [81, 84], [86, 87], [92, 93], [92, 94], [95, 86], [95, 96], [99, 100], [115, 116], [115, 122], [116, 118], [149, 150], [149, 163], [152, 153], [155, 156], [155, 161], [156, 157], [156, 160], [169, 170], [169, 191], [170, 178], [179, 180], [179, 189], [181, 184], [185, 186], [185, 189], [187, 188], [206, 207], [206, 208], [220, 221], [220, 225], [221, 222], [221, 223], [243, 244], [243, 274], [248, 249], [248, 253], [261, 243], [261, 262], [262, 263], [262, 264], [266, 267], [266, 268], [271, 261], [271, 272], [280, 281], [280, 285], [281, 280], [281, 282], [282, 283], [282, 284], [309, 310], [309, 336], [312, 313], [312, 324], [325, 326], [325, 329], [329, 330], [329, 333], [333, 309], [333, 334], [337, 338], [337, 340]], "missing_branches": [[41, 42], [86, 99], [99, 103], [116, 117], [152, 163], [170, 171], [171, 172], [171, 174], [181, 182], [187, 189], [354, -347], [354, 355], [355, 356], [355, 357], [358, 359], [358, 363], [359, 360], [359, 362]], "functions": {"serialize_character": {"executed_lines": [28], "summary": {"covered_lines": 1, "num_statements": 1, "percent_covered": 100.0, "percent_covered_display": "100.00", "missing_lines": 0, "excluded_lines": 0, "num_branches": 0, "num_partial_branches": 0, "covered_branches": 0, "missing_branches": 0}, "missing_lines": [], "excluded_lines": [], "executed_branches": [], "missing_branches": []}, "_valid_reading_at": {"executed_lines": [38, 39, 40, 41, 43, 44, 45, 46], "summary": {"covered_lines": 8, "num_statements": 9, "percent_covered": 86.66666666666667, "percent_covered_display": "86.67", "missing_lines": 1, "excluded_lines": 0, "num_branches": 6, "num_partial_branches": 1, "covered_branches": 5, "missing_branches": 1}, "missing_lines": [42], "excluded_lines": [], "executed_branches": [[38, 39], [38, 40], [41, 43], [44, 45], [44, 46]], "missing_branches": [[41, 42]]}, "extract_tone_syllables_in_order": {"executed_lines": [77, 78, 79, 80, 81, 82, 83, 84, 85, 86, 87, 92, 93, 94, 95, 96, 97, 98, 99, 100, 101, 104], "summary": {"covered_lines": 22, "num_statements": 23, "percent_covered": 91.42857142857143, "percent_covered_display": "91.43", "missing_lines": 1, "excluded_lines": 0, "num_branches": 12, "num_partial_branches": 2, "covered_branches": 10, "missing_branches": 2}, "missing_lines": [103], "excluded_lines": [], "executed_branches": [[80, 81], [80, 104], [81, 82], [81, 84], [86, 87], [92, 93], [92, 94], [95, 86], [95, 96], [99, 100]], "missing_branches": [[86, 99], [99, 103]]}, "pair_han_characters_with_anki_pinyin_tokens": {"executed_lines": [112, 113, 114, 115, 116, 118, 119, 120, 121, 122], "summary": {"covered_lines": 10, "num_statements": 11, "percent_covered": 86.66666666666667, "percent_covered_display": "86.67", "missing_lines": 1, "excluded_lines": 0, "num_branches": 4, "num_partial_branches": 1, "covered_branches": 3, "missing_branches": 1}, "missing_lines": [117], "excluded_lines": [], "executed_branches": [[115, 116], [115, 122], [116, 118]], "missing_branches": [[116, 117]]}, "_resolved_word_tokens": {"executed_lines": [147, 149, 150, 151, 152, 153, 154, 155, 156, 157, 158, 160, 161, 163, 164, 167, 169, 170, 178, 179, 180, 181, 184, 185, 186, 187, 188, 189, 191], "summary": {"covered_lines": 29, "num_statements": 36, "percent_covered": 77.58620689655173, "percent_covered_display": "77.59", "missing_lines": 7, "excluded_lines": 0, "num_branches": 22, "num_partial_branches": 4, "covered_branches": 16, "missing_branches": 6}, "missing_lines": [171, 172, 173, 174, 175, 176, 182], "excluded_lines": [], "executed_branches": [[149, 150], [149, 163], [152, 153], [155, 156], [155, 161], [156, 157], [156, 160], [169, 170], [169, 191], [170, 178], [179, 180], [179, 189], [181, 184], [185, 186], [185, 189], [187, 188]], "missing_branches": [[152, 163], [170, 171], [171, 172], [171, 174], [181, 182], [187, 189]]}, "build_word_pinyin_for_storage": {"executed_lines": [205, 206, 207, 208], "summary": {"covered_lines": 4, "num_statements": 4, "percent_covered": 100.0, "percent_covered_display": "100.00", "missing_lines": 0, "excluded_lines": 0, "num_branches": 2, "num_partial_branches": 0, "covered_branches": 2, "missing_branches": 0}, "missing_lines": [], "excluded_lines": [], "executed_branches": [[206, 207], [206, 208]], "missing_branches": []}, "unresolved_word_characters": {"executed_lines": [217, 218, 219, 220, 221, 222, 223, 224, 225], "summary": {"covered_lines": 9, "num_statements": 9, "percent_covered": 100.0, "percent_covered_display": "100.00", "missing_lines": 0, "excluded_lines": 0, "num_branches": 4, "num_partial_branches": 0, "covered_branches": 4, "missing_branches": 0}, "missing_lines": [], "excluded_lines": [], "executed_branches": [[220, 221], [220, 225], [221, 222], [221, 223]], "missing_branches": []}, "build_character_pinyin_map_from_words": {"executed_lines": [240, 241, 243, 244, 245, 246, 248, 249, 253, 254, 258, 259, 261, 262, 263, 264, 265, 266, 267, 268, 269, 271, 272, 274], "summary": {"covered_lines": 24, "num_statements": 24, "percent_covered": 100.0, "percent_covered_display": "100.00", "missing_lines": 0, "excluded_lines": 0, "num_branches": 12, "num_partial_branches": 0, "covered_branches": 12, "missing_branches": 0}, "missing_lines": [], "excluded_lines": [], "executed_branches": [[243, 244], [243, 274], [248, 249], [248, 253], [261, 243], [261, 262], [262, 263], [262, 264], [266, 267], [266, 268], [271, 261], [271, 272]], "missing_branches": []}, "build_character_writing_known_map_from_words": {"executed_lines": [279, 280, 281, 282, 283, 284, 285], "summary": {"covered_lines": 7, "num_statements": 7, "percent_covered": 100.0, "percent_covered_display": "100.00", "missing_lines": 0, "excluded_lines": 0, "num_branches": 6, "num_partial_branches": 0, "covered_branches": 6, "missing_branches": 0}, "missing_lines": [], "excluded_lines": [], "executed_branches": [[280, 281], [280, 285], [281, 280], [281, 282], [282, 283], [282, 284]], "missing_branches": []}, "rebuild_characters_from_words": {"executed_lines": [299, 300, 301, 303, 306, 307, 309, 310, 311, 312, 313, 320, 321, 322, 324, 325, 326, 327, 329, 330, 331, 333, 334, 336, 337, 338, 340, 341], "summary": {"covered_lines": 28, "num_statements": 28, "percent_covered": 100.0, "percent_covered_display": "100.00", "missing_lines": 0, "excluded_lines": 0, "num_branches": 12, "num_partial_branches": 0, "covered_branches": 12, "missing_branches": 0}, "missing_lines": [], "excluded_lines": [], "executed_branches": [[309, 310], [309, 336], [312, 313], [312, 324], [325, 326], [325, 329], [329, 330], [329, 333], [333, 309], [333, 334], [337, 338], [337, 340]], "missing_branches": []}, "fill_missing_word_pinyin_from_characters": {"executed_lines": [], "summary": {"covered_lines": 0, "num_statements": 10, "percent_covered": 0.0, "percent_covered_display": "0.00", "missing_lines": 10, "excluded_lines": 0, "num_branches": 8, "num_partial_branches": 0, "covered_branches": 0, "missing_branches": 8}, "missing_lines": [349, 354, 355, 356, 357, 358, 359, 360, 362, 363], "excluded_lines": [], "executed_branches": [], "missing_branches": [[354, -347], [354, 355], [355, 356], [355, 357], [358, 359], [358, 363], [359, 360], [359, 362]]}, "": {"executed_lines": [1, 3, 5, 7, 8, 9, 10, 12, 15, 16, 17, 23, 24, 27, 37, 49, 52, 107, 125, 194, 211, 228, 277, 288, 347], "summary": {"covered_lines": 23, "num_statements": 23, "percent_covered": 100.0, "percent_covered_display": "100.00", "missing_lines": 0, "excluded_lines": 0, "num_branches": 0, "num_partial_branches": 0, "covered_branches": 0, "missing_branches": 0}, "missing_lines": [], "excluded_lines": [], "executed_branches": [], "missing_branches": []}}, "classes": {"CharacterSyncResult": {"executed_lines": [], "summary": {"covered_lines": 0, "num_statements": 0, "percent_covered": 100.0, "percent_covered_display": "100.00", "missing_lines": 0, "excluded_lines": 0, "num_branches": 0, "num_partial_branches": 0, "covered_branches": 0, "missing_branches": 0}, "missing_lines": [], "excluded_lines": [], "executed_branches": [], "missing_branches": []}, "": {"executed_lines": [1, 3, 5, 7, 8, 9, 10, 12, 15, 16, 17, 23, 24, 27, 28, 37, 38, 39, 40, 41, 43, 44, 45, 46, 49, 52, 77, 78, 79, 80, 81, 82, 83, 84, 85, 86, 87, 92, 93, 94, 95, 96, 97, 98, 99, 100, 101, 104, 107, 112, 113, 114, 115, 116, 118, 119, 120, 121, 122, 125, 147, 149, 150, 151, 152, 153, 154, 155, 156, 157, 158, 160, 161, 163, 164, 167, 169, 170, 178, 179, 180, 181, 184, 185, 186, 187, 188, 189, 191, 194, 205, 206, 207, 208, 211, 217, 218, 219, 220, 221, 222, 223, 224, 225, 228, 240, 241, 243, 244, 245, 246, 248, 249, 253, 254, 258, 259, 261, 262, 263, 264, 265, 266, 267, 268, 269, 271, 272, 274, 277, 279, 280, 281, 282, 283, 284, 285, 288, 299, 300, 301, 303, 306, 307, 309, 310, 311, 312, 313, 320, 321, 322, 324, 325, 326, 327, 329, 330, 331, 333, 334, 336, 337, 338, 340, 341, 347], "summary": {"covered_lines": 165, "num_statements": 185, "percent_covered": 86.08058608058609, "percent_covered_display": "86.08", "missing_lines": 20, "excluded_lines": 0, "num_branches": 88, "num_partial_branches": 8, "covered_branches": 70, "missing_branches": 18}, "missing_lines": [42, 103, 117, 171, 172, 173, 174, 175, 176, 182, 349, 354, 355, 356, 357, 358, 359, 360, 362, 363], "excluded_lines": [], "executed_branches": [[38, 39], [38, 40], [41, 43], [44, 45], [44, 46], [80, 81], [80, 104], [81, 82], [81, 84], [86, 87], [92, 93], [92, 94], [95, 86], [95, 96], [99, 100], [115, 116], [115, 122], [116, 118], [149, 150], [149, 163], [152, 153], [155, 156], [155, 161], [156, 157], [156, 160], [169, 170], [169, 191], [170, 178], [179, 180], [179, 189], [181, 184], [185, 186], [185, 189], [187, 188], [206, 207], [206, 208], [220, 221], [220, 225], [221, 222], [221, 223], [243, 244], [243, 274], [248, 249], [248, 253], [261, 243], [261, 262], [262, 263], [262, 264], [266, 267], [266, 268], [271, 261], [271, 272], [280, 281], [280, 285], [281, 280], [281, 282], [282, 283], [282, 284], [309, 310], [309, 336], [312, 313], [312, 324], [325, 326], [325, 329], [329, 330], [329, 333], [333, 309], [333, 334], [337, 338], [337, 340]], "missing_branches": [[41, 42], [86, 99], [99, 103], [116, 117], [152, 163], [170, 171], [171, 172], [171, 174], [181, 182], [187, 189], [354, -347], [354, 355], [355, 356], [355, 357], [358, 359], [358, 363], [359, 360], [359, 362]]}}}, "backend/chat_agents.py": {"executed_lines": [1, 6, 75, 76, 77, 78, 79, 82, 83, 85, 86, 87], "summary": {"covered_lines": 12, "num_statements": 12, "percent_covered": 100.0, "percent_covered_display": "100.00", "missing_lines": 0, "excluded_lines": 0, "num_branches": 2, "num_partial_branches": 0, "covered_branches": 2, "missing_branches": 0}, "missing_lines": [], "excluded_lines": [], "executed_branches": [[77, 78], [77, 79]], "missing_branches": [], "functions": {"get_character": {"executed_lines": [76, 77, 78, 79], "summary": {"covered_lines": 4, "num_statements": 4, "percent_covered": 100.0, "percent_covered_display": "100.00", "missing_lines": 0, "excluded_lines": 0, "num_branches": 2, "num_partial_branches": 0, "covered_branches": 2, "missing_branches": 0}, "missing_lines": [], "excluded_lines": [], "executed_branches": [[77, 78], [77, 79]], "missing_branches": []}, "get_system_prompt": {"executed_lines": [83, 85, 86, 87], "summary": {"covered_lines": 4, "num_statements": 4, "percent_covered": 100.0, "percent_covered_display": "100.00", "missing_lines": 0, "excluded_lines": 0, "num_branches": 0, "num_partial_branches": 0, "covered_branches": 0, "missing_branches": 0}, "missing_lines": [], "excluded_lines": [], "executed_branches": [], "missing_branches": []}, "": {"executed_lines": [1, 6, 75, 82], "summary": {"covered_lines": 4, "num_statements": 4, "percent_covered": 100.0, "percent_covered_display": "100.00", "missing_lines": 0, "excluded_lines": 0, "num_branches": 0, "num_partial_branches": 0, "covered_branches": 0, "missing_branches": 0}, "missing_lines": [], "excluded_lines": [], "executed_branches": [], "missing_branches": []}}, "classes": {"": {"executed_lines": [1, 6, 75, 76, 77, 78, 79, 82, 83, 85, 86, 87], "summary": {"covered_lines": 12, "num_statements": 12, "percent_covered": 100.0, "percent_covered_display": "100.00", "missing_lines": 0, "excluded_lines": 0, "num_branches": 2, "num_partial_branches": 0, "covered_branches": 2, "missing_branches": 0}, "missing_lines": [], "excluded_lines": [], "executed_branches": [[77, 78], [77, 79]], "missing_branches": []}}}, "backend/chat_service.py": {"executed_lines": [1, 2, 3, 5, 7, 8, 9, 10, 12, 13, 14, 15, 16, 32, 33, 34, 35, 37, 38, 39, 41, 42, 47, 48, 55, 56, 57, 58, 59, 62, 63, 64, 65, 66, 68, 69, 70, 72, 73, 74, 75, 76, 79, 80, 81, 82, 83, 84, 87, 88, 89, 90, 91, 92, 93, 96, 134, 135, 137, 138, 139, 140, 155, 156, 157, 158, 159, 160, 161, 171, 172, 187, 190, 191, 192, 193, 195, 196, 198, 199, 200, 202, 203, 205, 208, 215, 220, 221, 224, 225, 228, 229, 230, 238, 239, 248, 249, 256, 260, 264, 267, 268, 269, 270, 271, 273, 274, 275, 276, 278, 279, 281, 284, 286, 287, 290, 299, 300, 302, 303, 309, 310, 312, 313, 319, 326, 327, 328, 329, 330, 331, 332, 335, 336, 339, 340, 341, 343, 344, 345, 346, 349, 350, 351, 354, 355, 357, 358, 363, 366, 371, 372, 374, 377, 378, 379, 380, 381, 382, 384, 386, 387, 389, 390, 391, 392, 394, 397, 398, 400, 408, 414, 415, 419, 421, 429, 437, 440, 445, 449, 450, 451, 453, 456, 459, 460, 462, 464, 465, 467, 475, 476, 478, 479, 485, 486, 488, 489, 490, 492, 493, 495, 496, 498, 499, 502, 503, 505, 506, 515, 522, 523, 524, 526, 530, 531, 533, 534, 535, 536, 537, 544, 553, 554, 556, 560, 561, 562, 566, 567, 577], "summary": {"covered_lines": 231, "num_statements": 275, "percent_covered": 77.69028871391076, "percent_covered_display": "77.69", "missing_lines": 44, "excluded_lines": 0, "num_branches": 106, "num_partial_branches": 25, "covered_branches": 65, "missing_branches": 41}, "missing_lines": [142, 143, 148, 149, 150, 152, 166, 167, 169, 173, 174, 175, 176, 177, 178, 183, 184, 185, 216, 217, 218, 280, 288, 304, 314, 337, 342, 352, 359, 375, 383, 385, 393, 395, 438, 441, 454, 457, 468, 469, 470, 471, 472, 473], "excluded_lines": [], "executed_branches": [[74, 75], [137, 138], [139, 140], [157, 158], [157, 171], [160, 161], [172, 187], [202, 203], [202, 205], [215, 220], [270, 271], [270, 273], [275, 276], [279, 281], [287, 290], [303, 309], [309, 310], [309, 312], [313, 319], [328, 329], [328, 332], [336, 339], [340, 341], [340, 346], [341, 343], [344, 340], [344, 345], [351, 354], [354, 355], [354, 357], [358, 363], [371, 372], [371, 374], [374, 377], [379, 380], [379, 389], [382, 384], [384, 386], [389, 390], [389, 397], [392, 394], [394, 389], [397, 398], [397, 400], [437, 440], [440, 445], [449, 450], [449, 464], [453, 456], [456, 459], [459, 460], [459, 462], [464, 465], [464, 467], [467, 475], [478, 479], [478, 485], [492, 493], [492, 495], [495, 496], [495, 498], [533, 534], [533, 577], [566, 567], [566, 577]], "missing_branches": [[74, 76], [137, 142], [139, 142], [142, 143], [142, 152], [149, 150], [149, 152], [160, 166], [167, 169], [167, 171], [172, 173], [174, 175], [174, 187], [177, 178], [177, 183], [184, 185], [184, 187], [215, 216], [216, 217], [216, 218], [275, 278], [279, 280], [287, 288], [303, 304], [313, 314], [336, 337], [341, 342], [351, 352], [358, 359], [374, 375], [382, 383], [384, 385], [392, 393], [394, 395], [437, 438], [440, 441], [453, 454], [456, 457], [467, 468], [470, 471], [470, 472]], "functions": {"LlmTokenUsage.total": {"executed_lines": [39], "summary": {"covered_lines": 1, "num_statements": 1, "percent_covered": 100.0, "percent_covered_display": "100.00", "missing_lines": 0, "excluded_lines": 0, "num_branches": 0, "num_partial_branches": 0, "covered_branches": 0, "missing_branches": 0}, "missing_lines": [], "excluded_lines": [], "executed_branches": [], "missing_branches": []}, "LlmTokenUsage.__add__": {"executed_lines": [42], "summary": {"covered_lines": 1, "num_statements": 1, "percent_covered": 100.0, "percent_covered_display": "100.00", "missing_lines": 0, "excluded_lines": 0, "num_branches": 0, "num_partial_branches": 0, "covered_branches": 0, "missing_branches": 0}, "missing_lines": [], "excluded_lines": [], "executed_branches": [], "missing_branches": []}, "LlmTokenUsage.to_dict": {"executed_lines": [48], "summary": {"covered_lines": 1, "num_statements": 1, "percent_covered": 100.0, "percent_covered_display": "100.00", "missing_lines": 0, "excluded_lines": 0, "num_branches": 0, "num_partial_branches": 0, "covered_branches": 0, "missing_branches": 0}, "missing_lines": [], "excluded_lines": [], "executed_branches": [], "missing_branches": []}, "GrammarCorrection.needs_explanation": {"executed_lines": [70], "summary": {"covered_lines": 1, "num_statements": 1, "percent_covered": 100.0, "percent_covered_display": "100.00", "missing_lines": 0, "excluded_lines": 0, "num_branches": 0, "num_partial_branches": 0, "covered_branches": 0, "missing_branches": 0}, "missing_lines": [], "excluded_lines": [], "executed_branches": [], "missing_branches": []}, "GrammarCorrection.to_dict": {"executed_lines": [73, 74, 75, 76], "summary": {"covered_lines": 4, "num_statements": 4, "percent_covered": 83.33333333333333, "percent_covered_display": "83.33", "missing_lines": 0, "excluded_lines": 0, "num_branches": 2, "num_partial_branches": 1, "covered_branches": 1, "missing_branches": 1}, "missing_lines": [], "excluded_lines": [], "executed_branches": [[74, 75]], "missing_branches": [[74, 76]]}, "_llm_response_text": {"executed_lines": [135, 137, 138, 139, 140], "summary": {"covered_lines": 5, "num_statements": 11, "percent_covered": 36.8421052631579, "percent_covered_display": "36.84", "missing_lines": 6, "excluded_lines": 0, "num_branches": 8, "num_partial_branches": 2, "covered_branches": 2, "missing_branches": 6}, "missing_lines": [142, 143, 148, 149, 150, 152], "excluded_lines": [], "executed_branches": [[137, 138], [139, 140]], "missing_branches": [[137, 142], [139, 142], [142, 143], [142, 152], [149, 150], [149, 152]]}, "_tokens_from_response": {"executed_lines": [156, 157, 158, 159, 160, 161, 171, 172, 187], "summary": {"covered_lines": 9, "num_statements": 21, "percent_covered": 37.142857142857146, "percent_covered_display": "37.14", "missing_lines": 12, "excluded_lines": 0, "num_branches": 14, "num_partial_branches": 2, "covered_branches": 4, "missing_branches": 10}, "missing_lines": [166, 167, 169, 173, 174, 175, 176, 177, 178, 183, 184, 185], "excluded_lines": [], "executed_branches": [[157, 158], [157, 171], [160, 161], [172, 187]], "missing_branches": [[160, 166], [167, 169], [167, 171], [172, 173], [174, 175], [174, 187], [177, 178], [177, 183], [184, 185], [184, 187]]}, "_invoke_llm": {"executed_lines": [191, 192, 193, 195, 196, 198, 199, 200, 202, 203, 205], "summary": {"covered_lines": 11, "num_statements": 11, "percent_covered": 100.0, "percent_covered_display": "100.00", "missing_lines": 0, "excluded_lines": 0, "num_branches": 2, "num_partial_branches": 0, "covered_branches": 2, "missing_branches": 0}, "missing_lines": [], "excluded_lines": [], "executed_branches": [[202, 203], [202, 205]], "missing_branches": []}, "find_unknown_characters": {"executed_lines": [215, 220, 221], "summary": {"covered_lines": 3, "num_statements": 6, "percent_covered": 40.0, "percent_covered_display": "40.00", "missing_lines": 3, "excluded_lines": 0, "num_branches": 4, "num_partial_branches": 1, "covered_branches": 1, "missing_branches": 3}, "missing_lines": [216, 217, 218], "excluded_lines": [], "executed_branches": [[215, 220]], "missing_branches": [[215, 216], [216, 217], [216, 218]]}, "_known_characters": {"executed_lines": [225], "summary": {"covered_lines": 1, "num_statements": 1, "percent_covered": 100.0, "percent_covered_display": "100.00", "missing_lines": 0, "excluded_lines": 0, "num_branches": 0, "num_partial_branches": 0, "covered_branches": 0, "missing_branches": 0}, "missing_lines": [], "excluded_lines": [], "executed_branches": [], "missing_branches": []}, "_rephrase_instruction": {"executed_lines": [229, 230], "summary": {"covered_lines": 2, "num_statements": 2, "percent_covered": 100.0, "percent_covered_display": "100.00", "missing_lines": 0, "excluded_lines": 0, "num_branches": 0, "num_partial_branches": 0, "covered_branches": 0, "missing_branches": 0}, "missing_lines": [], "excluded_lines": [], "executed_branches": [], "missing_branches": []}, "_coherence_revision_instruction": {"executed_lines": [239], "summary": {"covered_lines": 1, "num_statements": 1, "percent_covered": 100.0, "percent_covered_display": "100.00", "missing_lines": 0, "excluded_lines": 0, "num_branches": 0, "num_partial_branches": 0, "covered_branches": 0, "missing_branches": 0}, "missing_lines": [], "excluded_lines": [], "executed_branches": [], "missing_branches": []}, "_judge_revision_request": {"executed_lines": [249], "summary": {"covered_lines": 1, "num_statements": 1, "percent_covered": 100.0, "percent_covered_display": "100.00", "missing_lines": 0, "excluded_lines": 0, "num_branches": 0, "num_partial_branches": 0, "covered_branches": 0, "missing_branches": 0}, "missing_lines": [], "excluded_lines": [], "executed_branches": [], "missing_branches": []}, "_best_attempt": {"executed_lines": [260, 264], "summary": {"covered_lines": 2, "num_statements": 2, "percent_covered": 100.0, "percent_covered_display": "100.00", "missing_lines": 0, "excluded_lines": 0, "num_branches": 0, "num_partial_branches": 0, "covered_branches": 0, "missing_branches": 0}, "missing_lines": [], "excluded_lines": [], "executed_branches": [], "missing_branches": []}, "_extract_json_object": {"executed_lines": [268, 269, 270, 271, 273, 274, 275, 276, 278, 279, 281], "summary": {"covered_lines": 11, "num_statements": 12, "percent_covered": 83.33333333333333, "percent_covered_display": "83.33", "missing_lines": 1, "excluded_lines": 0, "num_branches": 6, "num_partial_branches": 2, "covered_branches": 4, "missing_branches": 2}, "missing_lines": [280], "excluded_lines": [], "executed_branches": [[270, 271], [270, 273], [275, 276], [279, 281]], "missing_branches": [[275, 278], [279, 280]]}, "check_user_grammar": {"executed_lines": [286, 287, 290, 299, 300, 302, 303, 309, 310, 312, 313, 319], "summary": {"covered_lines": 12, "num_statements": 15, "percent_covered": 73.91304347826087, "percent_covered_display": "73.91", "missing_lines": 3, "excluded_lines": 0, "num_branches": 8, "num_partial_branches": 3, "covered_branches": 5, "missing_branches": 3}, "missing_lines": [288, 304, 314], "excluded_lines": [], "executed_branches": [[287, 290], [303, 309], [309, 310], [309, 312], [313, 319]], "missing_branches": [[287, 288], [303, 304], [313, 314]]}, "_format_challenge_transcript": {"executed_lines": [327, 328, 329, 330, 331, 332], "summary": {"covered_lines": 6, "num_statements": 6, "percent_covered": 100.0, "percent_covered_display": "100.00", "missing_lines": 0, "excluded_lines": 0, "num_branches": 2, "num_partial_branches": 0, "covered_branches": 2, "missing_branches": 0}, "missing_lines": [], "excluded_lines": [], "executed_branches": [[328, 329], [328, 332]], "missing_branches": []}, "_parse_completed_task_ids": {"executed_lines": [336, 339, 340, 341, 343, 344, 345, 346], "summary": {"covered_lines": 8, "num_statements": 10, "percent_covered": 77.77777777777777, "percent_covered_display": "77.78", "missing_lines": 2, "excluded_lines": 0, "num_branches": 8, "num_partial_branches": 2, "covered_branches": 6, "missing_branches": 2}, "missing_lines": [337, 342], "excluded_lines": [], "executed_branches": [[336, 339], [340, 341], [340, 346], [341, 343], [344, 340], [344, 345]], "missing_branches": [[336, 337], [341, 342]]}, "_parse_coherence": {"executed_lines": [350, 351, 354, 355, 357, 358, 363], "summary": {"covered_lines": 7, "num_statements": 9, "percent_covered": 73.33333333333333, "percent_covered_display": "73.33", "missing_lines": 2, "excluded_lines": 0, "num_branches": 6, "num_partial_branches": 2, "covered_branches": 4, "missing_branches": 2}, "missing_lines": [352, 359], "excluded_lines": [], "executed_branches": [[351, 354], [354, 355], [354, 357], [358, 363]], "missing_branches": [[351, 352], [358, 359]]}, "judge_challenge_progress": {"executed_lines": [371, 372, 374, 377, 378, 379, 380, 381, 382, 384, 386, 387, 389, 390, 391, 392, 394, 397, 398, 400, 408, 414, 415, 419, 421], "summary": {"covered_lines": 25, "num_statements": 30, "percent_covered": 79.16666666666667, "percent_covered_display": "79.17", "missing_lines": 5, "excluded_lines": 0, "num_branches": 18, "num_partial_branches": 5, "covered_branches": 13, "missing_branches": 5}, "missing_lines": [375, 383, 385, 393, 395], "excluded_lines": [], "executed_branches": [[371, 372], [371, 374], [374, 377], [379, 380], [379, 389], [382, 384], [384, 386], [389, 390], [389, 397], [392, 394], [394, 389], [397, 398], [397, 400]], "missing_branches": [[374, 375], [382, 383], [384, 385], [392, 393], [394, 395]]}, "generate_chat_reply": {"executed_lines": [437, 440, 445, 449, 450, 451, 453, 456, 459, 460, 462, 464, 465, 467, 475, 476, 478, 479, 485, 486, 488, 489, 490, 492, 493, 495, 496, 498, 499, 502, 503, 505, 506], "summary": {"covered_lines": 33, "num_statements": 43, "percent_covered": 74.6268656716418, "percent_covered_display": "74.63", "missing_lines": 10, "excluded_lines": 0, "num_branches": 24, "num_partial_branches": 5, "covered_branches": 17, "missing_branches": 7}, "missing_lines": [438, 441, 454, 457, 468, 469, 470, 471, 472, 473], "excluded_lines": [], "executed_branches": [[437, 440], [440, 445], [449, 450], [449, 464], [453, 456], [456, 459], [459, 460], [459, 462], [464, 465], [464, 467], [467, 475], [478, 479], [478, 485], [492, 493], [492, 495], [495, 496], [495, 498]], "missing_branches": [[437, 438], [440, 441], [453, 454], [456, 457], [467, 468], [470, 471], [470, 472]]}, "generate_challenge_reply": {"executed_lines": [522, 523, 524, 526, 530, 531, 533, 534, 535, 536, 537, 544, 553
[...]
165]], "missing_branches": [[88, 89], [93, 94], [107, 108], [124, 125], [124, 126], [126, 127], [126, 129], [163, 164]]}}}, "backend/test_coverage.py": {"executed_lines": [2, 4, 6, 7, 8, 9, 11, 12, 13, 16, 17, 18, 19, 20, 21, 22, 30, 31, 32, 33, 35, 37, 45, 48, 49, 66, 67, 72, 73, 78, 79, 80, 83], "summary": {"covered_lines": 32, "num_statements": 33, "percent_covered": 94.87179487179488, "percent_covered_display": "94.87", "missing_lines": 1, "excluded_lines": 0, "num_branches": 6, "num_partial_branches": 1, "covered_branches": 5, "missing_branches": 1}, "missing_lines": [84], "excluded_lines": [], "executed_branches": [[30, 31], [30, 32], [32, 33], [32, 35], [83, -2]], "missing_branches": [[83, 84]], "functions": {"write_summary": {"executed_lines": [17, 18, 19, 20, 21, 22, 30, 31, 32, 33, 35, 37, 45], "summary": {"covered_lines": 13, "num_statements": 13, "percent_covered": 100.0, "percent_covered_display": "100.00", "missing_lines": 0, "excluded_lines": 0, "num_branches": 4, "num_partial_branches": 0, "covered_branches": 4, "missing_branches": 0}, "missing_lines": [], "excluded_lines": [], "executed_branches": [[30, 31], [30, 32], [32, 33], [32, 35]], "missing_branches": []}, "main": {"executed_lines": [49, 66, 67, 72, 73, 78, 79, 80], "summary": {"covered_lines": 8, "num_statements": 8, "percent_covered": 100.0, "percent_covered_display": "100.00", "missing_lines": 0, "excluded_lines": 0, "num_branches": 0, "num_partial_branches": 0, "covered_branches": 0, "missing_branches": 0}, "missing_lines": [], "excluded_lines": [], "executed_branches": [], "missing_branches": []}, "": {"executed_lines": [2, 4, 6, 7, 8, 9, 11, 12, 13, 16, 48, 83], "summary": {"covered_lines": 11, "num_statements": 12, "percent_covered": 85.71428571428571, "percent_covered_display": "85.71", "missing_lines": 1, "excluded_lines": 0, "num_branches": 2, "num_partial_branches": 1, "covered_branches": 1, "missing_branches": 1}, "missing_lines": [84], "excluded_lines": [], "executed_branches": [[83, -2]], "missing_branches": [[83, 84]]}}, "classes": {"": {"executed_lines": [2, 4, 6, 7, 8, 9, 11, 12, 13, 16, 17, 18, 19, 20, 21, 22, 30, 31, 32, 33, 35, 37, 45, 48, 49, 66, 67, 72, 73, 78, 79, 80, 83], "summary": {"covered_lines": 32, "num_statements": 33, "percent_covered": 94.87179487179488, "percent_covered_display": "94.87", "missing_lines": 1, "excluded_lines": 0, "num_branches": 6, "num_partial_branches": 1, "covered_branches": 5, "missing_branches": 1}, "missing_lines": [84], "excluded_lines": [], "executed_branches": [[30, 31], [30, 32], [32, 33], [32, 35], [83, -2]], "missing_branches": [[83, 84]]}}}, "backend/token_usage.py": {"executed_lines": [1, 3, 5, 6, 7, 8, 9, 11, 13, 14, 15, 16, 18, 19, 20, 21, 22, 23, 24, 26, 34, 35, 38, 39, 41, 44, 45, 46, 49, 50, 52, 53, 54, 59, 60, 61, 62, 63, 67, 68, 70, 72, 75, 77, 80, 85, 86, 89, 90, 91, 92, 93, 94, 95, 98, 99, 100, 106, 109, 117, 119, 122, 123, 130, 131, 134, 143, 146, 147, 148, 150, 151, 152, 161, 162, 172, 173, 176, 179, 180, 185, 188, 189, 194, 197, 199, 202, 203, 205, 208, 213, 216, 217, 218, 220, 229, 232, 233, 234, 235, 237, 246, 247, 248, 254, 255, 256, 257, 261, 263], "summary": {"covered_lines": 109, "num_statements": 125, "percent_covered": 78.61271676300578, "percent_covered_display": "78.61", "missing_lines": 16, "excluded_lines": 0, "num_branches": 48, "num_partial_branches": 21, "covered_branches": 27, "missing_branches": 21}, "missing_lines": [36, 40, 47, 51, 56, 65, 69, 71, 78, 105, 118, 120, 144, 175, 204, 214], "excluded_lines": [], "executed_branches": [[35, 38], [39, 41], [46, 49], [49, 50], [50, 52], [53, 54], [60, 61], [60, 62], [62, 63], [68, 70], [70, 72], [77, 80], [91, 92], [100, 106], [117, 119], [119, 122], [143, 146], [147, 148], [147, 150], [151, 152], [161, 162], [172, 173], [203, 205], [213, 216], [232, 233], [232, 237], [234, 235]], "missing_branches": [[35, 36], [39, 40], [46, 47], [49, 56], [50, 51], [53, 49], [62, 65], [68, 69], [70, 71], [77, 78], [91, 93], [100, 105], [117, 118], [119, 120], [143, 144], [151, 161], [161, 172], [172, 175], [203, 204], [213, 214], [234, 232]], "functions": {"load_token_prices": {"executed_lines": [35, 38, 39, 41], "summary": {"covered_lines": 4, "num_statements": 6, "percent_covered": 60.0, "percent_covered_display": "60.00", "missing_lines": 2, "excluded_lines": 0, "num_branches": 4, "num_partial_branches": 2, "covered_branches": 2, "missing_branches": 2}, "missing_lines": [36, 40], "excluded_lines": [], "executed_branches": [[35, 38], [39, 41]], "missing_branches": [[35, 36], [39, 40]]}, "find_model_price": {"executed_lines": [45, 46, 49, 50, 52, 53, 54], "summary": {"covered_lines": 7, "num_statements": 10, "percent_covered": 61.111111111111114, "percent_covered_display": "61.11", "missing_lines": 3, "excluded_lines": 0, "num_branches": 8, "num_partial_branches": 4, "covered_branches": 4, "missing_branches": 4}, "missing_lines": [47, 51, 56], "excluded_lines": [], "executed_branches": [[46, 49], [49, 50], [50, 52], [53, 54]], "missing_branches": [[46, 47], [49, 56], [50, 51], [53, 49]]}, "usd_per_million_for_type": {"executed_lines": [60, 61, 62, 63, 67, 68, 70, 72], "summary": {"covered_lines": 8, "num_statements": 11, "percent_covered": 68.42105263157895, "percent_covered_display": "68.42", "missing_lines": 3, "excluded_lines": 0, "num_branches": 8, "num_partial_branches": 3, "covered_branches": 5, "missing_branches": 3}, "missing_lines": [65, 69, 71], "excluded_lines": [], "executed_branches": [[60, 61], [60, 62], [62, 63], [68, 70], [70, 72]], "missing_branches": [[62, 65], [68, 69], [70, 71]]}, "compute_price_cents": {"executed_lines": [77, 80, 85, 86], "summary": {"covered_lines": 4, "num_statements": 5, "percent_covered": 71.42857142857143, "percent_covered_display": "71.43", "missing_lines": 1, "excluded_lines": 0, "num_branches": 2, "num_partial_branches": 1, "covered_branches": 1, "missing_branches": 1}, "missing_lines": [78], "excluded_lines": [], "executed_branches": [[77, 80]], "missing_branches": [[77, 78]]}, "_price_for_tokens": {"executed_lines": [90, 91, 92, 93, 94, 95], "summary": {"covered_lines": 6, "num_statements": 6, "percent_covered": 87.5, "percent_covered_display": "87.50", "missing_lines": 0, "excluded_lines": 0, "num_branches": 2, "num_partial_branches": 1, "covered_branches": 1, "missing_branches": 1}, "missing_lines": [], "excluded_lines": [], "executed_branches": [[91, 92]], "missing_branches": [[91, 93]]}, "_next_available_timestamp": {"executed_lines": [99, 100, 106], "summary": {"covered_lines": 3, "num_statements": 4, "percent_covered": 66.66666666666667, "percent_covered_display": "66.67", "missing_lines": 1, "excluded_lines": 0, "num_branches": 2, "num_partial_branches": 1, "covered_branches": 1, "missing_branches": 1}, "missing_lines": [105], "excluded_lines": [], "executed_branches": [[100, 106]], "missing_branches": [[100, 105]]}, "_add_token_row": {"executed_lines": [117, 119, 122, 123, 130, 131], "summary": {"covered_lines": 6, "num_statements": 8, "percent_covered": 66.66666666666667, "percent_covered_display": "66.67", "missing_lines": 2, "excluded_lines": 0, "num_branches": 4, "num_partial_branches": 2, "covered_branches": 2, "missing_branches": 2}, "missing_lines": [118, 120], "excluded_lines": [], "executed_branches": [[117, 119], [119, 122]], "missing_branches": [[117, 118], [119, 120]]}, "record_token_usage": {"executed_lines": [143, 146, 147, 148, 150, 151, 152, 161, 162, 172, 173, 176], "summary": {"covered_lines": 12, "num_statements": 14, "percent_covered": 75.0, "percent_covered_display": "75.00", "missing_lines": 2, "excluded_lines": 0, "num_branches": 10, "num_partial_branches": 4, "covered_branches": 6, "missing_branches": 4}, "missing_lines": [144, 175], "excluded_lines": [], "executed_branches": [[143, 146], [147, 148], [147, 150], [151, 152], [161, 162], [172, 173]], "missing_branches": [[143, 144], [151, 161], [161, 172], [172, 175]]}, "get_total_tokens": {"executed_lines": [180, 185], "summary": {"covered_lines": 2, "num_statements": 2, "percent_covered": 100.0, "percent_covered_display": "100.00", "missing_lines": 0, "excluded_lines": 0, "num_branches": 0, "num_partial_branches": 0, "covered_branches": 0, "missing_branches": 0}, "missing_lines": [], "excluded_lines": [], "executed_branches": [], "missing_branches": []}, "get_total_price_cents": {"executed_lines": [189, 194], "summary": {"covered_lines": 2, "num_statements": 2, "percent_covered": 100.0, "percent_covered_display": "100.00", "missing_lines": 0, "excluded_lines": 0, "num_branches": 0, "num_partial_branches": 0, "covered_branches": 0, "missing_branches": 0}, "missing_lines": [], "excluded_lines": [], "executed_branches": [], "missing_branches": []}, "get_total_cost_usd": {"executed_lines": [199], "summary": {"covered_lines": 1, "num_statements": 1, "percent_covered": 100.0, "percent_covered_display": "100.00", "missing_lines": 0, "excluded_lines": 0, "num_branches": 0, "num_partial_branches": 0, "covered_branches": 0, "missing_branches": 0}, "missing_lines": [], "excluded_lines": [], "executed_branches": [], "missing_branches": []}, "_as_utc": {"executed_lines": [203, 205], "summary": {"covered_lines": 2, "num_statements": 3, "percent_covered": 60.0, "percent_covered_display": "60.00", "missing_lines": 1, "excluded_lines": 0, "num_branches": 2, "num_partial_branches": 1, "covered_branches": 1, "missing_branches": 1}, "missing_lines": [204], "excluded_lines": [], "executed_branches": [[203, 205]], "missing_branches": [[203, 204]]}, "get_daily_usage": {"executed_lines": [213, 216, 217, 218, 220, 229, 232, 233, 234, 235, 237], "summary": {"covered_lines": 11, "num_statements": 12, "percent_covered": 83.33333333333333, "percent_covered_display": "83.33", "missing_lines": 1, "excluded_lines": 0, "num_branches": 6, "num_partial_branches": 2, "covered_branches": 4, "missing_branches": 2}, "missing_lines": [214], "excluded_lines": [], "executed_branches": [[213, 216], [232, 233], [232, 237], [234, 235]], "missing_branches": [[213, 214], [234, 232]]}, "get_token_usage_summary": {"executed_lines": [247, 248, 254, 255, 256, 257, 261, 263], "summary": {"covered_lines": 8, "num_statements": 8, "percent_covered": 100.0, "percent_covered_display": "100.00", "missing_lines": 0, "excluded_lines": 0, "num_branches": 0, "num_partial_branches": 0, "covered_branches": 0, "missing_branches": 0}, "missing_lines": [], "excluded_lines": [], "executed_branches": [], "missing_branches": []}, "": {"executed_lines": [1, 3, 5, 6, 7, 8, 9, 11, 13, 14, 15, 16, 18, 19, 20, 21, 22, 23, 24, 26, 34, 44, 59, 75, 89, 98, 109, 134, 179, 188, 197, 202, 208, 246], "summary": {"covered_lines": 33, "num_statements": 33, "percent_covered": 100.0, "percent_covered_display": "100.00", "missing_lines": 0, "excluded_lines": 0, "num_branches": 0, "num_partial_branches": 0, "covered_branches": 0, "missing_branches": 0}, "missing_lines": [], "excluded_lines": [], "executed_branches": [], "missing_branches": []}}, "classes": {"": {"executed_lines": [1, 3, 5, 6, 7, 8, 9, 11, 13, 14, 15, 16, 18, 19, 20, 21, 22, 23, 24, 26, 34, 35, 38, 39, 41, 44, 45, 46, 49, 50, 52, 53, 54, 59, 60, 61, 62, 63, 67, 68, 70, 72, 75, 77, 80, 85, 86, 89, 90, 91, 92, 93, 94, 95, 98, 99, 100, 106, 109, 117, 119, 122, 123, 130, 131, 134, 143, 146, 147, 148, 150, 151, 152, 161, 162, 172, 173, 176, 179, 180, 185, 188, 189, 194, 197, 199, 202, 203, 205, 208, 213, 216, 217, 218, 220, 229, 232, 233, 234, 235, 237, 246, 247, 248, 254, 255, 256, 257, 261, 263], "summary": {"covered_lines": 109, "num_statements": 125, "percent_covered": 78.61271676300578, "percent_covered_display": "78.61", "missing_lines": 16, "excluded_lines": 0, "num_branches": 48, "num_partial_branches": 21, "covered_branches": 27, "missing_branches": 21}, "missing_lines": [36, 40, 47, 51, 56, 65, 69, 71, 78, 105, 118, 120, 144, 175, 204, 214], "excluded_lines": [], "executed_branches": [[35, 38], [39, 41], [46, 49], [49, 50], [50, 52], [53, 54], [60, 61], [60, 62], [62, 63], [68, 70], [70, 72], [77, 80], [91, 92], [100, 106], [117, 119], [119, 122], [143, 146], [147, 148], [147, 150], [151, 152], [161, 162], [172, 173], [203, 205], [213, 216], [232, 233], [232, 237], [234, 235]], "missing_branches": [[35, 36], [39, 40], [46, 47], [49, 56], [50, 51], [53, 49], [62, 65], [68, 69], [70, 71], [77, 78], [91, 93], [100, 105], [117, 118], [119, 120], [143, 144], [151, 161], [161, 172], [172, 175], [203, 204], [213, 214], [234, 232]]}}}, "backend/user_context.py": {"executed_lines": [1, 10, 12, 14, 16, 22, 23, 25, 26, 31, 32, 35, 36, 37, 40, 42, 43, 44, 46, 47, 48, 49, 51, 52, 54, 55, 58, 60, 63, 65, 66, 67, 68, 70, 71, 72, 79, 80, 81, 83, 84, 86, 87, 88, 89, 91, 92, 96, 98, 99, 100, 103, 105, 107, 110, 112, 114, 117, 119, 120, 122, 123, 124, 125, 126, 128, 129, 130, 131, 134, 135, 138, 140, 141, 142, 143, 146, 147, 148, 149, 150, 151, 152], "summary": {"covered_lines": 82, "num_statements": 87, "percent_covered": 91.58878504672897, "percent_covered_display": "91.59", "missing_lines": 5, "excluded_lines": 0, "num_branches": 20, "num_partial_branches": 2, "covered_branches": 16, "missing_branches": 4}, "missing_lines": [85, 153, 154, 155, 156], "excluded_lines": [], "executed_branches": [[43, 44], [43, 46], [51, 52], [51, 54], [71, 72], [71, 83], [84, 86], [92, 96], [92, 98], [119, 120], [119, 122], [141, 142], [141, 143], [148, 149], [148, 150], [151, 152]], "missing_branches": [[84, 85], [151, 153], [154, 155], [154, 156]], "functions": {"_is_public_request": {"executed_lines": [32], "summary": {"covered_lines": 1, "num_statements": 1, "percent_covered": 100.0, "percent_covered_display": "100.00", "missing_lines": 0, "excluded_lines": 0, "num_branches": 0, "num_partial_branches": 0, "covered_branches": 0, "missing_branches": 0}, "missing_lines": [], "excluded_lines": [], "executed_branches": [], "missing_branches": []}, "_username_from_claims": {"executed_lines": [36, 37], "summary": {"covered_lines": 2, "num_statements": 2, "percent_covered": 100.0, "percent_covered_display": "100.00", "missing_lines": 0, "excluded_lines": 0, "num_branches": 0, "num_partial_branches": 0, "covered_branches": 0, "missing_branches": 0}, "missing_lines": [], "excluded_lines": [], "executed_branches": [], "missing_branches": []}, "_verified_email": {"executed_lines": [42, 43, 44, 46, 47, 48, 49, 51, 52, 54, 55], "summary": {"covered_lines": 11, "num_statements": 11, "percent_covered": 100.0, "percent_covered_display": "100.00", "missing_lines": 0, "excluded_lines": 0, "num_branches": 4, "num_partial_branches": 0, "covered_branches": 4, "missing_branches": 0}, "missing_lines": [], "excluded_lines": [], "executed_branches": [[43, 44], [43, 46], [51, 52], [51, 54]], "missing_branches": []}, "_placeholder_email": {"executed_lines": [60], "summary": {"covered_lines": 1, "num_statements": 1, "percent_covered": 100.0, "percent_covered_display": "100.00", "missing_lines": 0, "excluded_lines": 0, "num_branches": 0, "num_partial_branches": 0, "covered_branches": 0, "missing_branches": 0}, "missing_lines": [], "excluded_lines": [], "executed_branches": [], "missing_branches": []}, "ensure_current_user": {"executed_lines": [65, 66, 67, 68, 70, 71, 72, 79, 80, 81, 83, 84, 86, 87, 88, 89, 91, 92, 96, 98, 99, 100], "summary": {"covered_lines": 22, "num_statements": 23, "percent_covered": 93.10344827586206, "percent_covered_display": "93.10", "missing_lines": 1, "excluded_lines": 0, "num_branches": 6, "num_partial_branches": 1, "covered_branches": 5, "missing_branches": 1}, "missing_lines": [85], "excluded_lines": [], "executed_branches": [[71, 72], [71, 83], [84, 86], [92, 96], [92, 98]], "missing_branches": [[84, 85]]}, "_ensure_user_defaults": {"executed_lines": [105, 107], "summary": {"covered_lines": 2, "num_statements": 2, "percent_covered": 100.0, "percent_covered_display": "100.00", "missing_lines": 0, "excluded_lines": 0, "num_branches": 0, "num_partial_branches": 0, "covered_branches": 0, "missing_branches": 0}, "missing_lines": [], "excluded_lines": [], "executed_branches": [], "missing_branches": []}, "_reset_monthly_tokens": {"executed_lines": [112, 114], "summary": {"covered_lines": 2, "num_statements": 2, "percent_covered": 100.0, "percent_covered_display": "100.00", "missing_lines": 0, "excluded_lines": 0, "num_branches": 0, "num_partial_branches": 0, "covered_branches": 0, "missing_branches": 0}, "missing_lines": [], "excluded_lines": [], "executed_branches": [], "missing_branches": []}, "authenticate_request": {"executed_lines": [119, 120, 122, 123, 124, 125, 126, 128, 129, 130, 131], "summary": {"covered_lines": 11, "num_statements": 11, "percent_covered": 100.0, "percent_covered_display": "100.00", "missing_lines": 0, "excluded_lines": 0, "num_branches": 2, "num_partial_branches": 0, "covered_branches": 2, "missing_branches": 0}, "missing_lines": [], "excluded_lines": [], "executed_branches": [[119, 120], [119, 122]], "missing_branches": []}, "register_user_context": {"executed_lines": [135], "summary": {"covered_lines": 1, "num_statements": 1, "percent_covered": 100.0, "percent_covered_display": "100.00", "missing_lines": 0, "excluded_lines": 0, "num_branches": 0, "num_partial_branches": 0, "covered_branches": 0, "missing_branches": 0}, "missing_lines": [], "excluded_lines": [], "executed_branches": [], "missing_branches": []}, "current_user_id": {"executed_lines": [140, 141, 142, 143], "summary": {"covered_lines": 4, "num_statements": 4, "percent_covered": 100.0, "percent_covered_display": "100.00", "missing_lines": 0, "excluded_lines": 0, "num_branches": 2, "num_partial_branches": 0, "covered_branches": 2, "missing_branches": 0}, "missing_lines": [], "excluded_lines": [], "executed_branches": [[141, 142], [141, 143]], "missing_branches": []}, "current_user": {"executed_lines": [147, 148, 149, 150, 151, 152], "summary": {"covered_lines": 6, "num_statements": 10, "percent_covered": 56.25, "percent_covered_display": "56.25", "missing_lines": 4, "excluded_lines": 0, "num_branches": 6, "num_partial_branches": 1, "covered_branches": 3, "missing_branches": 3}, "missing_lines": [153, 154, 155, 156], "excluded_lines": [], "executed_branches": [[148, 149], [148, 150], [151, 152]], "missing_branches": [[151, 153], [154, 155], [154, 156]]}, "": {"executed_lines": [1, 10, 12, 14, 16, 22, 23, 25, 26, 31, 35, 40, 58, 63, 103, 110, 117, 134, 138, 146], "summary": {"covered_lines": 19, "num_statements": 19, "percent_covered": 100.0, "percent_covered_display": "100.00", "missing_lines": 0, "excluded_lines": 0, "num_branches": 0, "num_partial_branches": 0, "covered_branches": 0, "missing_branches": 0}, "missing_lines": [], "excluded_lines": [], "executed_branches": [], "missing_branches": []}}, "classes": {"": {"executed_lines": [1, 10, 12, 14, 16, 22, 23, 25, 26, 31, 32, 35, 36, 37, 40, 42, 43, 44, 46, 47, 48, 49, 51, 52, 54, 55, 58, 60, 63, 65, 66, 67, 68, 70, 71, 72, 79, 80, 81, 83, 84, 86, 87, 88, 89, 91, 92, 96, 98, 99, 100, 103, 105, 107, 110, 112, 114, 117, 119, 120, 122, 123, 124, 125, 126, 128, 129, 130, 131, 134, 135, 138, 140, 141, 142, 143, 146, 147, 148, 149, 150, 151, 152], "summary": {"covered_lines": 82, "num_statements": 87, "percent_covered": 91.58878504672897, "percent_covered_display": "91.59", "missing_lines": 5, "excluded_lines": 0, "num_branches": 20, "num_partial_branches": 2, "covered_branches": 16, "missing_branches": 4}, "missing_lines": [85, 153, 154, 155, 156], "excluded_lines": [], "executed_branches": [[43, 44], [43, 46], [51, 52], [51, 54], [71, 72], [71, 83], [84, 86], [92, 96], [92, 98], [119, 120], [119, 122], [141, 142], [141, 143], [148, 149], [148, 150], [151, 152]], "missing_branches": [[84, 85], [151, 153], [154, 155], [154, 156]]}}}}, "totals": {"covered_lines": 3137, "num_statements": 3674, "percent_covered": 81.57676348547717, "percent_covered_display": "81.58", "missing_lines": 537, "excluded_lines": 0, "num_branches": 1146, "num_partial_branches": 237, "covered_branches": 795, "missing_branches": 351}}